[ 2015-09-26T19:28:04+08:00 ] 127.0.0.1 /lvyou/
NOTIC: [8] Use of undefined constant UID - assumed 'UID' D:\wamp\www\lvyou\Lvyou\Home\Controller\HomeController.class.php 第 30 行.
SQL: SHOW COLUMNS FROM `ly_nav` [ RunTime:0.005170s ]
SQL: SELECT * FROM `ly_nav` ORDER BY sort ASC LIMIT 9   [ RunTime:0.008122s ]
SQL: SHOW COLUMNS FROM `ly_friendlink` [ RunTime:0.005252s ]
SQL: SELECT * FROM `ly_friendlink` WHERE ( `state` = 1 ) ORDER BY sort ASC LIMIT 9   [ RunTime:0.000264s ]
SQL: SHOW COLUMNS FROM `ly_category` [ RunTime:0.018217s ]
SQL: SELECT * FROM `ly_category` WHERE ( `status` = 1 ) AND ( `type` = 2 ) ORDER BY `sort` DESC,cate_id DESC LIMIT 8   [ RunTime:0.000251s ]
ERR: 1054:Unknown column 'cate_id' in 'order clause'
 [ SQL语句 ] : SELECT * FROM `ly_category` WHERE ( `status` = 1 ) AND ( `type` = 2 ) ORDER BY `sort` DESC,cate_id DESC LIMIT 8  
NOTIC: [2] Invalid argument supplied for foreach() D:\wamp\www\lvyou\Lvyou\Home\Controller\HomeController.class.php 第 133 行.
NOTIC: [8] Undefined variable: article D:\wamp\www\lvyou\Lvyou\Home\Controller\HomeController.class.php 第 138 行.
SQL: SHOW COLUMNS FROM `ly_search_keyword` [ RunTime:0.004004s ]
SQL: SELECT * FROM `ly_search_keyword` WHERE ( `isshow` = 1 ) ORDER BY times desc  [ RunTime:0.000315s ]
SQL: SHOW COLUMNS FROM `ly_support` [ RunTime:0.004558s ]
SQL: SELECT * FROM `ly_support` WHERE ( `status` = 1 ) ORDER BY sort desc  [ RunTime:0.000234s ]
SQL: SHOW COLUMNS FROM `ly_banner` [ RunTime:0.003965s ]
SQL: SELECT * FROM `ly_banner` WHERE ( `status` = 1 ) ORDER BY `sort` ASC  [ RunTime:0.001373s ]
SQL: SHOW COLUMNS FROM `ly_ad` [ RunTime:0.003741s ]
ERR: 1146:Table 'lvyou.ly_ad' doesn't exist
 [ SQL语句 ] : SHOW COLUMNS FROM `ly_ad`
SQL: SELECT * FROM `ly_ad` WHERE ( `state` = 1 ) ORDER BY `order` DESC  [ RunTime:0.000311s ]
ERR: 1146:Table 'lvyou.ly_ad' doesn't exist
 [ SQL语句 ] : SELECT * FROM `ly_ad` WHERE ( `state` = 1 ) ORDER BY `order` DESC 
NOTIC: [2] Invalid argument supplied for foreach() D:\wamp\www\lvyou\Lvyou\Home\Controller\IndexController.class.php 第 30 行.
SQL: SHOW COLUMNS FROM `ly_category_goods` [ RunTime:0.005005s ]
SQL: SELECT * FROM `ly_category_goods` WHERE ( `status` = 1 ) AND ( `is_home` = 1 ) AND ( `p_id` = 0 ) ORDER BY sort ASC  [ RunTime:0.000367s ]
SQL: SHOW COLUMNS FROM `ly_goods` [ RunTime:0.005058s ]
SQL: SELECT `id`,`category_name`,`is_home` FROM `ly_category_goods` WHERE ( `status` = 1 ) AND ( `p_id` = 10 )  [ RunTime:0.000301s ]
SQL: SELECT * FROM `ly_goods` WHERE ( status = 1 and cate_id in (10,11,12) ) ORDER BY `sort` DESC,goods_id DESC LIMIT 8   [ RunTime:0.000807s ]
SQL: SELECT `id`,`category_name`,`is_home` FROM `ly_category_goods` WHERE ( `status` = 1 ) AND ( `p_id` = 2 )  [ RunTime:0.000995s ]
NOTIC: [2] Invalid argument supplied for foreach() D:\wamp\www\lvyou\Lvyou\Home\Controller\IndexController.class.php 第 51 行.
SQL: SELECT * FROM `ly_goods` WHERE ( status = 1 and cate_id in (2) ) ORDER BY `sort` DESC,goods_id DESC LIMIT 4   [ RunTime:0.000498s ]
SQL: SHOW COLUMNS FROM `ly_category` [ RunTime:0.005940s ]
SQL: SELECT * FROM `ly_category` WHERE ( `status` = 1 ) ORDER BY sort  [ RunTime:0.000374s ]
SQL: SHOW COLUMNS FROM `ly_document` [ RunTime:0.005684s ]
SQL: SELECT * FROM `ly_document` WHERE ( `status` = 1 ) AND ( `category_id` = 1 ) LIMIT 10   [ RunTime:0.000262s ]
SQL: SELECT * FROM `ly_document` WHERE ( `status` = 1 ) AND ( `category_id` = 2 ) LIMIT 10   [ RunTime:0.000226s ]
SQL: SELECT * FROM `ly_document` WHERE ( `status` = 1 ) AND ( `category_id` = 39 ) LIMIT 10   [ RunTime:0.000256s ]
SQL: SHOW COLUMNS FROM `ly_page` [ RunTime:0.005808s ]
SQL: SELECT * FROM `ly_page` WHERE ( `status` = 1 ) AND ( `ishome` = 1 ) ORDER BY sort  [ RunTime:0.000910s ]
SQL: SHOW COLUMNS FROM `ly_category_goods` [ RunTime:0.004560s ]
SQL: SELECT * FROM `ly_category_goods` WHERE ( `p_id` = 0 ) AND ( `status` = 1 ) ORDER BY sort ASC  [ RunTime:0.000306s ]
SQL: SELECT * FROM `ly_category_goods` WHERE ( `p_id` = 1 ) AND ( `status` = 1 ) ORDER BY sort ASC  [ RunTime:0.000294s ]
NOTIC: [2] Invalid argument supplied for foreach() D:\wamp\www\lvyou\Lvyou\Home\Model\CategoryGoodsModel.class.php 第 51 行.
SQL: SELECT * FROM `ly_category_goods` WHERE ( `p_id` = 3 ) AND ( `status` = 1 ) ORDER BY sort ASC  [ RunTime:0.000247s ]
NOTIC: [2] Invalid argument supplied for foreach() D:\wamp\www\lvyou\Lvyou\Home\Model\CategoryGoodsModel.class.php 第 51 行.
SQL: SELECT * FROM `ly_category_goods` WHERE ( `p_id` = 4 ) AND ( `status` = 1 ) ORDER BY sort ASC  [ RunTime:0.000274s ]
SQL: SELECT * FROM `ly_category_goods` WHERE ( `p_id` = 9 ) AND ( `status` = 1 ) ORDER BY sort ASC  [ RunTime:0.000219s ]
NOTIC: [2] Invalid argument supplied for foreach() D:\wamp\www\lvyou\Lvyou\Home\Model\CategoryGoodsModel.class.php 第 51 行.
SQL: SELECT * FROM `ly_category_goods` WHERE ( `p_id` = 10 ) AND ( `status` = 1 ) ORDER BY sort ASC  [ RunTime:0.000263s ]
SQL: SELECT * FROM `ly_category_goods` WHERE ( `p_id` = 11 ) AND ( `status` = 1 ) ORDER BY sort ASC  [ RunTime:0.000233s ]
NOTIC: [2] Invalid argument supplied for foreach() D:\wamp\www\lvyou\Lvyou\Home\Model\CategoryGoodsModel.class.php 第 51 行.
SQL: SELECT * FROM `ly_category_goods` WHERE ( `p_id` = 12 ) AND ( `status` = 1 ) ORDER BY sort ASC  [ RunTime:0.000225s ]
SQL: SELECT * FROM `ly_category_goods` WHERE ( `p_id` = 13 ) AND ( `status` = 1 ) ORDER BY sort ASC  [ RunTime:0.000219s ]
NOTIC: [2] Invalid argument supplied for foreach() D:\wamp\www\lvyou\Lvyou\Home\Model\CategoryGoodsModel.class.php 第 51 行.
SQL: SELECT * FROM `ly_category_goods` WHERE ( `p_id` = 2 ) AND ( `status` = 1 ) ORDER BY sort ASC  [ RunTime:0.000235s ]
NOTIC: [2] Invalid argument supplied for foreach() D:\wamp\www\lvyou\Lvyou\Home\Model\CategoryGoodsModel.class.php 第 51 行.
SQL: SHOW COLUMNS FROM `ly_orders` [ RunTime:0.005697s ]
SQL: SELECT * FROM `ly_orders` ORDER BY createtime DESC LIMIT 12   [ RunTime:0.000278s ]
INFO: [ view_parse ] --START--
INFO: [ template_filter ] --START--
INFO: Run Behavior\ContentReplace [ RunTime:0.000860s ]
INFO: [ template_filter ] --END-- [ RunTime:0.000960s ]
NOTIC: [8] Undefined variable: nav_url D:\wamp\www\lvyou\Runtime\Cache\Home\60f417c5b5cfe4e19dc86fca446bfc2f.php 第 49 行.
NOTIC: [8] Undefined index: category_child D:\wamp\www\lvyou\Runtime\Cache\Home\60f417c5b5cfe4e19dc86fca446bfc2f.php 第 446 行.
NOTIC: [8] Undefined variable: articleSort D:\wamp\www\lvyou\Runtime\Cache\Home\60f417c5b5cfe4e19dc86fca446bfc2f.php 第 544 行.
NOTIC: [8] Undefined variable: articleSort D:\wamp\www\lvyou\Runtime\Cache\Home\60f417c5b5cfe4e19dc86fca446bfc2f.php 第 545 行.
NOTIC: [8] Undefined variable: articleSort D:\wamp\www\lvyou\Runtime\Cache\Home\60f417c5b5cfe4e19dc86fca446bfc2f.php 第 549 行.
NOTIC: [8] Undefined variable: articleSort D:\wamp\www\lvyou\Runtime\Cache\Home\60f417c5b5cfe4e19dc86fca446bfc2f.php 第 550 行.
NOTIC: [8] Undefined variable: articleSort D:\wamp\www\lvyou\Runtime\Cache\Home\60f417c5b5cfe4e19dc86fca446bfc2f.php 第 554 行.
NOTIC: [8] Undefined variable: articleSort D:\wamp\www\lvyou\Runtime\Cache\Home\60f417c5b5cfe4e19dc86fca446bfc2f.php 第 555 行.
NOTIC: [8] Undefined variable: articleSort D:\wamp\www\lvyou\Runtime\Cache\Home\60f417c5b5cfe4e19dc86fca446bfc2f.php 第 559 行.
NOTIC: [8] Undefined variable: articleSort D:\wamp\www\lvyou\Runtime\Cache\Home\60f417c5b5cfe4e19dc86fca446bfc2f.php 第 560 行.
INFO: Run Behavior\ParseTemplate [ RunTime:0.084567s ]
INFO: [ view_parse ] --END-- [ RunTime:0.084677s ]
INFO: [ view_filter ] --START--
INFO: Run Behavior\WriteHtmlCache [ RunTime:0.002368s ]
INFO: [ view_filter ] --END-- [ RunTime:0.002454s ]
INFO: [ app_end ] --START--
INFO: Run Behavior\ShowPageTrace [ RunTime:0.002880s ]
INFO: [ app_end ] --END-- [ RunTime:0.002975s ]

[ 2015-09-26T19:31:18+08:00 ] 127.0.0.1 /lvyou/
NOTIC: [8] Use of undefined constant UID - assumed 'UID' D:\wamp\www\lvyou\Lvyou\Home\Controller\HomeController.class.php 第 30 行.
SQL: SHOW COLUMNS FROM `ly_nav` [ RunTime:0.004002s ]
SQL: SELECT * FROM `ly_nav` ORDER BY sort ASC LIMIT 9   [ RunTime:0.000316s ]
SQL: SHOW COLUMNS FROM `ly_friendlink` [ RunTime:0.004267s ]
SQL: SELECT * FROM `ly_friendlink` WHERE ( `state` = 1 ) ORDER BY sort ASC LIMIT 9   [ RunTime:0.000250s ]
SQL: SHOW COLUMNS FROM `ly_category` [ RunTime:0.004779s ]
SQL: SELECT * FROM `ly_category` WHERE ( `status` = 1 ) AND ( `type` = 2 ) ORDER BY `sort` DESC,cate_id DESC LIMIT 8   [ RunTime:0.000367s ]
ERR: 1054:Unknown column 'cate_id' in 'order clause'
 [ SQL语句 ] : SELECT * FROM `ly_category` WHERE ( `status` = 1 ) AND ( `type` = 2 ) ORDER BY `sort` DESC,cate_id DESC LIMIT 8  
NOTIC: [2] Invalid argument supplied for foreach() D:\wamp\www\lvyou\Lvyou\Home\Controller\HomeController.class.php 第 133 行.
NOTIC: [8] Undefined variable: article D:\wamp\www\lvyou\Lvyou\Home\Controller\HomeController.class.php 第 138 行.
SQL: SHOW COLUMNS FROM `ly_search_keyword` [ RunTime:0.003966s ]
SQL: SELECT * FROM `ly_search_keyword` WHERE ( `isshow` = 1 ) ORDER BY times desc  [ RunTime:0.000265s ]
SQL: SHOW COLUMNS FROM `ly_support` [ RunTime:0.003953s ]
SQL: SELECT * FROM `ly_support` WHERE ( `status` = 1 ) ORDER BY sort desc  [ RunTime:0.000370s ]
SQL: SHOW COLUMNS FROM `ly_banner` [ RunTime:0.004204s ]
SQL: SELECT * FROM `ly_banner` WHERE ( `status` = 1 ) ORDER BY `sort` ASC  [ RunTime:0.000314s ]
SQL: SHOW COLUMNS FROM `ly_ad` [ RunTime:0.003244s ]
ERR: 1146:Table 'lvyou.ly_ad' doesn't exist
 [ SQL语句 ] : SHOW COLUMNS FROM `ly_ad`
SQL: SELECT * FROM `ly_ad` WHERE ( `state` = 1 ) ORDER BY `order` DESC  [ RunTime:0.000292s ]
ERR: 1146:Table 'lvyou.ly_ad' doesn't exist
 [ SQL语句 ] : SELECT * FROM `ly_ad` WHERE ( `state` = 1 ) ORDER BY `order` DESC 
NOTIC: [2] Invalid argument supplied for foreach() D:\wamp\www\lvyou\Lvyou\Home\Controller\IndexController.class.php 第 30 行.
SQL: SHOW COLUMNS FROM `ly_category_goods` [ RunTime:0.003740s ]
SQL: SELECT * FROM `ly_category_goods` WHERE ( `status` = 1 ) AND ( `is_home` = 1 ) AND ( `p_id` = 0 ) ORDER BY sort ASC  [ RunTime:0.000367s ]
SQL: SHOW COLUMNS FROM `ly_goods` [ RunTime:0.005360s ]
SQL: SELECT `id`,`category_name`,`is_home` FROM `ly_category_goods` WHERE ( `status` = 1 ) AND ( `p_id` = 10 )  [ RunTime:0.000287s ]
SQL: SELECT * FROM `ly_goods` WHERE ( status = 1 and cate_id in (10,11,12) ) ORDER BY `sort` DESC,goods_id DESC LIMIT 8   [ RunTime:0.000991s ]
SQL: SELECT `id`,`category_name`,`is_home` FROM `ly_category_goods` WHERE ( `status` = 1 ) AND ( `p_id` = 2 )  [ RunTime:0.000389s ]
NOTIC: [2] Invalid argument supplied for foreach() D:\wamp\www\lvyou\Lvyou\Home\Controller\IndexController.class.php 第 51 行.
SQL: SELECT * FROM `ly_goods` WHERE ( status = 1 and cate_id in (2) ) ORDER BY `sort` DESC,goods_id DESC LIMIT 4   [ RunTime:0.000859s ]
SQL: SHOW COLUMNS FROM `ly_category` [ RunTime:0.004663s ]
SQL: SELECT * FROM `ly_category` WHERE ( `status` = 1 ) ORDER BY sort  [ RunTime:0.000319s ]
SQL: SHOW COLUMNS FROM `ly_document` [ RunTime:0.004756s ]
SQL: SELECT * FROM `ly_document` WHERE ( `status` = 1 ) AND ( `category_id` = 1 ) LIMIT 10   [ RunTime:0.000254s ]
SQL: SELECT * FROM `ly_document` WHERE ( `status` = 1 ) AND ( `category_id` = 2 ) LIMIT 10   [ RunTime:0.000196s ]
SQL: SELECT * FROM `ly_document` WHERE ( `status` = 1 ) AND ( `category_id` = 39 ) LIMIT 10   [ RunTime:0.000183s ]
SQL: SHOW COLUMNS FROM `ly_page` [ RunTime:0.003795s ]
SQL: SELECT * FROM `ly_page` WHERE ( `status` = 1 ) AND ( `ishome` = 1 ) ORDER BY sort  [ RunTime:0.000285s ]
SQL: SHOW COLUMNS FROM `ly_category_goods` [ RunTime:0.003856s ]
SQL: SELECT * FROM `ly_category_goods` WHERE ( `p_id` = 0 ) AND ( `status` = 1 ) ORDER BY sort ASC  [ RunTime:0.000291s ]
SQL: SELECT * FROM `ly_category_goods` WHERE ( `p_id` = 1 ) AND ( `status` = 1 ) ORDER BY sort ASC  [ RunTime:0.000201s ]
NOTIC: [2] Invalid argument supplied for foreach() D:\wamp\www\lvyou\Lvyou\Home\Model\CategoryGoodsModel.class.php 第 51 行.
SQL: SELECT * FROM `ly_category_goods` WHERE ( `p_id` = 3 ) AND ( `status` = 1 ) ORDER BY sort ASC  [ RunTime:0.000200s ]
NOTIC: [2] Invalid argument supplied for foreach() D:\wamp\www\lvyou\Lvyou\Home\Model\CategoryGoodsModel.class.php 第 51 行.
SQL: SELECT * FROM `ly_category_goods` WHERE ( `p_id` = 4 ) AND ( `status` = 1 ) ORDER BY sort ASC  [ RunTime:0.000411s ]
SQL: SELECT * FROM `ly_category_goods` WHERE ( `p_id` = 9 ) AND ( `status` = 1 ) ORDER BY sort ASC  [ RunTime:0.000200s ]
NOTIC: [2] Invalid argument supplied for foreach() D:\wamp\www\lvyou\Lvyou\Home\Model\CategoryGoodsModel.class.php 第 51 行.
SQL: SELECT * FROM `ly_category_goods` WHERE ( `p_id` = 10 ) AND ( `status` = 1 ) ORDER BY sort ASC  [ RunTime:0.000205s ]
SQL: SELECT * FROM `ly_category_goods` WHERE ( `p_id` = 11 ) AND ( `status` = 1 ) ORDER BY sort ASC  [ RunTime:0.000187s ]
NOTIC: [2] Invalid argument supplied for foreach() D:\wamp\www\lvyou\Lvyou\Home\Model\CategoryGoodsModel.class.php 第 51 行.
SQL: SELECT * FROM `ly_category_goods` WHERE ( `p_id` = 12 ) AND ( `status` = 1 ) ORDER BY sort ASC  [ RunTime:0.000191s ]
SQL: SELECT * FROM `ly_category_goods` WHERE ( `p_id` = 13 ) AND ( `status` = 1 ) ORDER BY sort ASC  [ RunTime:0.000185s ]
NOTIC: [2] Invalid argument supplied for foreach() D:\wamp\www\lvyou\Lvyou\Home\Model\CategoryGoodsModel.class.php 第 51 行.
SQL: SELECT * FROM `ly_category_goods` WHERE ( `p_id` = 2 ) AND ( `status` = 1 ) ORDER BY sort ASC  [ RunTime:0.000191s ]
NOTIC: [2] Invalid argument supplied for foreach() D:\wamp\www\lvyou\Lvyou\Home\Model\CategoryGoodsModel.class.php 第 51 行.
SQL: SHOW COLUMNS FROM `ly_orders` [ RunTime:0.005238s ]
SQL: SELECT * FROM `ly_orders` ORDER BY createtime DESC LIMIT 12   [ RunTime:0.000357s ]
INFO: [ view_parse ] --START--
INFO: [ template_filter ] --START--
INFO: Run Behavior\ContentReplace [ RunTime:0.000832s ]
INFO: [ template_filter ] --END-- [ RunTime:0.000934s ]
NOTIC: [8] Undefined variable: nav_url D:\wamp\www\lvyou\Runtime\Cache\Home\60f417c5b5cfe4e19dc86fca446bfc2f.php 第 49 行.
NOTIC: [8] Undefined index: category_child D:\wamp\www\lvyou\Runtime\Cache\Home\60f417c5b5cfe4e19dc86fca446bfc2f.php 第 446 行.
NOTIC: [8] Undefined variable: articleSort D:\wamp\www\lvyou\Runtime\Cache\Home\60f417c5b5cfe4e19dc86fca446bfc2f.php 第 544 行.
NOTIC: [8] Undefined variable: articleSort D:\wamp\www\lvyou\Runtime\Cache\Home\60f417c5b5cfe4e19dc86fca446bfc2f.php 第 545 行.
NOTIC: [8] Undefined variable: articleSort D:\wamp\www\lvyou\Runtime\Cache\Home\60f417c5b5cfe4e19dc86fca446bfc2f.php 第 549 行.
NOTIC: [8] Undefined variable: articleSort D:\wamp\www\lvyou\Runtime\Cache\Home\60f417c5b5cfe4e19dc86fca446bfc2f.php 第 550 行.
NOTIC: [8] Undefined variable: articleSort D:\wamp\www\lvyou\Runtime\Cache\Home\60f417c5b5cfe4e19dc86fca446bfc2f.php 第 554 行.
NOTIC: [8] Undefined variable: articleSort D:\wamp\www\lvyou\Runtime\Cache\Home\60f417c5b5cfe4e19dc86fca446bfc2f.php 第 555 行.
NOTIC: [8] Undefined variable: articleSort D:\wamp\www\lvyou\Runtime\Cache\Home\60f417c5b5cfe4e19dc86fca446bfc2f.php 第 559 行.
NOTIC: [8] Undefined variable: articleSort D:\wamp\www\lvyou\Runtime\Cache\Home\60f417c5b5cfe4e19dc86fca446bfc2f.php 第 560 行.
INFO: Run Behavior\ParseTemplate [ RunTime:0.055483s ]
INFO: [ view_parse ] --END-- [ RunTime:0.055577s ]
INFO: [ view_filter ] --START--
INFO: Run Behavior\WriteHtmlCache [ RunTime:0.000722s ]
INFO: [ view_filter ] --END-- [ RunTime:0.000796s ]
INFO: [ app_end ] --START--
INFO: Run Behavior\ShowPageTrace [ RunTime:0.000842s ]
INFO: [ app_end ] --END-- [ RunTime:0.000917s ]

[ 2015-09-26T19:31:33+08:00 ] 127.0.0.1 /lvyou/
NOTIC: [8] Use of undefined constant UID - assumed 'UID' D:\wamp\www\lvyou\Lvyou\Home\Controller\HomeController.class.php 第 30 行.
SQL: SHOW COLUMNS FROM `ly_nav` [ RunTime:0.005634s ]
SQL: SELECT * FROM `ly_nav` ORDER BY sort ASC LIMIT 9   [ RunTime:0.000297s ]
SQL: SHOW COLUMNS FROM `ly_friendlink` [ RunTime:0.004314s ]
SQL: SELECT * FROM `ly_friendlink` WHERE ( `state` = 1 ) ORDER BY sort ASC LIMIT 9   [ RunTime:0.000322s ]
SQL: SHOW COLUMNS FROM `ly_category` [ RunTime:0.004706s ]
SQL: SELECT * FROM `ly_category` WHERE ( `status` = 1 ) AND ( `type` = 2 ) ORDER BY `sort` DESC,cate_id DESC LIMIT 8   [ RunTime:0.000268s ]
ERR: 1054:Unknown column 'cate_id' in 'order clause'
 [ SQL语句 ] : SELECT * FROM `ly_category` WHERE ( `status` = 1 ) AND ( `type` = 2 ) ORDER BY `sort` DESC,cate_id DESC LIMIT 8  
NOTIC: [2] Invalid argument supplied for foreach() D:\wamp\www\lvyou\Lvyou\Home\Controller\HomeController.class.php 第 133 行.
NOTIC: [8] Undefined variable: article D:\wamp\www\lvyou\Lvyou\Home\Controller\HomeController.class.php 第 138 行.
SQL: SHOW COLUMNS FROM `ly_search_keyword` [ RunTime:0.004690s ]
SQL: SELECT * FROM `ly_search_keyword` WHERE ( `isshow` = 1 ) ORDER BY times desc  [ RunTime:0.000281s ]
SQL: SHOW COLUMNS FROM `ly_support` [ RunTime:0.004463s ]
SQL: SELECT * FROM `ly_support` WHERE ( `status` = 1 ) ORDER BY sort desc  [ RunTime:0.000223s ]
SQL: SHOW COLUMNS FROM `ly_banner` [ RunTime:0.004497s ]
SQL: SELECT * FROM `ly_banner` WHERE ( `status` = 1 ) ORDER BY `sort` ASC  [ RunTime:0.000334s ]
SQL: SHOW COLUMNS FROM `ly_ad` [ RunTime:0.005048s ]
ERR: 1146:Table 'lvyou.ly_ad' doesn't exist
 [ SQL语句 ] : SHOW COLUMNS FROM `ly_ad`
SQL: SELECT * FROM `ly_ad` WHERE ( `state` = 1 ) ORDER BY `order` DESC  [ RunTime:0.000289s ]
ERR: 1146:Table 'lvyou.ly_ad' doesn't exist
 [ SQL语句 ] : SELECT * FROM `ly_ad` WHERE ( `state` = 1 ) ORDER BY `order` DESC 
NOTIC: [2] Invalid argument supplied for foreach() D:\wamp\www\lvyou\Lvyou\Home\Controller\IndexController.class.php 第 30 行.
SQL: SHOW COLUMNS FROM `ly_category_goods` [ RunTime:0.004304s ]
SQL: SELECT * FROM `ly_category_goods` WHERE ( `status` = 1 ) AND ( `is_home` = 1 ) AND ( `p_id` = 0 ) ORDER BY sort ASC  [ RunTime:0.000359s ]
SQL: SHOW COLUMNS FROM `ly_goods` [ RunTime:0.007325s ]
SQL: SELECT `id`,`category_name`,`is_home` FROM `ly_category_goods` WHERE ( `status` = 1 ) AND ( `p_id` = 10 )  [ RunTime:0.000293s ]
SQL: SELECT * FROM `ly_goods` WHERE ( status = 1 and cate_id in (10,11,12) ) ORDER BY `sort` DESC,goods_id DESC LIMIT 8   [ RunTime:0.000631s ]
SQL: SELECT `id`,`category_name`,`is_home` FROM `ly_category_goods` WHERE ( `status` = 1 ) AND ( `p_id` = 2 )  [ RunTime:0.000233s ]
NOTIC: [2] Invalid argument supplied for foreach() D:\wamp\www\lvyou\Lvyou\Home\Controller\IndexController.class.php 第 51 行.
SQL: SELECT * FROM `ly_goods` WHERE ( status = 1 and cate_id in (2) ) ORDER BY `sort` DESC,goods_id DESC LIMIT 4   [ RunTime:0.000770s ]
SQL: SHOW COLUMNS FROM `ly_category` [ RunTime:0.006438s ]
SQL: SELECT * FROM `ly_category` WHERE ( `status` = 1 ) ORDER BY sort  [ RunTime:0.000364s ]
SQL: SHOW COLUMNS FROM `ly_document` [ RunTime:0.005712s ]
SQL: SELECT * FROM `ly_document` WHERE ( `status` = 1 ) AND ( `category_id` = 1 ) LIMIT 10   [ RunTime:0.000271s ]
SQL: SELECT * FROM `ly_document` WHERE ( `status` = 1 ) AND ( `category_id` = 2 ) LIMIT 10   [ RunTime:0.000255s ]
SQL: SELECT * FROM `ly_document` WHERE ( `status` = 1 ) AND ( `category_id` = 39 ) LIMIT 10   [ RunTime:0.000242s ]
SQL: SHOW COLUMNS FROM `ly_page` [ RunTime:0.004669s ]
SQL: SELECT * FROM `ly_page` WHERE ( `status` = 1 ) AND ( `ishome` = 1 ) ORDER BY sort  [ RunTime:0.000275s ]
SQL: SHOW COLUMNS FROM `ly_category_goods` [ RunTime:0.004377s ]
SQL: SELECT * FROM `ly_category_goods` WHERE ( `p_id` = 0 ) AND ( `status` = 1 ) ORDER BY sort ASC  [ RunTime:0.000318s ]
SQL: SELECT * FROM `ly_category_goods` WHERE ( `p_id` = 1 ) AND ( `status` = 1 ) ORDER BY sort ASC  [ RunTime:0.000228s ]
NOTIC: [2] Invalid argument supplied for foreach() D:\wamp\www\lvyou\Lvyou\Home\Model\CategoryGoodsModel.class.php 第 51 行.
SQL: SELECT * FROM `ly_category_goods` WHERE ( `p_id` = 3 ) AND ( `status` = 1 ) ORDER BY sort ASC  [ RunTime:0.000211s ]
NOTIC: [2] Invalid argument supplied for foreach() D:\wamp\www\lvyou\Lvyou\Home\Model\CategoryGoodsModel.class.php 第 51 行.
SQL: SELECT * FROM `ly_category_goods` WHERE ( `p_id` = 4 ) AND ( `status` = 1 ) ORDER BY sort ASC  [ RunTime:0.000213s ]
SQL: SELECT * FROM `ly_category_goods` WHERE ( `p_id` = 9 ) AND ( `status` = 1 ) ORDER BY sort ASC  [ RunTime:0.000234s ]
NOTIC: [2] Invalid argument supplied for foreach() D:\wamp\www\lvyou\Lvyou\Home\Model\CategoryGoodsModel.class.php 第 51 行.
SQL: SELECT * FROM `ly_category_goods` WHERE ( `p_id` = 10 ) AND ( `status` = 1 ) ORDER BY sort ASC  [ RunTime:0.000242s ]
SQL: SELECT * FROM `ly_category_goods` WHERE ( `p_id` = 11 ) AND ( `status` = 1 ) ORDER BY sort ASC  [ RunTime:0.000214s ]
NOTIC: [2] Invalid argument supplied for foreach() D:\wamp\www\lvyou\Lvyou\Home\Model\CategoryGoodsModel.class.php 第 51 行.
SQL: SELECT * FROM `ly_category_goods` WHERE ( `p_id` = 12 ) AND ( `status` = 1 ) ORDER BY sort ASC  [ RunTime:0.000224s ]
SQL: SELECT * FROM `ly_category_goods` WHERE ( `p_id` = 13 ) AND ( `status` = 1 ) ORDER BY sort ASC  [ RunTime:0.000208s ]
NOTIC: [2] Invalid argument supplied for foreach() D:\wamp\www\lvyou\Lvyou\Home\Model\CategoryGoodsModel.class.php 第 51 行.
SQL: SELECT * FROM `ly_category_goods` WHERE ( `p_id` = 2 ) AND ( `status` = 1 ) ORDER BY sort ASC  [ RunTime:0.000200s ]
NOTIC: [2] Invalid argument supplied for foreach() D:\wamp\www\lvyou\Lvyou\Home\Model\CategoryGoodsModel.class.php 第 51 行.
SQL: SHOW COLUMNS FROM `ly_orders` [ RunTime:0.004564s ]
SQL: SELECT * FROM `ly_orders` ORDER BY createtime DESC LIMIT 12   [ RunTime:0.000234s ]
INFO: [ view_parse ] --START--
INFO: [ template_filter ] --START--
INFO: Run Behavior\ContentReplace [ RunTime:0.000869s ]
INFO: [ template_filter ] --END-- [ RunTime:0.000972s ]
NOTIC: [8] Undefined variable: nav_url D:\wamp\www\lvyou\Runtime\Cache\Home\60f417c5b5cfe4e19dc86fca446bfc2f.php 第 49 行.
NOTIC: [8] Undefined index: category_child D:\wamp\www\lvyou\Runtime\Cache\Home\60f417c5b5cfe4e19dc86fca446bfc2f.php 第 446 行.
NOTIC: [8] Undefined variable: articleSort D:\wamp\www\lvyou\Runtime\Cache\Home\60f417c5b5cfe4e19dc86fca446bfc2f.php 第 544 行.
NOTIC: [8] Undefined variable: articleSort D:\wamp\www\lvyou\Runtime\Cache\Home\60f417c5b5cfe4e19dc86fca446bfc2f.php 第 545 行.
NOTIC: [8] Undefined variable: articleSort D:\wamp\www\lvyou\Runtime\Cache\Home\60f417c5b5cfe4e19dc86fca446bfc2f.php 第 549 行.
NOTIC: [8] Undefined variable: articleSort D:\wamp\www\lvyou\Runtime\Cache\Home\60f417c5b5cfe4e19dc86fca446bfc2f.php 第 550 行.
NOTIC: [8] Undefined variable: articleSort D:\wamp\www\lvyou\Runtime\Cache\Home\60f417c5b5cfe4e19dc86fca446bfc2f.php 第 554 行.
NOTIC: [8] Undefined variable: articleSort D:\wamp\www\lvyou\Runtime\Cache\Home\60f417c5b5cfe4e19dc86fca446bfc2f.php 第 555 行.
NOTIC: [8] Undefined variable: articleSort D:\wamp\www\lvyou\Runtime\Cache\Home\60f417c5b5cfe4e19dc86fca446bfc2f.php 第 559 行.
NOTIC: [8] Undefined variable: articleSort D:\wamp\www\lvyou\Runtime\Cache\Home\60f417c5b5cfe4e19dc86fca446bfc2f.php 第 560 行.
INFO: Run Behavior\ParseTemplate [ RunTime:0.060282s ]
INFO: [ view_parse ] --END-- [ RunTime:0.060371s ]
INFO: [ view_filter ] --START--
INFO: Run Behavior\WriteHtmlCache [ RunTime:0.000626s ]
INFO: [ view_filter ] --END-- [ RunTime:0.000699s ]
INFO: [ app_end ] --START--
INFO: Run Behavior\ShowPageTrace [ RunTime:0.000864s ]
INFO: [ app_end ] --END-- [ RunTime:0.000968s ]

[ 2015-09-26T20:36:23+08:00 ] 127.0.0.1 /lvyou/
NOTIC: [8] Use of undefined constant UID - assumed 'UID' D:\wamp\www\lvyou\Lvyou\Home\Controller\HomeController.class.php 第 30 行.
SQL: SHOW COLUMNS FROM `ly_nav` [ RunTime:0.005038s ]
SQL: SELECT * FROM `ly_nav` ORDER BY sort ASC LIMIT 9   [ RunTime:0.000309s ]
SQL: SHOW COLUMNS FROM `ly_friendlink` [ RunTime:0.004508s ]
SQL: SELECT * FROM `ly_friendlink` WHERE ( `state` = 1 ) ORDER BY sort ASC LIMIT 9   [ RunTime:0.000412s ]
SQL: SHOW COLUMNS FROM `ly_category` [ RunTime:0.006445s ]
SQL: SELECT * FROM `ly_category` WHERE ( `status` = 1 ) AND ( `type` = 2 ) ORDER BY `sort` DESC,cate_id DESC LIMIT 8   [ RunTime:0.000239s ]
ERR: 1054:Unknown column 'cate_id' in 'order clause'
 [ SQL语句 ] : SELECT * FROM `ly_category` WHERE ( `status` = 1 ) AND ( `type` = 2 ) ORDER BY `sort` DESC,cate_id DESC LIMIT 8  
NOTIC: [2] Invalid argument supplied for foreach() D:\wamp\www\lvyou\Lvyou\Home\Controller\HomeController.class.php 第 133 行.
NOTIC: [8] Undefined variable: article D:\wamp\www\lvyou\Lvyou\Home\Controller\HomeController.class.php 第 138 行.
SQL: SHOW COLUMNS FROM `ly_search_keyword` [ RunTime:0.004347s ]
SQL: SELECT * FROM `ly_search_keyword` WHERE ( `isshow` = 1 ) ORDER BY times desc  [ RunTime:0.000252s ]
SQL: SHOW COLUMNS FROM `ly_support` [ RunTime:0.007490s ]
SQL: SELECT * FROM `ly_support` WHERE ( `status` = 1 ) ORDER BY sort desc  [ RunTime:0.000281s ]
SQL: SHOW COLUMNS FROM `ly_banner` [ RunTime:0.004507s ]
SQL: SELECT * FROM `ly_banner` WHERE ( `status` = 1 ) ORDER BY `sort` ASC  [ RunTime:0.000316s ]
SQL: SHOW COLUMNS FROM `ly_ad` [ RunTime:0.003641s ]
ERR: 1146:Table 'lvyou.ly_ad' doesn't exist
 [ SQL语句 ] : SHOW COLUMNS FROM `ly_ad`
SQL: SELECT * FROM `ly_ad` WHERE ( `state` = 1 ) ORDER BY `order` DESC  [ RunTime:0.000297s ]
ERR: 1146:Table 'lvyou.ly_ad' doesn't exist
 [ SQL语句 ] : SELECT * FROM `ly_ad` WHERE ( `state` = 1 ) ORDER BY `order` DESC 
NOTIC: [2] Invalid argument supplied for foreach() D:\wamp\www\lvyou\Lvyou\Home\Controller\IndexController.class.php 第 30 行.
SQL: SHOW COLUMNS FROM `ly_category_goods` [ RunTime:0.004578s ]
SQL: SELECT * FROM `ly_category_goods` WHERE ( `status` = 1 ) AND ( `is_home` = 1 ) AND ( `p_id` = 0 ) ORDER BY sort ASC  [ RunTime:0.000893s ]
SQL: SHOW COLUMNS FROM `ly_goods` [ RunTime:0.005610s ]
SQL: SELECT `id`,`category_name`,`is_home` FROM `ly_category_goods` WHERE ( `status` = 1 ) AND ( `p_id` = 10 )  [ RunTime:0.000274s ]
SQL: SELECT * FROM `ly_goods` WHERE ( status = 1 and cate_id in (10,11,12) ) ORDER BY `sort` DESC,goods_id DESC LIMIT 8   [ RunTime:0.000987s ]
SQL: SELECT `id`,`category_name`,`is_home` FROM `ly_category_goods` WHERE ( `status` = 1 ) AND ( `p_id` = 2 )  [ RunTime:0.000704s ]
NOTIC: [2] Invalid argument supplied for foreach() D:\wamp\www\lvyou\Lvyou\Home\Controller\IndexController.class.php 第 51 行.
SQL: SELECT * FROM `ly_goods` WHERE ( status = 1 and cate_id in (2) ) ORDER BY `sort` DESC,goods_id DESC LIMIT 4   [ RunTime:0.000509s ]
SQL: SHOW COLUMNS FROM `ly_category` [ RunTime:0.005911s ]
SQL: SELECT * FROM `ly_category` WHERE ( `status` = 1 ) ORDER BY sort  [ RunTime:0.000361s ]
SQL: SHOW COLUMNS FROM `ly_document` [ RunTime:0.005170s ]
SQL: SELECT * FROM `ly_document` WHERE ( `status` = 1 ) AND ( `category_id` = 1 ) LIMIT 10   [ RunTime:0.000295s ]
SQL: SELECT * FROM `ly_document` WHERE ( `status` = 1 ) AND ( `category_id` = 2 ) LIMIT 10   [ RunTime:0.000367s ]
SQL: SELECT * FROM `ly_document` WHERE ( `status` = 1 ) AND ( `category_id` = 39 ) LIMIT 10   [ RunTime:0.000199s ]
SQL: SHOW COLUMNS FROM `ly_page` [ RunTime:0.007055s ]
SQL: SELECT * FROM `ly_page` WHERE ( `status` = 1 ) AND ( `ishome` = 1 ) ORDER BY sort  [ RunTime:0.000453s ]
SQL: SHOW COLUMNS FROM `ly_category_goods` [ RunTime:0.004109s ]
SQL: SELECT * FROM `ly_category_goods` WHERE ( `p_id` = 0 ) AND ( `status` = 1 ) ORDER BY sort ASC  [ RunTime:0.000296s ]
SQL: SELECT * FROM `ly_category_goods` WHERE ( `p_id` = 1 ) AND ( `status` = 1 ) ORDER BY sort ASC  [ RunTime:0.000414s ]
NOTIC: [2] Invalid argument supplied for foreach() D:\wamp\www\lvyou\Lvyou\Home\Model\CategoryGoodsModel.class.php 第 51 行.
SQL: SELECT * FROM `ly_category_goods` WHERE ( `p_id` = 3 ) AND ( `status` = 1 ) ORDER BY sort ASC  [ RunTime:0.000227s ]
NOTIC: [2] Invalid argument supplied for foreach() D:\wamp\www\lvyou\Lvyou\Home\Model\CategoryGoodsModel.class.php 第 51 行.
SQL: SELECT * FROM `ly_category_goods` WHERE ( `p_id` = 4 ) AND ( `status` = 1 ) ORDER BY sort ASC  [ RunTime:0.000218s ]
SQL: SELECT * FROM `ly_category_goods` WHERE ( `p_id` = 9 ) AND ( `status` = 1 ) ORDER BY sort ASC  [ RunTime:0.000232s ]
NOTIC: [2] Invalid argument supplied for foreach() D:\wamp\www\lvyou\Lvyou\Home\Model\CategoryGoodsModel.class.php 第 51 行.
SQL: SELECT * FROM `ly_category_goods` WHERE ( `p_id` = 10 ) AND ( `status` = 1 ) ORDER BY sort ASC  [ RunTime:0.000238s ]
SQL: SELECT * FROM `ly_category_goods` WHERE ( `p_id` = 11 ) AND ( `status` = 1 ) ORDER BY sort ASC  [ RunTime:0.000219s ]
NOTIC: [2] Invalid argument supplied for foreach() D:\wamp\www\lvyou\Lvyou\Home\Model\CategoryGoodsModel.class.php 第 51 行.
SQL: SELECT * FROM `ly_category_goods` WHERE ( `p_id` = 12 ) AND ( `status` = 1 ) ORDER BY sort ASC  [ RunTime:0.000210s ]
SQL: SELECT * FROM `ly_category_goods` WHERE ( `p_id` = 13 ) AND ( `status` = 1 ) ORDER BY sort ASC  [ RunTime:0.000244s ]
NOTIC: [2] Invalid argument supplied for foreach() D:\wamp\www\lvyou\Lvyou\Home\Model\CategoryGoodsModel.class.php 第 51 行.
SQL: SELECT * FROM `ly_category_goods` WHERE ( `p_id` = 2 ) AND ( `status` = 1 ) ORDER BY sort ASC  [ RunTime:0.000206s ]
NOTIC: [2] Invalid argument supplied for foreach() D:\wamp\www\lvyou\Lvyou\Home\Model\CategoryGoodsModel.class.php 第 51 行.
SQL: SHOW COLUMNS FROM `ly_orders` [ RunTime:0.005188s ]
SQL: SELECT * FROM `ly_orders` ORDER BY createtime DESC LIMIT 12   [ RunTime:0.000236s ]
INFO: [ view_parse ] --START--
INFO: [ template_filter ] --START--
INFO: Run Behavior\ContentReplace [ RunTime:0.000735s ]
INFO: [ template_filter ] --END-- [ RunTime:0.000870s ]
NOTIC: [8] Undefined variable: nav_url D:\wamp\www\lvyou\Runtime\Cache\Home\60f417c5b5cfe4e19dc86fca446bfc2f.php 第 49 行.
NOTIC: [8] Undefined index: category_child D:\wamp\www\lvyou\Runtime\Cache\Home\60f417c5b5cfe4e19dc86fca446bfc2f.php 第 446 行.
NOTIC: [8] Undefined variable: articleSort D:\wamp\www\lvyou\Runtime\Cache\Home\60f417c5b5cfe4e19dc86fca446bfc2f.php 第 544 行.
NOTIC: [8] Undefined variable: articleSort D:\wamp\www\lvyou\Runtime\Cache\Home\60f417c5b5cfe4e19dc86fca446bfc2f.php 第 545 行.
NOTIC: [8] Undefined variable: articleSort D:\wamp\www\lvyou\Runtime\Cache\Home\60f417c5b5cfe4e19dc86fca446bfc2f.php 第 549 行.
NOTIC: [8] Undefined variable: articleSort D:\wamp\www\lvyou\Runtime\Cache\Home\60f417c5b5cfe4e19dc86fca446bfc2f.php 第 550 行.
NOTIC: [8] Undefined variable: articleSort D:\wamp\www\lvyou\Runtime\Cache\Home\60f417c5b5cfe4e19dc86fca446bfc2f.php 第 554 行.
NOTIC: [8] Undefined variable: articleSort D:\wamp\www\lvyou\Runtime\Cache\Home\60f417c5b5cfe4e19dc86fca446bfc2f.php 第 555 行.
NOTIC: [8] Undefined variable: articleSort D:\wamp\www\lvyou\Runtime\Cache\Home\60f417c5b5cfe4e19dc86fca446bfc2f.php 第 559 行.
NOTIC: [8] Undefined variable: articleSort D:\wamp\www\lvyou\Runtime\Cache\Home\60f417c5b5cfe4e19dc86fca446bfc2f.php 第 560 行.
INFO: Run Behavior\ParseTemplate [ RunTime:0.064012s ]
INFO: [ view_parse ] --END-- [ RunTime:0.064102s ]
INFO: [ view_filter ] --START--
INFO: Run Behavior\WriteHtmlCache [ RunTime:0.000881s ]
INFO: [ view_filter ] --END-- [ RunTime:0.000959s ]
INFO: [ app_end ] --START--
INFO: Run Behavior\ShowPageTrace [ RunTime:0.000760s ]
INFO: [ app_end ] --END-- [ RunTime:0.000844s ]

[ 2015-09-26T22:19:38+08:00 ] 127.0.0.1 /lvyou/
NOTIC: [8] Use of undefined constant UID - assumed 'UID' D:\wamp\www\lvyou\Lvyou\Home\Controller\HomeController.class.php 第 30 行.
SQL: SHOW COLUMNS FROM `ly_nav` [ RunTime:0.005359s ]
SQL: SELECT * FROM `ly_nav` ORDER BY sort ASC LIMIT 9   [ RunTime:0.000354s ]
SQL: SHOW COLUMNS FROM `ly_friendlink` [ RunTime:0.004441s ]
SQL: SELECT * FROM `ly_friendlink` WHERE ( `state` = 1 ) ORDER BY sort ASC LIMIT 9   [ RunTime:0.000324s ]
SQL: SHOW COLUMNS FROM `ly_category` [ RunTime:0.005317s ]
SQL: SELECT * FROM `ly_category` WHERE ( `status` = 1 ) AND ( `type` = 2 ) ORDER BY `sort` DESC,cate_id DESC LIMIT 8   [ RunTime:0.000238s ]
ERR: 1054:Unknown column 'cate_id' in 'order clause'
 [ SQL语句 ] : SELECT * FROM `ly_category` WHERE ( `status` = 1 ) AND ( `type` = 2 ) ORDER BY `sort` DESC,cate_id DESC LIMIT 8  
NOTIC: [2] Invalid argument supplied for foreach() D:\wamp\www\lvyou\Lvyou\Home\Controller\HomeController.class.php 第 133 行.
NOTIC: [8] Undefined variable: article D:\wamp\www\lvyou\Lvyou\Home\Controller\HomeController.class.php 第 138 行.
SQL: SHOW COLUMNS FROM `ly_search_keyword` [ RunTime:0.004926s ]
SQL: SELECT * FROM `ly_search_keyword` WHERE ( `isshow` = 1 ) ORDER BY times desc  [ RunTime:0.000344s ]
SQL: SHOW COLUMNS FROM `ly_support` [ RunTime:0.004394s ]
SQL: SELECT * FROM `ly_support` WHERE ( `status` = 1 ) ORDER BY sort desc  [ RunTime:0.000317s ]
SQL: SHOW COLUMNS FROM `ly_banner` [ RunTime:0.006248s ]
SQL: SELECT * FROM `ly_banner` WHERE ( `status` = 1 ) ORDER BY `sort` ASC  [ RunTime:0.000417s ]
SQL: SHOW COLUMNS FROM `ly_ad` [ RunTime:0.003377s ]
ERR: 1146:Table 'lvyou.ly_ad' doesn't exist
 [ SQL语句 ] : SHOW COLUMNS FROM `ly_ad`
SQL: SELECT * FROM `ly_ad` WHERE ( `state` = 1 ) ORDER BY `order` DESC  [ RunTime:0.000248s ]
ERR: 1146:Table 'lvyou.ly_ad' doesn't exist
 [ SQL语句 ] : SELECT * FROM `ly_ad` WHERE ( `state` = 1 ) ORDER BY `order` DESC 
NOTIC: [2] Invalid argument supplied for foreach() D:\wamp\www\lvyou\Lvyou\Home\Controller\IndexController.class.php 第 30 行.
SQL: SHOW COLUMNS FROM `ly_category_goods` [ RunTime:0.004558s ]
SQL: SELECT * FROM `ly_category_goods` WHERE ( `status` = 1 ) AND ( `is_home` = 1 ) AND ( `p_id` = 0 ) ORDER BY sort ASC  [ RunTime:0.000361s ]
SQL: SHOW COLUMNS FROM `ly_goods` [ RunTime:0.005604s ]
SQL: SELECT `id`,`category_name`,`is_home` FROM `ly_category_goods` WHERE ( `status` = 1 ) AND ( `p_id` = 10 )  [ RunTime:0.000491s ]
SQL: SELECT * FROM `ly_goods` WHERE ( status = 1 and cate_id in (10,11,12) ) ORDER BY `sort` DESC,goods_id DESC LIMIT 8   [ RunTime:0.000878s ]
SQL: SELECT `id`,`category_name`,`is_home` FROM `ly_category_goods` WHERE ( `status` = 1 ) AND ( `p_id` = 2 )  [ RunTime:0.000235s ]
NOTIC: [2] Invalid argument supplied for foreach() D:\wamp\www\lvyou\Lvyou\Home\Controller\IndexController.class.php 第 51 行.
SQL: SELECT * FROM `ly_goods` WHERE ( status = 1 and cate_id in (2) ) ORDER BY `sort` DESC,goods_id DESC LIMIT 4   [ RunTime:0.000472s ]
SQL: SHOW COLUMNS FROM `ly_category` [ RunTime:0.005717s ]
SQL: SELECT * FROM `ly_category` WHERE ( `status` = 1 ) ORDER BY sort  [ RunTime:0.000385s ]
SQL: SHOW COLUMNS FROM `ly_document` [ RunTime:0.005230s ]
SQL: SELECT * FROM `ly_document` WHERE ( `status` = 1 ) AND ( `category_id` = 1 ) LIMIT 10   [ RunTime:0.000958s ]
SQL: SELECT * FROM `ly_document` WHERE ( `status` = 1 ) AND ( `category_id` = 2 ) LIMIT 10   [ RunTime:0.000255s ]
SQL: SELECT * FROM `ly_document` WHERE ( `status` = 1 ) AND ( `category_id` = 39 ) LIMIT 10   [ RunTime:0.000224s ]
SQL: SHOW COLUMNS FROM `ly_page` [ RunTime:0.004936s ]
SQL: SELECT * FROM `ly_page` WHERE ( `status` = 1 ) AND ( `ishome` = 1 ) ORDER BY sort  [ RunTime:0.000326s ]
SQL: SHOW COLUMNS FROM `ly_category_goods` [ RunTime:0.004777s ]
SQL: SELECT * FROM `ly_category_goods` WHERE ( `p_id` = 0 ) AND ( `status` = 1 ) ORDER BY sort ASC  [ RunTime:0.000314s ]
SQL: SELECT * FROM `ly_category_goods` WHERE ( `p_id` = 1 ) AND ( `status` = 1 ) ORDER BY sort ASC  [ RunTime:0.000222s ]
NOTIC: [2] Invalid argument supplied for foreach() D:\wamp\www\lvyou\Lvyou\Home\Model\CategoryGoodsModel.class.php 第 51 行.
SQL: SELECT * FROM `ly_category_goods` WHERE ( `p_id` = 3 ) AND ( `status` = 1 ) ORDER BY sort ASC  [ RunTime:0.000185s ]
NOTIC: [2] Invalid argument supplied for foreach() D:\wamp\www\lvyou\Lvyou\Home\Model\CategoryGoodsModel.class.php 第 51 行.
SQL: SELECT * FROM `ly_category_goods` WHERE ( `p_id` = 4 ) AND ( `status` = 1 ) ORDER BY sort ASC  [ RunTime:0.000198s ]
SQL: SELECT * FROM `ly_category_goods` WHERE ( `p_id` = 9 ) AND ( `status` = 1 ) ORDER BY sort ASC  [ RunTime:0.000202s ]
NOTIC: [2] Invalid argument supplied for foreach() D:\wamp\www\lvyou\Lvyou\Home\Model\CategoryGoodsModel.class.php 第 51 行.
SQL: SELECT * FROM `ly_category_goods` WHERE ( `p_id` = 10 ) AND ( `status` = 1 ) ORDER BY sort ASC  [ RunTime:0.000238s ]
SQL: SELECT * FROM `ly_category_goods` WHERE ( `p_id` = 11 ) AND ( `status` = 1 ) ORDER BY sort ASC  [ RunTime:0.000219s ]
NOTIC: [2] Invalid argument supplied for foreach() D:\wamp\www\lvyou\Lvyou\Home\Model\CategoryGoodsModel.class.php 第 51 行.
SQL: SELECT * FROM `ly_category_goods` WHERE ( `p_id` = 12 ) AND ( `status` = 1 ) ORDER BY sort ASC  [ RunTime:0.000252s ]
SQL: SELECT * FROM `ly_category_goods` WHERE ( `p_id` = 13 ) AND ( `status` = 1 ) ORDER BY sort ASC  [ RunTime:0.000203s ]
NOTIC: [2] Invalid argument supplied for foreach() D:\wamp\www\lvyou\Lvyou\Home\Model\CategoryGoodsModel.class.php 第 51 行.
SQL: SELECT * FROM `ly_category_goods` WHERE ( `p_id` = 2 ) AND ( `status` = 1 ) ORDER BY sort ASC  [ RunTime:0.000202s ]
NOTIC: [2] Invalid argument supplied for foreach() D:\wamp\www\lvyou\Lvyou\Home\Model\CategoryGoodsModel.class.php 第 51 行.
SQL: SHOW COLUMNS FROM `ly_orders` [ RunTime:0.005970s ]
SQL: SELECT * FROM `ly_orders` ORDER BY createtime DESC LIMIT 12   [ RunTime:0.000258s ]
INFO: [ view_parse ] --START--
INFO: [ template_filter ] --START--
INFO: Run Behavior\ContentReplace [ RunTime:0.000831s ]
INFO: [ template_filter ] --END-- [ RunTime:0.000935s ]
NOTIC: [8] Undefined variable: nav_url D:\wamp\www\lvyou\Runtime\Cache\Home\60f417c5b5cfe4e19dc86fca446bfc2f.php 第 49 行.
NOTIC: [8] Undefined index: category_child D:\wamp\www\lvyou\Runtime\Cache\Home\60f417c5b5cfe4e19dc86fca446bfc2f.php 第 446 行.
NOTIC: [8] Undefined variable: articleSort D:\wamp\www\lvyou\Runtime\Cache\Home\60f417c5b5cfe4e19dc86fca446bfc2f.php 第 544 行.
NOTIC: [8] Undefined variable: articleSort D:\wamp\www\lvyou\Runtime\Cache\Home\60f417c5b5cfe4e19dc86fca446bfc2f.php 第 545 行.
NOTIC: [8] Undefined variable: articleSort D:\wamp\www\lvyou\Runtime\Cache\Home\60f417c5b5cfe4e19dc86fca446bfc2f.php 第 549 行.
NOTIC: [8] Undefined variable: articleSort D:\wamp\www\lvyou\Runtime\Cache\Home\60f417c5b5cfe4e19dc86fca446bfc2f.php 第 550 行.
NOTIC: [8] Undefined variable: articleSort D:\wamp\www\lvyou\Runtime\Cache\Home\60f417c5b5cfe4e19dc86fca446bfc2f.php 第 554 行.
NOTIC: [8] Undefined variable: articleSort D:\wamp\www\lvyou\Runtime\Cache\Home\60f417c5b5cfe4e19dc86fca446bfc2f.php 第 555 行.
NOTIC: [8] Undefined variable: articleSort D:\wamp\www\lvyou\Runtime\Cache\Home\60f417c5b5cfe4e19dc86fca446bfc2f.php 第 559 行.
NOTIC: [8] Undefined variable: articleSort D:\wamp\www\lvyou\Runtime\Cache\Home\60f417c5b5cfe4e19dc86fca446bfc2f.php 第 560 行.
INFO: Run Behavior\ParseTemplate [ RunTime:0.156328s ]
INFO: [ view_parse ] --END-- [ RunTime:0.156421s ]
INFO: [ view_filter ] --START--
INFO: Run Behavior\WriteHtmlCache [ RunTime:0.016989s ]
INFO: [ view_filter ] --END-- [ RunTime:0.017092s ]
INFO: [ app_end ] --START--
INFO: Run Behavior\ShowPageTrace [ RunTime:0.025184s ]
INFO: [ app_end ] --END-- [ RunTime:0.025292s ]

[ 2015-09-26T23:21:37+08:00 ] 127.0.0.1 /lvyou/
NOTIC: [8] Use of undefined constant UID - assumed 'UID' D:\wamp\www\lvyou\Lvyou\Home\Controller\HomeController.class.php 第 30 行.
SQL: SHOW COLUMNS FROM `ly_nav` [ RunTime:0.012721s ]
SQL: SELECT * FROM `ly_nav` ORDER BY sort ASC LIMIT 9   [ RunTime:0.000311s ]
SQL: SHOW COLUMNS FROM `ly_friendlink` [ RunTime:0.005321s ]
SQL: SELECT * FROM `ly_friendlink` WHERE ( `state` = 1 ) ORDER BY sort ASC LIMIT 9   [ RunTime:0.000300s ]
SQL: SHOW COLUMNS FROM `ly_category` [ RunTime:0.006968s ]
SQL: SELECT * FROM `ly_category` WHERE ( `status` = 1 ) AND ( `type` = 2 ) ORDER BY `sort` DESC,cate_id DESC LIMIT 8   [ RunTime:0.000219s ]
ERR: 1054:Unknown column 'cate_id' in 'order clause'
 [ SQL语句 ] : SELECT * FROM `ly_category` WHERE ( `status` = 1 ) AND ( `type` = 2 ) ORDER BY `sort` DESC,cate_id DESC LIMIT 8  
NOTIC: [2] Invalid argument supplied for foreach() D:\wamp\www\lvyou\Lvyou\Home\Controller\HomeController.class.php 第 133 行.
NOTIC: [8] Undefined variable: article D:\wamp\www\lvyou\Lvyou\Home\Controller\HomeController.class.php 第 138 行.
SQL: SHOW COLUMNS FROM `ly_search_keyword` [ RunTime:0.008205s ]
SQL: SELECT * FROM `ly_search_keyword` WHERE ( `isshow` = 1 ) ORDER BY times desc  [ RunTime:0.000304s ]
SQL: SHOW COLUMNS FROM `ly_support` [ RunTime:0.009524s ]
SQL: SELECT * FROM `ly_support` WHERE ( `status` = 1 ) ORDER BY sort desc  [ RunTime:0.005749s ]
SQL: SHOW COLUMNS FROM `ly_banner` [ RunTime:0.020484s ]
SQL: SELECT * FROM `ly_banner` WHERE ( `status` = 1 ) ORDER BY `sort` ASC  [ RunTime:0.000332s ]
SQL: SHOW COLUMNS FROM `ly_ad` [ RunTime:0.010541s ]
ERR: 1146:Table 'lvyou.ly_ad' doesn't exist
 [ SQL语句 ] : SHOW COLUMNS FROM `ly_ad`
SQL: SELECT * FROM `ly_ad` WHERE ( `state` = 1 ) ORDER BY `order` DESC  [ RunTime:0.000311s ]
ERR: 1146:Table 'lvyou.ly_ad' doesn't exist
 [ SQL语句 ] : SELECT * FROM `ly_ad` WHERE ( `state` = 1 ) ORDER BY `order` DESC 
NOTIC: [2] Invalid argument supplied for foreach() D:\wamp\www\lvyou\Lvyou\Home\Controller\IndexController.class.php 第 30 行.
SQL: SHOW COLUMNS FROM `ly_category_goods` [ RunTime:0.044884s ]
SQL: SELECT * FROM `ly_category_goods` WHERE ( `status` = 1 ) AND ( `is_home` = 1 ) AND ( `p_id` = 0 ) ORDER BY sort ASC  [ RunTime:0.000335s ]
SQL: SHOW COLUMNS FROM `ly_goods` [ RunTime:0.009078s ]
SQL: SELECT `id`,`category_name`,`is_home` FROM `ly_category_goods` WHERE ( `status` = 1 ) AND ( `p_id` = 10 )  [ RunTime:0.000324s ]
SQL: SELECT * FROM `ly_goods` WHERE ( status = 1 and cate_id in (10,11,12) ) ORDER BY `sort` DESC,goods_id DESC LIMIT 8   [ RunTime:0.000918s ]
SQL: SELECT `id`,`category_name`,`is_home` FROM `ly_category_goods` WHERE ( `status` = 1 ) AND ( `p_id` = 2 )  [ RunTime:0.000288s ]
NOTIC: [2] Invalid argument supplied for foreach() D:\wamp\www\lvyou\Lvyou\Home\Controller\IndexController.class.php 第 51 行.
SQL: SELECT * FROM `ly_goods` WHERE ( status = 1 and cate_id in (2) ) ORDER BY `sort` DESC,goods_id DESC LIMIT 4   [ RunTime:0.000506s ]
SQL: SHOW COLUMNS FROM `ly_category` [ RunTime:0.012173s ]
SQL: SELECT * FROM `ly_category` WHERE ( `status` = 1 ) ORDER BY sort  [ RunTime:0.000360s ]
SQL: SHOW COLUMNS FROM `ly_document` [ RunTime:0.031640s ]
SQL: SELECT * FROM `ly_document` WHERE ( `status` = 1 ) AND ( `category_id` = 1 ) LIMIT 10   [ RunTime:0.000368s ]
SQL: SELECT * FROM `ly_document` WHERE ( `status` = 1 ) AND ( `category_id` = 2 ) LIMIT 10   [ RunTime:0.000359s ]
SQL: SELECT * FROM `ly_document` WHERE ( `status` = 1 ) AND ( `category_id` = 39 ) LIMIT 10   [ RunTime:0.000232s ]
SQL: SHOW COLUMNS FROM `ly_page` [ RunTime:0.024355s ]
SQL: SELECT * FROM `ly_page` WHERE ( `status` = 1 ) AND ( `ishome` = 1 ) ORDER BY sort  [ RunTime:0.000361s ]
SQL: SHOW COLUMNS FROM `ly_category_goods` [ RunTime:0.007591s ]
SQL: SELECT * FROM `ly_category_goods` WHERE ( `p_id` = 0 ) AND ( `status` = 1 ) ORDER BY sort ASC  [ RunTime:0.000448s ]
SQL: SELECT * FROM `ly_category_goods` WHERE ( `p_id` = 1 ) AND ( `status` = 1 ) ORDER BY sort ASC  [ RunTime:0.001323s ]
NOTIC: [2] Invalid argument supplied for foreach() D:\wamp\www\lvyou\Lvyou\Home\Model\CategoryGoodsModel.class.php 第 51 行.
SQL: SELECT * FROM `ly_category_goods` WHERE ( `p_id` = 3 ) AND ( `status` = 1 ) ORDER BY sort ASC  [ RunTime:0.001368s ]
NOTIC: [2] Invalid argument supplied for foreach() D:\wamp\www\lvyou\Lvyou\Home\Model\CategoryGoodsModel.class.php 第 51 行.
SQL: SELECT * FROM `ly_category_goods` WHERE ( `p_id` = 4 ) AND ( `status` = 1 ) ORDER BY sort ASC  [ RunTime:0.000221s ]
SQL: SELECT * FROM `ly_category_goods` WHERE ( `p_id` = 9 ) AND ( `status` = 1 ) ORDER BY sort ASC  [ RunTime:0.000206s ]
NOTIC: [2] Invalid argument supplied for foreach() D:\wamp\www\lvyou\Lvyou\Home\Model\CategoryGoodsModel.class.php 第 51 行.
SQL: SELECT * FROM `ly_category_goods` WHERE ( `p_id` = 10 ) AND ( `status` = 1 ) ORDER BY sort ASC  [ RunTime:0.000211s ]
SQL: SELECT * FROM `ly_category_goods` WHERE ( `p_id` = 11 ) AND ( `status` = 1 ) ORDER BY sort ASC  [ RunTime:0.000197s ]
NOTIC: [2] Invalid argument supplied for foreach() D:\wamp\www\lvyou\Lvyou\Home\Model\CategoryGoodsModel.class.php 第 51 行.
SQL: SELECT * FROM `ly_category_goods` WHERE ( `p_id` = 12 ) AND ( `status` = 1 ) ORDER BY sort ASC  [ RunTime:0.000274s ]
SQL: SELECT * FROM `ly_category_goods` WHERE ( `p_id` = 13 ) AND ( `status` = 1 ) ORDER BY sort ASC  [ RunTime:0.000359s ]
NOTIC: [2] Invalid argument supplied for foreach() D:\wamp\www\lvyou\Lvyou\Home\Model\CategoryGoodsModel.class.php 第 51 行.
SQL: SELECT * FROM `ly_category_goods` WHERE ( `p_id` = 2 ) AND ( `status` = 1 ) ORDER BY sort ASC  [ RunTime:0.000225s ]
NOTIC: [2] Invalid argument supplied for foreach() D:\wamp\www\lvyou\Lvyou\Home\Model\CategoryGoodsModel.class.php 第 51 行.
SQL: SHOW COLUMNS FROM `ly_orders` [ RunTime:0.023154s ]
SQL: SELECT * FROM `ly_orders` ORDER BY createtime DESC LIMIT 12   [ RunTime:0.000244s ]
INFO: [ view_parse ] --START--
INFO: [ template_filter ] --START--
INFO: Run Behavior\ContentReplace [ RunTime:0.000758s ]
INFO: [ template_filter ] --END-- [ RunTime:0.000870s ]
NOTIC: [8] Undefined variable: nav_url D:\wamp\www\lvyou\Runtime\Cache\Home\60f417c5b5cfe4e19dc86fca446bfc2f.php 第 49 行.
NOTIC: [8] Undefined index: category_child D:\wamp\www\lvyou\Runtime\Cache\Home\60f417c5b5cfe4e19dc86fca446bfc2f.php 第 446 行.
NOTIC: [8] Undefined variable: articleSort D:\wamp\www\lvyou\Runtime\Cache\Home\60f417c5b5cfe4e19dc86fca446bfc2f.php 第 544 行.
NOTIC: [8] Undefined variable: articleSort D:\wamp\www\lvyou\Runtime\Cache\Home\60f417c5b5cfe4e19dc86fca446bfc2f.php 第 545 行.
NOTIC: [8] Undefined variable: articleSort D:\wamp\www\lvyou\Runtime\Cache\Home\60f417c5b5cfe4e19dc86fca446bfc2f.php 第 549 行.
NOTIC: [8] Undefined variable: articleSort D:\wamp\www\lvyou\Runtime\Cache\Home\60f417c5b5cfe4e19dc86fca446bfc2f.php 第 550 行.
NOTIC: [8] Undefined variable: articleSort D:\wamp\www\lvyou\Runtime\Cache\Home\60f417c5b5cfe4e19dc86fca446bfc2f.php 第 554 行.
NOTIC: [8] Undefined variable: articleSort D:\wamp\www\lvyou\Runtime\Cache\Home\60f417c5b5cfe4e19dc86fca446bfc2f.php 第 555 行.
NOTIC: [8] Undefined variable: articleSort D:\wamp\www\lvyou\Runtime\Cache\Home\60f417c5b5cfe4e19dc86fca446bfc2f.php 第 559 行.
NOTIC: [8] Undefined variable: articleSort D:\wamp\www\lvyou\Runtime\Cache\Home\60f417c5b5cfe4e19dc86fca446bfc2f.php 第 560 行.
INFO: Run Behavior\ParseTemplate [ RunTime:0.302682s ]
INFO: [ view_parse ] --END-- [ RunTime:0.302771s ]
INFO: [ view_filter ] --START--
INFO: Run Behavior\WriteHtmlCache [ RunTime:0.001160s ]
INFO: [ view_filter ] --END-- [ RunTime:0.001238s ]
INFO: [ app_end ] --START--
INFO: Run Behavior\ShowPageTrace [ RunTime:0.004533s ]
INFO: [ app_end ] --END-- [ RunTime:0.004627s ]

