[ 2015-12-01T08:08:54+08:00 ] 127.0.0.1 /lvyou/index.php?s=/Home/goods/info/id/473.html
NOTIC: [8] Use of undefined constant UID - assumed 'UID' D:\wamp\www\lvyou\Lvyou\Home\Controller\HomeController.class.php 第 30 行.
SQL: SHOW COLUMNS FROM `ly_nav` [ RunTime:0.138235s ]
SQL: SELECT * FROM `ly_nav` ORDER BY sort ASC LIMIT 9   [ RunTime:0.019367s ]
SQL: SHOW COLUMNS FROM `ly_friendlink` [ RunTime:0.143401s ]
SQL: SELECT * FROM `ly_friendlink` WHERE ( `state` = 1 ) ORDER BY sort ASC LIMIT 9   [ RunTime:0.000338s ]
SQL: SHOW COLUMNS FROM `ly_category` [ RunTime:0.045333s ]
SQL: SELECT * FROM `ly_category` WHERE ( `status` = 1 ) AND ( `type` = 2 ) ORDER BY `sort` DESC,cate_id DESC LIMIT 8   [ RunTime:0.000266s ]
ERR: 1054:Unknown column 'cate_id' in 'order clause'
 [ SQL语句 ] : SELECT * FROM `ly_category` WHERE ( `status` = 1 ) AND ( `type` = 2 ) ORDER BY `sort` DESC,cate_id DESC LIMIT 8  
NOTIC: [2] Invalid argument supplied for foreach() D:\wamp\www\lvyou\Lvyou\Home\Controller\HomeController.class.php 第 133 行.
NOTIC: [8] Undefined variable: article D:\wamp\www\lvyou\Lvyou\Home\Controller\HomeController.class.php 第 138 行.
SQL: SHOW COLUMNS FROM `ly_goods` [ RunTime:0.084364s ]
SQL: SELECT * FROM `ly_goods` WHERE ( `goods_id` = 473 ) LIMIT 1   [ RunTime:0.009886s ]
SQL: SHOW COLUMNS FROM `ly_search_keyword` [ RunTime:0.221373s ]
SQL: SELECT * FROM `ly_search_keyword` WHERE ( `isshow` = 1 ) ORDER BY times desc  [ RunTime:0.000371s ]
SQL: SHOW COLUMNS FROM `ly_support` [ RunTime:0.186429s ]
SQL: SELECT * FROM `ly_support` WHERE ( `status` = 1 ) ORDER BY sort desc  [ RunTime:0.000327s ]
SQL: SHOW COLUMNS FROM `ly_goods` [ RunTime:0.012852s ]
SQL: SELECT * FROM `ly_goods` INNER JOIN ly_category_goods ON ly_goods.cate_id = ly_category_goods.id  WHERE ( `goods_id` = 473 ) LIMIT 1   [ RunTime:0.122156s ]
SQL: UPDATE `ly_goods` SET `hits`=hits+1 WHERE ( goods_id=473 ) [ RunTime:0.216351s ]
SQL: SHOW COLUMNS FROM `ly_topic` [ RunTime:0.101617s ]
SQL: SELECT * FROM `ly_topic` WHERE ( `tid` = 0 ) LIMIT 1   [ RunTime:0.000263s ]
SQL: SHOW COLUMNS FROM `ly_goods` [ RunTime:0.006750s ]
SQL: SELECT * FROM `ly_goods` WHERE ( `cate_id` = 15 ) ORDER BY hits DESC,goods_id DESC LIMIT 8   [ RunTime:0.000520s ]
SQL: SHOW COLUMNS FROM `ly_goods_extra` [ RunTime:0.169077s ]
SQL: SELECT * FROM `ly_goods_extra` WHERE ( `goods_id` = 473 ) AND ( `status` = 1 ) ORDER BY sort  [ RunTime:0.000277s ]
SQL: SHOW COLUMNS FROM `ly_tag` [ RunTime:0.156732s ]
SQL: SELECT * FROM `ly_tag` WHERE ( id in () and status = 1 ) ORDER BY sort ASC  [ RunTime:0.000177s ]
ERR: 1064:You have an error in your SQL syntax; check the manual that corresponds to your MySQL server version for the right syntax to use near ') and status = 1 ) ORDER BY sort ASC' at line 1
 [ SQL语句 ] : SELECT * FROM `ly_tag` WHERE ( id in () and status = 1 ) ORDER BY sort ASC 
INFO: [ view_parse ] --START--
INFO: [ template_filter ] --START--
INFO: Run Behavior\ContentReplace [ RunTime:0.000550s ]
INFO: [ template_filter ] --END-- [ RunTime:0.000664s ]
NOTIC: [8] Undefined variable: ishome D:\wamp\www\lvyou\Runtime\Cache\Home\f0b2be0f98bf20434c73ee9abf8d8a86.php 第 190 行.
NOTIC: [8] Undefined variable: msg D:\wamp\www\lvyou\Runtime\Cache\Home\f0b2be0f98bf20434c73ee9abf8d8a86.php 第 210 行.
NOTIC: [8] Undefined variable: goods_name D:\wamp\www\lvyou\Runtime\Cache\Home\f0b2be0f98bf20434c73ee9abf8d8a86.php 第 242 行.
INFO: Run Behavior\ParseTemplate [ RunTime:0.588033s ]
INFO: [ view_parse ] --END-- [ RunTime:0.588397s ]
INFO: [ view_filter ] --START--
INFO: Run Behavior\WriteHtmlCache [ RunTime:0.035831s ]
INFO: [ view_filter ] --END-- [ RunTime:0.035967s ]
INFO: [ app_end ] --START--
INFO: Run Behavior\ShowPageTrace [ RunTime:0.038461s ]
INFO: [ app_end ] --END-- [ RunTime:0.038673s ]

[ 2015-12-01T08:08:56+08:00 ] 127.0.0.1 /lvyou/index.php?s=/Admin/Goods/index.html
SQL: SHOW COLUMNS FROM `ly_menu` [ RunTime:0.193564s ]
SQL: SELECT * FROM `ly_menu` WHERE ( `pid` = 0 ) AND ( `hide` = 0 ) ORDER BY sort asc  [ RunTime:0.029568s ]
SQL: SELECT `id` FROM `ly_menu` WHERE ( url like '%Goods/index%' ) LIMIT 1   [ RunTime:0.000360s ]
SQL: SHOW COLUMNS FROM `ly_menu` [ RunTime:0.030213s ]
SQL: SELECT `id`,`pid`,`title` FROM `ly_menu` WHERE ( id=131 ) LIMIT 1   [ RunTime:0.000290s ]
SQL: SELECT DISTINCT  `group` FROM `ly_menu` WHERE ( pid = 131 )  [ RunTime:0.000742s ]
SQL: SELECT `id`,`url` FROM `ly_menu` WHERE ( `pid` = 131 ) AND ( `hide` = 0 )  [ RunTime:0.000480s ]
SQL: SELECT `id`,`pid`,`title`,`url`,`tip` FROM `ly_menu` WHERE ( `group` = '周边' ) AND ( `pid` = 131 ) AND ( `hide` = 0 ) ORDER BY sort asc  [ RunTime:0.000475s ]
SQL: SELECT `id`,`pid`,`title`,`url`,`tip` FROM `ly_menu` WHERE ( `group` = '采集' ) AND ( `pid` = 131 ) AND ( `hide` = 0 ) ORDER BY sort asc  [ RunTime:0.000387s ]
SQL: SELECT `id`,`pid`,`title`,`url`,`tip` FROM `ly_menu` WHERE ( `group` = '分类' ) AND ( `pid` = 131 ) AND ( `hide` = 0 ) ORDER BY sort asc  [ RunTime:0.000425s ]
SQL: SELECT `id`,`pid`,`title`,`url`,`tip` FROM `ly_menu` WHERE ( `group` = '专题' ) AND ( `pid` = 131 ) AND ( `hide` = 0 ) ORDER BY sort asc  [ RunTime:0.000356s ]
SQL: SELECT `id`,`pid`,`title`,`url`,`tip` FROM `ly_menu` WHERE ( `group` = '标签' ) AND ( `pid` = 131 ) AND ( `hide` = 0 ) ORDER BY sort asc  [ RunTime:0.000426s ]
SQL: SELECT `id`,`pid`,`title`,`url`,`tip` FROM `ly_menu` WHERE ( `group` = '攻略' ) AND ( `pid` = 131 ) AND ( `hide` = 0 ) ORDER BY sort asc  [ RunTime:0.000420s ]
SQL: SELECT `id`,`pid`,`title`,`url`,`tip` FROM `ly_menu` WHERE ( `group` = '资讯' ) AND ( `pid` = 131 ) AND ( `hide` = 0 ) ORDER BY sort asc  [ RunTime:0.000366s ]
SQL: SELECT `id`,`pid`,`title`,`url`,`tip` FROM `ly_menu` WHERE ( `group` = '美食' ) AND ( `pid` = 131 ) AND ( `hide` = 0 ) ORDER BY sort asc  [ RunTime:0.000363s ]
NOTIC: [8] Undefined variable: where D:\wamp\www\lvyou\Lvyou\Admin\Controller\GoodsController.class.php 第 14 行.
SQL: SHOW COLUMNS FROM `ly_goods` [ RunTime:0.004455s ]
NOTIC: [8] Undefined index: where D:\wamp\www\lvyou\Lvyou\Admin\Controller\AdminController.class.php 第 437 行.
SQL: SELECT COUNT(*) AS tp_count FROM `ly_goods` LIMIT 1   [ RunTime:0.000326s ]
SQL: SELECT `goods_id`,`goods_type`,`title`,`name`,`cate_id`,`tid`,`add_id`,`add_uname`,`summary`,`city`,`days`,`aheaddays`,`traffic`,`invite`,`audition`,`maxdays`,`discount_price`,`price`,`child_price`,`pic_url`,`item_body`,`status`,`seo_title`,`seo_keywords`,`seo_description`,`ctime`,`hits`,`favor`,`sort`,`tags` FROM `ly_goods` ORDER BY sort desc , goods_id desc LIMIT 0,10   [ RunTime:0.000972s ]
SQL: SHOW COLUMNS FROM `ly_category_goods` [ RunTime:0.039751s ]
NOTIC: [8] Undefined variable: where D:\wamp\www\lvyou\Lvyou\Admin\Model\CategoryGoodsModel.class.php 第 13 行.
SQL: SELECT * FROM `ly_category_goods` WHERE (  status='1' ) ORDER BY p_id,sort  [ RunTime:0.000929s ]
INFO: [ view_parse ] --START--
INFO: [ template_filter ] --START--
INFO: Run Behavior\ContentReplace [ RunTime:0.000237s ]
INFO: [ template_filter ] --END-- [ RunTime:0.000332s ]
NOTIC: [8] Undefined variable: meta_title D:\wamp\www\lvyou\Runtime\Cache\Admin\353933ef32884c0fc1221009ac460075.php 第 5 行.
SQL: SHOW COLUMNS FROM `ly_goods_type` [ RunTime:0.574654s ]
SQL: SELECT * FROM `ly_goods_type` WHERE ( `id` = 2 ) LIMIT 1   [ RunTime:0.000819s ]
SQL: SELECT * FROM `ly_goods_type` WHERE ( `id` = 1 ) LIMIT 1   [ RunTime:0.000221s ]
INFO: Run Behavior\ParseTemplate [ RunTime:1.125002s ]
INFO: [ view_parse ] --END-- [ RunTime:1.125141s ]
INFO: [ view_filter ] --START--
INFO: Run Behavior\WriteHtmlCache [ RunTime:0.000572s ]
INFO: [ view_filter ] --END-- [ RunTime:0.000667s ]
INFO: [ app_end ] --START--
INFO: Run Behavior\ShowPageTrace [ RunTime:0.000920s ]
INFO: [ app_end ] --END-- [ RunTime:0.001002s ]

[ 2015-12-01T08:08:57+08:00 ] 127.0.0.1 /lvyou/index.php?s=/Home/Goods/cate/id/15.html
NOTIC: [8] Use of undefined constant UID - assumed 'UID' D:\wamp\www\lvyou\Lvyou\Home\Controller\HomeController.class.php 第 30 行.
SQL: SHOW COLUMNS FROM `ly_nav` [ RunTime:0.073890s ]
SQL: SELECT * FROM `ly_nav` ORDER BY sort ASC LIMIT 9   [ RunTime:0.000361s ]
SQL: SHOW COLUMNS FROM `ly_friendlink` [ RunTime:0.019476s ]
SQL: SELECT * FROM `ly_friendlink` WHERE ( `state` = 1 ) ORDER BY sort ASC LIMIT 9   [ RunTime:0.000401s ]
SQL: SHOW COLUMNS FROM `ly_category` [ RunTime:0.048812s ]
SQL: SELECT * FROM `ly_category` WHERE ( `status` = 1 ) AND ( `type` = 2 ) ORDER BY `sort` DESC,cate_id DESC LIMIT 8   [ RunTime:0.000287s ]
ERR: 1054:Unknown column 'cate_id' in 'order clause'
 [ SQL语句 ] : SELECT * FROM `ly_category` WHERE ( `status` = 1 ) AND ( `type` = 2 ) ORDER BY `sort` DESC,cate_id DESC LIMIT 8  
NOTIC: [2] Invalid argument supplied for foreach() D:\wamp\www\lvyou\Lvyou\Home\Controller\HomeController.class.php 第 133 行.
NOTIC: [8] Undefined variable: article D:\wamp\www\lvyou\Lvyou\Home\Controller\HomeController.class.php 第 138 行.
SQL: SHOW COLUMNS FROM `ly_category_goods` [ RunTime:0.177000s ]
SQL: SELECT * FROM `ly_category_goods` WHERE ( `id` = 15 ) LIMIT 1   [ RunTime:0.000310s ]
SQL: SHOW COLUMNS FROM `ly_search_keyword` [ RunTime:0.310996s ]
SQL: SELECT * FROM `ly_search_keyword` WHERE ( `isshow` = 1 ) ORDER BY times desc  [ RunTime:0.000377s ]
SQL: SHOW COLUMNS FROM `ly_support` [ RunTime:0.121461s ]
SQL: SELECT * FROM `ly_support` WHERE ( `status` = 1 ) ORDER BY sort desc  [ RunTime:0.000290s ]
SQL: SHOW COLUMNS FROM `ly_category_goods` [ RunTime:0.008233s ]
SQL: SELECT * FROM `ly_category_goods` WHERE ( `id` = 15 ) LIMIT 1   [ RunTime:0.000319s ]
SQL: SELECT * FROM `ly_category_goods` WHERE ( `p_id` = 15 )  [ RunTime:0.000246s ]
SQL: SHOW COLUMNS FROM `ly_goods` [ RunTime:0.051788s ]
SQL: SHOW COLUMNS FROM `ly_goods` [ RunTime:0.057296s ]
SQL: SELECT COUNT(*) AS tp_count FROM `ly_goods` WHERE ( `cate_id` = 15 ) AND ( `status` = 1 ) LIMIT 1   [ RunTime:0.000749s ]
SQL: SHOW COLUMNS FROM `ly_goods` [ RunTime:0.005088s ]
SQL: SELECT * FROM `ly_goods` WHERE ( `cate_id` = 15 ) AND ( `status` = 1 ) ORDER BY `sort` DESC,goods_id DESC LIMIT 0,10   [ RunTime:0.000528s ]
SQL: SELECT * FROM `ly_category_goods` WHERE ( `p_id` = 0 ) AND ( `status` = 1 ) ORDER BY sort ASC  [ RunTime:0.000246s ]
SQL: SELECT * FROM `ly_category_goods` WHERE ( `p_id` = 1 ) AND ( `status` = 1 ) ORDER BY sort ASC  [ RunTime:0.000246s ]
SQL: SELECT * FROM `ly_category_goods` WHERE ( `p_id` = 15 ) AND ( `status` = 1 ) ORDER BY sort ASC  [ RunTime:0.000217s ]
NOTIC: [2] Invalid argument supplied for foreach() D:\wamp\www\lvyou\Lvyou\Home\Model\CategoryGoodsModel.class.php 第 40 行.
SQL: SELECT * FROM `ly_category_goods` WHERE ( `p_id` = 16 ) AND ( `status` = 1 ) ORDER BY sort ASC  [ RunTime:0.000230s ]
NOTIC: [2] Invalid argument supplied for foreach() D:\wamp\www\lvyou\Lvyou\Home\Model\CategoryGoodsModel.class.php 第 40 行.
SQL: SELECT * FROM `ly_category_goods` WHERE ( `p_id` = 17 ) AND ( `status` = 1 ) ORDER BY sort ASC  [ RunTime:0.000214s ]
NOTIC: [2] Invalid argument supplied for foreach() D:\wamp\www\lvyou\Lvyou\Home\Model\CategoryGoodsModel.class.php 第 40 行.
SQL: SELECT * FROM `ly_category_goods` WHERE ( `p_id` = 2 ) AND ( `status` = 1 ) ORDER BY sort ASC  [ RunTime:0.000251s ]
SQL: SELECT * FROM `ly_category_goods` WHERE ( `p_id` = 18 ) AND ( `status` = 1 ) ORDER BY sort ASC  [ RunTime:0.000208s ]
NOTIC: [2] Invalid argument supplied for foreach() D:\wamp\www\lvyou\Lvyou\Home\Model\CategoryGoodsModel.class.php 第 40 行.
SQL: SELECT * FROM `ly_category_goods` WHERE ( `p_id` = 19 ) AND ( `status` = 1 ) ORDER BY sort ASC  [ RunTime:0.000228s ]
NOTIC: [2] Invalid argument supplied for foreach() D:\wamp\www\lvyou\Lvyou\Home\Model\CategoryGoodsModel.class.php 第 40 行.
SQL: SELECT * FROM `ly_category_goods` WHERE ( `p_id` = 20 ) AND ( `status` = 1 ) ORDER BY sort ASC  [ RunTime:0.000243s ]
NOTIC: [2] Invalid argument supplied for foreach() D:\wamp\www\lvyou\Lvyou\Home\Model\CategoryGoodsModel.class.php 第 40 行.
INFO: [ view_parse ] --START--
INFO: [ template_filter ] --START--
INFO: Run Behavior\ContentReplace [ RunTime:0.000535s ]
INFO: [ template_filter ] --END-- [ RunTime:0.000633s ]
NOTIC: [8] Undefined variable: ishome D:\wamp\www\lvyou\Runtime\Cache\Home\52662f47793434ef7a33ef5f126b69f8.php 第 190 行.
NOTIC: [8] Undefined index: cate_id D:\wamp\www\lvyou\Runtime\Cache\Home\52662f47793434ef7a33ef5f126b69f8.php 第 196 行.
NOTIC: [8] Undefined index: category_name D:\wamp\www\lvyou\Runtime\Cache\Home\52662f47793434ef7a33ef5f126b69f8.php 第 196 行.
NOTIC: [8] Undefined index: category_name D:\wamp\www\lvyou\Runtime\Cache\Home\52662f47793434ef7a33ef5f126b69f8.php 第 196 行.
NOTIC: [8] Undefined index: title D:\wamp\www\lvyou\Runtime\Cache\Home\52662f47793434ef7a33ef5f126b69f8.php 第 199 行.
NOTIC: [8] Undefined variable: msg D:\wamp\www\lvyou\Runtime\Cache\Home\52662f47793434ef7a33ef5f126b69f8.php 第 210 行.
NOTIC: [8] Undefined index: summary D:\wamp\www\lvyou\Runtime\Cache\Home\52662f47793434ef7a33ef5f126b69f8.php 第 225 行.
NOTIC: [8] Undefined index: tid D:\wamp\www\lvyou\Runtime\Cache\Home\52662f47793434ef7a33ef5f126b69f8.php 第 240 行.
NOTIC: [8] Undefined index: title D:\wamp\www\lvyou\Runtime\Cache\Home\52662f47793434ef7a33ef5f126b69f8.php 第 240 行.
NOTIC: [8] Undefined variable: goods_name D:\wamp\www\lvyou\Runtime\Cache\Home\52662f47793434ef7a33ef5f126b69f8.php 第 242 行.
NOTIC: [8] Undefined index: title D:\wamp\www\lvyou\Runtime\Cache\Home\52662f47793434ef7a33ef5f126b69f8.php 第 243 行.
NOTIC: [8] Undefined index: pic_url D:\wamp\www\lvyou\Runtime\Cache\Home\52662f47793434ef7a33ef5f126b69f8.php 第 243 行.
NOTIC: [8] Undefined index: goods_type D:\wamp\www\lvyou\Runtime\Cache\Home\52662f47793434ef7a33ef5f126b69f8.php 第 259 行.
NOTIC: [8] Undefined index: discount_price D:\wamp\www\lvyou\Runtime\Cache\Home\52662f47793434ef7a33ef5f126b69f8.php 第 273 行.
NOTIC: [8] Undefined index: price D:\wamp\www\lvyou\Runtime\Cache\Home\52662f47793434ef7a33ef5f126b69f8.php 第 274 行.
NOTIC: [8] Undefined index: days D:\wamp\www\lvyou\Runtime\Cache\Home\52662f47793434ef7a33ef5f126b69f8.php 第 275 行.
NOTIC: [8] Undefined index: invite D:\wamp\www\lvyou\Runtime\Cache\Home\52662f47793434ef7a33ef5f126b69f8.php 第 276 行.
NOTIC: [8] Undefined index: aheaddays D:\wamp\www\lvyou\Runtime\Cache\Home\52662f47793434ef7a33ef5f126b69f8.php 第 277 行.
NOTIC: [8] Undefined index: city D:\wamp\www\lvyou\Runtime\Cache\Home\52662f47793434ef7a33ef5f126b69f8.php 第 278 行.
NOTIC: [8] Undefined index: maxdays D:\wamp\www\lvyou\Runtime\Cache\Home\52662f47793434ef7a33ef5f126b69f8.php 第 279 行.
NOTIC: [8] Undefined index: audition D:\wamp\www\lvyou\Runtime\Cache\Home\52662f47793434ef7a33ef5f126b69f8.php 第 280 行.
NOTIC: [8] Undefined index: traffic D:\wamp\www\lvyou\Runtime\Cache\Home\52662f47793434ef7a33ef5f126b69f8.php 第 281 行.
NOTIC: [8] Undefined index: goods_id D:\wamp\www\lvyou\Runtime\Cache\Home\52662f47793434ef7a33ef5f126b69f8.php 第 293 行.
NOTIC: [8] Undefined variable: goods_extra D:\wamp\www\lvyou\Runtime\Cache\Home\52662f47793434ef7a33ef5f126b69f8.php 第 304 行.
NOTIC: [8] Undefined index: discount_price D:\wamp\www\lvyou\Runtime\Cache\Home\52662f47793434ef7a33ef5f126b69f8.php 第 309 行.
NOTIC: [8] Undefined index: item_body D:\wamp\www\lvyou\Runtime\Cache\Home\52662f47793434ef7a33ef5f126b69f8.php 第 319 行.
NOTIC: [8] Undefined variable: goods_extra D:\wamp\www\lvyou\Runtime\Cache\Home\52662f47793434ef7a33ef5f126b69f8.php 第 321 行.
NOTIC: [8] Undefined variable: hot_goods D:\wamp\www\lvyou\Runtime\Cache\Home\52662f47793434ef7a33ef5f126b69f8.php 第 356 行.
NOTIC: [8] Undefined index: goods_id D:\wamp\www\lvyou\Runtime\Cache\Home\52662f47793434ef7a33ef5f126b69f8.php 第 384 行.
NOTIC: [8] Undefined index: title D:\wamp\www\lvyou\Runtime\Cache\Home\52662f47793434ef7a33ef5f126b69f8.php 第 391 行.
NOTIC: [8] Undefined index: discount_price D:\wamp\www\lvyou\Runtime\Cache\Home\52662f47793434ef7a33ef5f126b69f8.php 第 400 行.
NOTIC: [8] Undefined index: child_price D:\wamp\www\lvyou\Runtime\Cache\Home\52662f47793434ef7a33ef5f126b69f8.php 第 405 行.
INFO: Run Behavior\ParseTemplate [ RunTime:0.134486s ]
INFO: [ view_parse ] --END-- [ RunTime:0.134577s ]
INFO: [ view_filter ] --START--
INFO: Run Behavior\WriteHtmlCache [ RunTime:0.000459s ]
INFO: [ view_filter ] --END-- [ RunTime:0.000531s ]
INFO: [ app_end ] --START--
INFO: Run Behavior\ShowPageTrace [ RunTime:0.000761s ]
INFO: [ app_end ] --END-- [ RunTime:0.000835s ]

[ 2015-12-01T08:18:55+08:00 ] 127.0.0.1 /lvyou/index.php?s=/Admin/Goods/index.html
SQL: SHOW COLUMNS FROM `ly_menu` [ RunTime:0.009781s ]
SQL: SELECT * FROM `ly_menu` WHERE ( `pid` = 0 ) AND ( `hide` = 0 ) ORDER BY sort asc  [ RunTime:0.001072s ]
SQL: SELECT `id` FROM `ly_menu` WHERE ( url like '%Goods/index%' ) LIMIT 1   [ RunTime:0.000311s ]
SQL: SHOW COLUMNS FROM `ly_menu` [ RunTime:0.004129s ]
SQL: SELECT `id`,`pid`,`title` FROM `ly_menu` WHERE ( id=131 ) LIMIT 1   [ RunTime:0.000284s ]
SQL: SELECT DISTINCT  `group` FROM `ly_menu` WHERE ( pid = 131 )  [ RunTime:0.000421s ]
SQL: SELECT `id`,`url` FROM `ly_menu` WHERE ( `pid` = 131 ) AND ( `hide` = 0 )  [ RunTime:0.000460s ]
SQL: SELECT `id`,`pid`,`title`,`url`,`tip` FROM `ly_menu` WHERE ( `group` = '周边' ) AND ( `pid` = 131 ) AND ( `hide` = 0 ) ORDER BY sort asc  [ RunTime:0.000399s ]
SQL: SELECT `id`,`pid`,`title`,`url`,`tip` FROM `ly_menu` WHERE ( `group` = '采集' ) AND ( `pid` = 131 ) AND ( `hide` = 0 ) ORDER BY sort asc  [ RunTime:0.000585s ]
SQL: SELECT `id`,`pid`,`title`,`url`,`tip` FROM `ly_menu` WHERE ( `group` = '分类' ) AND ( `pid` = 131 ) AND ( `hide` = 0 ) ORDER BY sort asc  [ RunTime:0.000396s ]
SQL: SELECT `id`,`pid`,`title`,`url`,`tip` FROM `ly_menu` WHERE ( `group` = '专题' ) AND ( `pid` = 131 ) AND ( `hide` = 0 ) ORDER BY sort asc  [ RunTime:0.000364s ]
SQL: SELECT `id`,`pid`,`title`,`url`,`tip` FROM `ly_menu` WHERE ( `group` = '标签' ) AND ( `pid` = 131 ) AND ( `hide` = 0 ) ORDER BY sort asc  [ RunTime:0.000366s ]
SQL: SELECT `id`,`pid`,`title`,`url`,`tip` FROM `ly_menu` WHERE ( `group` = '攻略' ) AND ( `pid` = 131 ) AND ( `hide` = 0 ) ORDER BY sort asc  [ RunTime:0.000364s ]
SQL: SELECT `id`,`pid`,`title`,`url`,`tip` FROM `ly_menu` WHERE ( `group` = '资讯' ) AND ( `pid` = 131 ) AND ( `hide` = 0 ) ORDER BY sort asc  [ RunTime:0.000359s ]
SQL: SELECT `id`,`pid`,`title`,`url`,`tip` FROM `ly_menu` WHERE ( `group` = '美食' ) AND ( `pid` = 131 ) AND ( `hide` = 0 ) ORDER BY sort asc  [ RunTime:0.000892s ]
NOTIC: [8] Undefined variable: where D:\wamp\www\lvyou\Lvyou\Admin\Controller\GoodsController.class.php 第 14 行.
SQL: SHOW COLUMNS FROM `ly_goods` [ RunTime:0.009548s ]
NOTIC: [8] Undefined index: where D:\wamp\www\lvyou\Lvyou\Admin\Controller\AdminController.class.php 第 437 行.
SQL: SELECT COUNT(*) AS tp_count FROM `ly_goods` LIMIT 1   [ RunTime:0.000224s ]
SQL: SELECT `goods_id`,`goods_type`,`title`,`name`,`cate_id`,`tid`,`add_id`,`add_uname`,`summary`,`city`,`days`,`aheaddays`,`traffic`,`invite`,`audition`,`maxdays`,`discount_price`,`price`,`child_price`,`pic_url`,`item_body`,`status`,`seo_title`,`seo_keywords`,`seo_description`,`ctime`,`hits`,`favor`,`sort`,`tags` FROM `ly_goods` ORDER BY sort desc , goods_id desc LIMIT 0,10   [ RunTime:0.000676s ]
SQL: SHOW COLUMNS FROM `ly_category_goods` [ RunTime:0.019689s ]
NOTIC: [8] Undefined variable: where D:\wamp\www\lvyou\Lvyou\Admin\Model\CategoryGoodsModel.class.php 第 13 行.
SQL: SELECT * FROM `ly_category_goods` WHERE (  status='1' ) ORDER BY p_id,sort  [ RunTime:0.000450s ]
INFO: [ view_parse ] --START--
INFO: [ template_filter ] --START--
INFO: Run Behavior\ContentReplace [ RunTime:0.000266s ]
INFO: [ template_filter ] --END-- [ RunTime:0.000402s ]
NOTIC: [8] Undefined variable: meta_title D:\wamp\www\lvyou\Runtime\Cache\Admin\353933ef32884c0fc1221009ac460075.php 第 5 行.
SQL: SHOW COLUMNS FROM `ly_goods_type` [ RunTime:0.022760s ]
SQL: SELECT * FROM `ly_goods_type` WHERE ( `id` = 2 ) LIMIT 1   [ RunTime:0.001094s ]
SQL: SELECT * FROM `ly_goods_type` WHERE ( `id` = 1 ) LIMIT 1   [ RunTime:0.001418s ]
INFO: Run Behavior\ParseTemplate [ RunTime:0.070236s ]
INFO: [ view_parse ] --END-- [ RunTime:0.070348s ]
INFO: [ view_filter ] --START--
INFO: Run Behavior\WriteHtmlCache [ RunTime:0.003219s ]
INFO: [ view_filter ] --END-- [ RunTime:0.003328s ]
INFO: [ app_end ] --START--
INFO: Run Behavior\ShowPageTrace [ RunTime:0.021379s ]
INFO: [ app_end ] --END-- [ RunTime:0.021501s ]

[ 2015-12-01T08:19:06+08:00 ] 127.0.0.1 /lvyou/index.php?s=/Home/goods/info/id/473.html
NOTIC: [8] Use of undefined constant UID - assumed 'UID' D:\wamp\www\lvyou\Lvyou\Home\Controller\HomeController.class.php 第 30 行.
SQL: SHOW COLUMNS FROM `ly_nav` [ RunTime:0.004670s ]
SQL: SELECT * FROM `ly_nav` ORDER BY sort ASC LIMIT 9   [ RunTime:0.000306s ]
SQL: SHOW COLUMNS FROM `ly_friendlink` [ RunTime:0.012600s ]
SQL: SELECT * FROM `ly_friendlink` WHERE ( `state` = 1 ) ORDER BY sort ASC LIMIT 9   [ RunTime:0.000306s ]
SQL: SHOW COLUMNS FROM `ly_category` [ RunTime:0.004774s ]
SQL: SELECT * FROM `ly_category` WHERE ( `status` = 1 ) AND ( `type` = 2 ) ORDER BY `sort` DESC,cate_id DESC LIMIT 8   [ RunTime:0.000236s ]
ERR: 1054:Unknown column 'cate_id' in 'order clause'
 [ SQL语句 ] : SELECT * FROM `ly_category` WHERE ( `status` = 1 ) AND ( `type` = 2 ) ORDER BY `sort` DESC,cate_id DESC LIMIT 8  
NOTIC: [2] Invalid argument supplied for foreach() D:\wamp\www\lvyou\Lvyou\Home\Controller\HomeController.class.php 第 133 行.
NOTIC: [8] Undefined variable: article D:\wamp\www\lvyou\Lvyou\Home\Controller\HomeController.class.php 第 138 行.
SQL: SHOW COLUMNS FROM `ly_goods` [ RunTime:0.004715s ]
SQL: SELECT * FROM `ly_goods` WHERE ( `goods_id` = 473 ) LIMIT 1   [ RunTime:0.000434s ]
SQL: SHOW COLUMNS FROM `ly_search_keyword` [ RunTime:0.008228s ]
SQL: SELECT * FROM `ly_search_keyword` WHERE ( `isshow` = 1 ) ORDER BY times desc  [ RunTime:0.000307s ]
SQL: SHOW COLUMNS FROM `ly_support` [ RunTime:0.007664s ]
SQL: SELECT * FROM `ly_support` WHERE ( `status` = 1 ) ORDER BY sort desc  [ RunTime:0.000405s ]
SQL: SHOW COLUMNS FROM `ly_goods` [ RunTime:0.008617s ]
SQL: SELECT * FROM `ly_goods` INNER JOIN ly_category_goods ON ly_goods.cate_id = ly_category_goods.id  WHERE ( `goods_id` = 473 ) LIMIT 1   [ RunTime:0.000614s ]
SQL: UPDATE `ly_goods` SET `hits`=hits+1 WHERE ( goods_id=473 ) [ RunTime:0.000400s ]
SQL: SHOW COLUMNS FROM `ly_topic` [ RunTime:0.004217s ]
SQL: SELECT * FROM `ly_topic` WHERE ( `tid` = 0 ) LIMIT 1   [ RunTime:0.000239s ]
SQL: SHOW COLUMNS FROM `ly_goods` [ RunTime:0.005536s ]
SQL: SELECT * FROM `ly_goods` WHERE ( `cate_id` = 15 ) ORDER BY hits DESC,goods_id DESC LIMIT 8   [ RunTime:0.000425s ]
SQL: SHOW COLUMNS FROM `ly_goods_extra` [ RunTime:0.003935s ]
SQL: SELECT * FROM `ly_goods_extra` WHERE ( `goods_id` = 473 ) AND ( `status` = 1 ) ORDER BY sort  [ RunTime:0.000341s ]
SQL: SHOW COLUMNS FROM `ly_tag` [ RunTime:0.014617s ]
SQL: SELECT * FROM `ly_tag` WHERE ( id in () and status = 1 ) ORDER BY sort ASC  [ RunTime:0.000295s ]
ERR: 1064:You have an error in your SQL syntax; check the manual that corresponds to your MySQL server version for the right syntax to use near ') and status = 1 ) ORDER BY sort ASC' at line 1
 [ SQL语句 ] : SELECT * FROM `ly_tag` WHERE ( id in () and status = 1 ) ORDER BY sort ASC 
INFO: [ view_parse ] --START--
INFO: [ template_filter ] --START--
INFO: Run Behavior\ContentReplace [ RunTime:0.000546s ]
INFO: [ template_filter ] --END-- [ RunTime:0.000650s ]
NOTIC: [8] Undefined variable: ishome D:\wamp\www\lvyou\Runtime\Cache\Home\f0b2be0f98bf20434c73ee9abf8d8a86.php 第 190 行.
NOTIC: [8] Undefined variable: msg D:\wamp\www\lvyou\Runtime\Cache\Home\f0b2be0f98bf20434c73ee9abf8d8a86.php 第 210 行.
NOTIC: [8] Undefined variable: goods_name D:\wamp\www\lvyou\Runtime\Cache\Home\f0b2be0f98bf20434c73ee9abf8d8a86.php 第 242 行.
INFO: Run Behavior\ParseTemplate [ RunTime:0.067758s ]
INFO: [ view_parse ] --END-- [ RunTime:0.067854s ]
INFO: [ view_filter ] --START--
INFO: Run Behavior\WriteHtmlCache [ RunTime:0.001071s ]
INFO: [ view_filter ] --END-- [ RunTime:0.001153s ]
INFO: [ app_end ] --START--
INFO: Run Behavior\ShowPageTrace [ RunTime:0.000963s ]
INFO: [ app_end ] --END-- [ RunTime:0.001044s ]

[ 2015-12-01T08:19:06+08:00 ] 127.0.0.1 /lvyou/index.php?s=/Home/Goods/cate/id/15.html
NOTIC: [8] Use of undefined constant UID - assumed 'UID' D:\wamp\www\lvyou\Lvyou\Home\Controller\HomeController.class.php 第 30 行.
SQL: SHOW COLUMNS FROM `ly_nav` [ RunTime:0.014281s ]
SQL: SELECT * FROM `ly_nav` ORDER BY sort ASC LIMIT 9   [ RunTime:0.000343s ]
SQL: SHOW COLUMNS FROM `ly_friendlink` [ RunTime:0.014298s ]
SQL: SELECT * FROM `ly_friendlink` WHERE ( `state` = 1 ) ORDER BY sort ASC LIMIT 9   [ RunTime:0.000257s ]
SQL: SHOW COLUMNS FROM `ly_category` [ RunTime:0.004869s ]
SQL: SELECT * FROM `ly_category` WHERE ( `status` = 1 ) AND ( `type` = 2 ) ORDER BY `sort` DESC,cate_id DESC LIMIT 8   [ RunTime:0.000210s ]
ERR: 1054:Unknown column 'cate_id' in 'order clause'
 [ SQL语句 ] : SELECT * FROM `ly_category` WHERE ( `status` = 1 ) AND ( `type` = 2 ) ORDER BY `sort` DESC,cate_id DESC LIMIT 8  
NOTIC: [2] Invalid argument supplied for foreach() D:\wamp\www\lvyou\Lvyou\Home\Controller\HomeController.class.php 第 133 行.
NOTIC: [8] Undefined variable: article D:\wamp\www\lvyou\Lvyou\Home\Controller\HomeController.class.php 第 138 行.
SQL: SHOW COLUMNS FROM `ly_category_goods` [ RunTime:0.006800s ]
SQL: SELECT * FROM `ly_category_goods` WHERE ( `id` = 15 ) LIMIT 1   [ RunTime:0.000353s ]
SQL: SHOW COLUMNS FROM `ly_search_keyword` [ RunTime:0.004472s ]
SQL: SELECT * FROM `ly_search_keyword` WHERE ( `isshow` = 1 ) ORDER BY times desc  [ RunTime:0.000280s ]
SQL: SHOW COLUMNS FROM `ly_support` [ RunTime:0.011966s ]
SQL: SELECT * FROM `ly_support` WHERE ( `status` = 1 ) ORDER BY sort desc  [ RunTime:0.000301s ]
SQL: SHOW COLUMNS FROM `ly_category_goods` [ RunTime:0.006754s ]
SQL: SELECT * FROM `ly_category_goods` WHERE ( `id` = 15 ) LIMIT 1   [ RunTime:0.000321s ]
SQL: SELECT * FROM `ly_category_goods` WHERE ( `p_id` = 15 )  [ RunTime:0.000329s ]
SQL: SHOW COLUMNS FROM `ly_goods` [ RunTime:0.009533s ]
SQL: SHOW COLUMNS FROM `ly_goods` [ RunTime:0.009001s ]
SQL: SELECT COUNT(*) AS tp_count FROM `ly_goods` WHERE ( `cate_id` = 15 ) AND ( `status` = 1 ) LIMIT 1   [ RunTime:0.000292s ]
SQL: SHOW COLUMNS FROM `ly_goods` [ RunTime:0.006696s ]
SQL: SELECT * FROM `ly_goods` WHERE ( `cate_id` = 15 ) AND ( `status` = 1 ) ORDER BY `sort` DESC,goods_id DESC LIMIT 0,10   [ RunTime:0.000478s ]
SQL: SELECT * FROM `ly_category_goods` WHERE ( `p_id` = 0 ) AND ( `status` = 1 ) ORDER BY sort ASC  [ RunTime:0.000244s ]
SQL: SELECT * FROM `ly_category_goods` WHERE ( `p_id` = 1 ) AND ( `status` = 1 ) ORDER BY sort ASC  [ RunTime:0.000237s ]
SQL: SELECT * FROM `ly_category_goods` WHERE ( `p_id` = 15 ) AND ( `status` = 1 ) ORDER BY sort ASC  [ RunTime:0.000196s ]
NOTIC: [2] Invalid argument supplied for foreach() D:\wamp\www\lvyou\Lvyou\Home\Model\CategoryGoodsModel.class.php 第 40 行.
SQL: SELECT * FROM `ly_category_goods` WHERE ( `p_id` = 16 ) AND ( `status` = 1 ) ORDER BY sort ASC  [ RunTime:0.000278s ]
NOTIC: [2] Invalid argument supplied for foreach() D:\wamp\www\lvyou\Lvyou\Home\Model\CategoryGoodsModel.class.php 第 40 行.
SQL: SELECT * FROM `ly_category_goods` WHERE ( `p_id` = 17 ) AND ( `status` = 1 ) ORDER BY sort ASC  [ RunTime:0.000243s ]
NOTIC: [2] Invalid argument supplied for foreach() D:\wamp\www\lvyou\Lvyou\Home\Model\CategoryGoodsModel.class.php 第 40 行.
SQL: SELECT * FROM `ly_category_goods` WHERE ( `p_id` = 2 ) AND ( `status` = 1 ) ORDER BY sort ASC  [ RunTime:0.000287s ]
SQL: SELECT * FROM `ly_category_goods` WHERE ( `p_id` = 18 ) AND ( `status` = 1 ) ORDER BY sort ASC  [ RunTime:0.000215s ]
NOTIC: [2] Invalid argument supplied for foreach() D:\wamp\www\lvyou\Lvyou\Home\Model\CategoryGoodsModel.class.php 第 40 行.
SQL: SELECT * FROM `ly_category_goods` WHERE ( `p_id` = 19 ) AND ( `status` = 1 ) ORDER BY sort ASC  [ RunTime:0.000209s ]
NOTIC: [2] Invalid argument supplied for foreach() D:\wamp\www\lvyou\Lvyou\Home\Model\CategoryGoodsModel.class.php 第 40 行.
SQL: SELECT * FROM `ly_category_goods` WHERE ( `p_id` = 20 ) AND ( `status` = 1 ) ORDER BY sort ASC  [ RunTime:0.000200s ]
NOTIC: [2] Invalid argument supplied for foreach() D:\wamp\www\lvyou\Lvyou\Home\Model\CategoryGoodsModel.class.php 第 40 行.
INFO: [ view_parse ] --START--
INFO: [ template_filter ] --START--
INFO: Run Behavior\ContentReplace [ RunTime:0.000592s ]
INFO: [ template_filter ] --END-- [ RunTime:0.000733s ]
NOTIC: [8] Undefined variable: ishome D:\wamp\www\lvyou\Runtime\Cache\Home\52662f47793434ef7a33ef5f126b69f8.php 第 190 行.
NOTIC: [8] Undefined index: cate_id D:\wamp\www\lvyou\Runtime\Cache\Home\52662f47793434ef7a33ef5f126b69f8.php 第 196 行.
NOTIC: [8] Undefined index: category_name D:\wamp\www\lvyou\Runtime\Cache\Home\52662f47793434ef7a33ef5f126b69f8.php 第 196 行.
NOTIC: [8] Undefined index: category_name D:\wamp\www\lvyou\Runtime\Cache\Home\52662f47793434ef7a33ef5f126b69f8.php 第 196 行.
NOTIC: [8] Undefined index: title D:\wamp\www\lvyou\Runtime\Cache\Home\52662f47793434ef7a33ef5f126b69f8.php 第 199 行.
NOTIC: [8] Undefined variable: msg D:\wamp\www\lvyou\Runtime\Cache\Home\52662f47793434ef7a33ef5f126b69f8.php 第 210 行.
NOTIC: [8] Undefined index: summary D:\wamp\www\lvyou\Runtime\Cache\Home\52662f47793434ef7a33ef5f126b69f8.php 第 225 行.
NOTIC: [8] Undefined index: tid D:\wamp\www\lvyou\Runtime\Cache\Home\52662f47793434ef7a33ef5f126b69f8.php 第 240 行.
NOTIC: [8] Undefined index: title D:\wamp\www\lvyou\Runtime\Cache\Home\52662f47793434ef7a33ef5f126b69f8.php 第 240 行.
NOTIC: [8] Undefined variable: goods_name D:\wamp\www\lvyou\Runtime\Cache\Home\52662f47793434ef7a33ef5f126b69f8.php 第 242 行.
NOTIC: [8] Undefined index: title D:\wamp\www\lvyou\Runtime\Cache\Home\52662f47793434ef7a33ef5f126b69f8.php 第 243 行.
NOTIC: [8] Undefined index: pic_url D:\wamp\www\lvyou\Runtime\Cache\Home\52662f47793434ef7a33ef5f126b69f8.php 第 243 行.
NOTIC: [8] Undefined index: goods_type D:\wamp\www\lvyou\Runtime\Cache\Home\52662f47793434ef7a33ef5f126b69f8.php 第 259 行.
NOTIC: [8] Undefined index: discount_price D:\wamp\www\lvyou\Runtime\Cache\Home\52662f47793434ef7a33ef5f126b69f8.php 第 273 行.
NOTIC: [8] Undefined index: price D:\wamp\www\lvyou\Runtime\Cache\Home\52662f47793434ef7a33ef5f126b69f8.php 第 274 行.
NOTIC: [8] Undefined index: days D:\wamp\www\lvyou\Runtime\Cache\Home\52662f47793434ef7a33ef5f126b69f8.php 第 275 行.
NOTIC: [8] Undefined index: invite D:\wamp\www\lvyou\Runtime\Cache\Home\52662f47793434ef7a33ef5f126b69f8.php 第 276 行.
NOTIC: [8] Undefined index: aheaddays D:\wamp\www\lvyou\Runtime\Cache\Home\52662f47793434ef7a33ef5f126b69f8.php 第 277 行.
NOTIC: [8] Undefined index: city D:\wamp\www\lvyou\Runtime\Cache\Home\52662f47793434ef7a33ef5f126b69f8.php 第 278 行.
NOTIC: [8] Undefined index: maxdays D:\wamp\www\lvyou\Runtime\Cache\Home\52662f47793434ef7a33ef5f126b69f8.php 第 279 行.
NOTIC: [8] Undefined index: audition D:\wamp\www\lvyou\Runtime\Cache\Home\52662f47793434ef7a33ef5f126b69f8.php 第 280 行.
NOTIC: [8] Undefined index: traffic D:\wamp\www\lvyou\Runtime\Cache\Home\52662f47793434ef7a33ef5f126b69f8.php 第 281 行.
NOTIC: [8] Undefined index: goods_id D:\wamp\www\lvyou\Runtime\Cache\Home\52662f47793434ef7a33ef5f126b69f8.php 第 293 行.
NOTIC: [8] Undefined variable: goods_extra D:\wamp\www\lvyou\Runtime\Cache\Home\52662f47793434ef7a33ef5f126b69f8.php 第 304 行.
NOTIC: [8] Undefined index: discount_price D:\wamp\www\lvyou\Runtime\Cache\Home\52662f47793434ef7a33ef5f126b69f8.php 第 309 行.
NOTIC: [8] Undefined index: item_body D:\wamp\www\lvyou\Runtime\Cache\Home\52662f47793434ef7a33ef5f126b69f8.php 第 319 行.
NOTIC: [8] Undefined variable: goods_extra D:\wamp\www\lvyou\Runtime\Cache\Home\52662f47793434ef7a33ef5f126b69f8.php 第 321 行.
NOTIC: [8] Undefined variable: hot_goods D:\wamp\www\lvyou\Runtime\Cache\Home\52662f47793434ef7a33ef5f126b69f8.php 第 356 行.
NOTIC: [8] Undefined index: goods_id D:\wamp\www\lvyou\Runtime\Cache\Home\52662f47793434ef7a33ef5f126b69f8.php 第 384 行.
NOTIC: [8] Undefined index: title D:\wamp\www\lvyou\Runtime\Cache\Home\52662f47793434ef7a33ef5f126b69f8.php 第 391 行.
NOTIC: [8] Undefined index: discount_price D:\wamp\www\lvyou\Runtime\Cache\Home\52662f47793434ef7a33ef5f126b69f8.php 第 400 行.
NOTIC: [8] Undefined index: child_price D:\wamp\www\lvyou\Runtime\Cache\Home\52662f47793434ef7a33ef5f126b69f8.php 第 405 行.
INFO: Run Behavior\ParseTemplate [ RunTime:0.057407s ]
INFO: [ view_parse ] --END-- [ RunTime:0.057528s ]
INFO: [ view_filter ] --START--
INFO: Run Behavior\WriteHtmlCache [ RunTime:0.001092s ]
INFO: [ view_filter ] --END-- [ RunTime:0.001186s ]
INFO: [ app_end ] --START--
INFO: Run Behavior\ShowPageTrace [ RunTime:0.007623s ]
INFO: [ app_end ] --END-- [ RunTime:0.007756s ]

