[ 2015-11-29T00:23:39+08:00 ] 127.0.0.1 /lvyou/index.php?s=/Home/goods/info/id/473.html
NOTIC: [8] Use of undefined constant UID - assumed 'UID' D:\wamp\www\lvyou\Lvyou\Home\Controller\HomeController.class.php 第 30 行.
SQL: SHOW COLUMNS FROM `ly_nav` [ RunTime:0.173344s ]
SQL: SELECT * FROM `ly_nav` ORDER BY sort ASC LIMIT 9   [ RunTime:0.026282s ]
SQL: SHOW COLUMNS FROM `ly_friendlink` [ RunTime:0.178100s ]
SQL: SELECT * FROM `ly_friendlink` WHERE ( `state` = 1 ) ORDER BY sort ASC LIMIT 9   [ RunTime:0.001179s ]
SQL: SHOW COLUMNS FROM `ly_category` [ RunTime:0.186024s ]
SQL: SELECT * FROM `ly_category` WHERE ( `status` = 1 ) AND ( `type` = 2 ) ORDER BY `sort` DESC,cate_id DESC LIMIT 8   [ RunTime:0.000223s ]
ERR: 1054:Unknown column 'cate_id' in 'order clause'
 [ SQL语句 ] : SELECT * FROM `ly_category` WHERE ( `status` = 1 ) AND ( `type` = 2 ) ORDER BY `sort` DESC,cate_id DESC LIMIT 8  
NOTIC: [2] Invalid argument supplied for foreach() D:\wamp\www\lvyou\Lvyou\Home\Controller\HomeController.class.php 第 133 行.
NOTIC: [8] Undefined variable: article D:\wamp\www\lvyou\Lvyou\Home\Controller\HomeController.class.php 第 138 行.
SQL: SHOW COLUMNS FROM `ly_goods` [ RunTime:0.246550s ]
SQL: SELECT * FROM `ly_goods` WHERE ( `goods_id` = 473 ) LIMIT 1   [ RunTime:0.061172s ]
SQL: SHOW COLUMNS FROM `ly_search_keyword` [ RunTime:0.199606s ]
SQL: SELECT * FROM `ly_search_keyword` WHERE ( `isshow` = 1 ) ORDER BY times desc  [ RunTime:0.000402s ]
SQL: SHOW COLUMNS FROM `ly_support` [ RunTime:0.166310s ]
SQL: SELECT * FROM `ly_support` WHERE ( `status` = 1 ) ORDER BY sort desc  [ RunTime:0.000246s ]
SQL: SHOW COLUMNS FROM `ly_goods` [ RunTime:0.267480s ]
SQL: SELECT * FROM `ly_goods` INNER JOIN ly_category_goods ON ly_goods.cate_id = ly_category_goods.id  WHERE ( `goods_id` = 473 ) LIMIT 1   [ RunTime:0.070354s ]
SQL: UPDATE `ly_goods` SET `hits`=hits+1 WHERE ( goods_id=473 ) [ RunTime:0.155207s ]
SQL: SHOW COLUMNS FROM `ly_topic` [ RunTime:0.228972s ]
SQL: SELECT * FROM `ly_topic` WHERE ( `tid` = 0 ) LIMIT 1   [ RunTime:0.002944s ]
SQL: SHOW COLUMNS FROM `ly_goods` [ RunTime:0.047820s ]
SQL: SELECT * FROM `ly_goods` WHERE ( `cate_id` = 15 ) ORDER BY hits DESC,goods_id DESC LIMIT 8   [ RunTime:0.000452s ]
SQL: SHOW COLUMNS FROM `ly_goods_extra` [ RunTime:0.145030s ]
SQL: SELECT * FROM `ly_goods_extra` WHERE ( `goods_id` = 473 ) AND ( `status` = 1 ) ORDER BY sort  [ RunTime:0.000217s ]
SQL: SHOW COLUMNS FROM `ly_tag` [ RunTime:0.209301s ]
SQL: SELECT * FROM `ly_tag` WHERE ( id in () and status = 1 ) ORDER BY sort ASC  [ RunTime:0.000148s ]
ERR: 1064:You have an error in your SQL syntax; check the manual that corresponds to your MySQL server version for the right syntax to use near ') and status = 1 ) ORDER BY sort ASC' at line 1
 [ SQL语句 ] : SELECT * FROM `ly_tag` WHERE ( id in () and status = 1 ) ORDER BY sort ASC 
INFO: [ view_parse ] --START--
INFO: [ template_filter ] --START--
INFO: Run Behavior\ContentReplace [ RunTime:0.000589s ]
INFO: [ template_filter ] --END-- [ RunTime:0.000741s ]
NOTIC: [8] Undefined variable: ishome D:\wamp\www\lvyou\Runtime\Cache\Home\f0b2be0f98bf20434c73ee9abf8d8a86.php 第 190 行.
NOTIC: [8] Undefined variable: msg D:\wamp\www\lvyou\Runtime\Cache\Home\f0b2be0f98bf20434c73ee9abf8d8a86.php 第 210 行.
NOTIC: [8] Undefined variable: goods_name D:\wamp\www\lvyou\Runtime\Cache\Home\f0b2be0f98bf20434c73ee9abf8d8a86.php 第 242 行.
INFO: Run Behavior\ParseTemplate [ RunTime:0.253173s ]
INFO: [ view_parse ] --END-- [ RunTime:0.253289s ]
INFO: [ view_filter ] --START--
INFO: Run Behavior\WriteHtmlCache [ RunTime:0.035637s ]
INFO: [ view_filter ] --END-- [ RunTime:0.035787s ]
INFO: [ app_end ] --START--
INFO: Run Behavior\ShowPageTrace [ RunTime:0.055468s ]
INFO: [ app_end ] --END-- [ RunTime:0.055575s ]

[ 2015-11-29T00:23:42+08:00 ] 127.0.0.1 /lvyou/index.php?s=/Admin/Goods/index.html
SQL: SHOW COLUMNS FROM `ly_menu` [ RunTime:0.463491s ]
SQL: SELECT * FROM `ly_menu` WHERE ( `pid` = 0 ) AND ( `hide` = 0 ) ORDER BY sort asc  [ RunTime:0.069885s ]
SQL: SELECT `id` FROM `ly_menu` WHERE ( url like '%Goods/index%' ) LIMIT 1   [ RunTime:0.000597s ]
SQL: SHOW COLUMNS FROM `ly_menu` [ RunTime:0.723893s ]
SQL: SELECT `id`,`pid`,`title` FROM `ly_menu` WHERE ( id=131 ) LIMIT 1   [ RunTime:0.000278s ]
SQL: SELECT DISTINCT  `group` FROM `ly_menu` WHERE ( pid = 131 )  [ RunTime:0.000459s ]
SQL: SELECT `id`,`url` FROM `ly_menu` WHERE ( `pid` = 131 ) AND ( `hide` = 0 )  [ RunTime:0.000426s ]
SQL: SELECT `id`,`pid`,`title`,`url`,`tip` FROM `ly_menu` WHERE ( `group` = '周边' ) AND ( `pid` = 131 ) AND ( `hide` = 0 ) ORDER BY sort asc  [ RunTime:0.000431s ]
SQL: SELECT `id`,`pid`,`title`,`url`,`tip` FROM `ly_menu` WHERE ( `group` = '采集' ) AND ( `pid` = 131 ) AND ( `hide` = 0 ) ORDER BY sort asc  [ RunTime:0.000353s ]
SQL: SELECT `id`,`pid`,`title`,`url`,`tip` FROM `ly_menu` WHERE ( `group` = '分类' ) AND ( `pid` = 131 ) AND ( `hide` = 0 ) ORDER BY sort asc  [ RunTime:0.000385s ]
SQL: SELECT `id`,`pid`,`title`,`url`,`tip` FROM `ly_menu` WHERE ( `group` = '专题' ) AND ( `pid` = 131 ) AND ( `hide` = 0 ) ORDER BY sort asc  [ RunTime:0.000369s ]
SQL: SELECT `id`,`pid`,`title`,`url`,`tip` FROM `ly_menu` WHERE ( `group` = '标签' ) AND ( `pid` = 131 ) AND ( `hide` = 0 ) ORDER BY sort asc  [ RunTime:0.000366s ]
SQL: SELECT `id`,`pid`,`title`,`url`,`tip` FROM `ly_menu` WHERE ( `group` = '攻略' ) AND ( `pid` = 131 ) AND ( `hide` = 0 ) ORDER BY sort asc  [ RunTime:0.000354s ]
SQL: SELECT `id`,`pid`,`title`,`url`,`tip` FROM `ly_menu` WHERE ( `group` = '资讯' ) AND ( `pid` = 131 ) AND ( `hide` = 0 ) ORDER BY sort asc  [ RunTime:0.000406s ]
SQL: SELECT `id`,`pid`,`title`,`url`,`tip` FROM `ly_menu` WHERE ( `group` = '美食' ) AND ( `pid` = 131 ) AND ( `hide` = 0 ) ORDER BY sort asc  [ RunTime:0.000418s ]
NOTIC: [8] Undefined variable: where D:\wamp\www\lvyou\Lvyou\Admin\Controller\GoodsController.class.php 第 14 行.
SQL: SHOW COLUMNS FROM `ly_goods` [ RunTime:0.005624s ]
NOTIC: [8] Undefined index: where D:\wamp\www\lvyou\Lvyou\Admin\Controller\AdminController.class.php 第 437 行.
SQL: SELECT COUNT(*) AS tp_count FROM `ly_goods` LIMIT 1   [ RunTime:0.000223s ]
SQL: SELECT `goods_id`,`goods_type`,`title`,`name`,`cate_id`,`tid`,`add_id`,`add_uname`,`summary`,`city`,`days`,`aheaddays`,`traffic`,`invite`,`audition`,`maxdays`,`discount_price`,`price`,`child_price`,`pic_url`,`item_body`,`status`,`seo_title`,`seo_keywords`,`seo_description`,`ctime`,`hits`,`favor`,`sort`,`tags` FROM `ly_goods` ORDER BY sort desc , goods_id desc LIMIT 0,10   [ RunTime:0.000567s ]
SQL: SHOW COLUMNS FROM `ly_category_goods` [ RunTime:0.630800s ]
NOTIC: [8] Undefined variable: where D:\wamp\www\lvyou\Lvyou\Admin\Model\CategoryGoodsModel.class.php 第 13 行.
SQL: SELECT * FROM `ly_category_goods` WHERE (  status='1' ) ORDER BY p_id,sort  [ RunTime:0.000448s ]
INFO: [ view_parse ] --START--
INFO: [ template_filter ] --START--
INFO: Run Behavior\ContentReplace [ RunTime:0.000244s ]
INFO: [ template_filter ] --END-- [ RunTime:0.000349s ]
NOTIC: [8] Undefined variable: meta_title D:\wamp\www\lvyou\Runtime\Cache\Admin\353933ef32884c0fc1221009ac460075.php 第 5 行.
SQL: SHOW COLUMNS FROM `ly_goods_type` [ RunTime:0.223201s ]
SQL: SELECT * FROM `ly_goods_type` WHERE ( `id` = 2 ) LIMIT 1   [ RunTime:0.000747s ]
SQL: SELECT * FROM `ly_goods_type` WHERE ( `id` = 1 ) LIMIT 1   [ RunTime:0.000271s ]
INFO: Run Behavior\ParseTemplate [ RunTime:0.469378s ]
INFO: [ view_parse ] --END-- [ RunTime:0.469479s ]
INFO: [ view_filter ] --START--
INFO: Run Behavior\WriteHtmlCache [ RunTime:0.000557s ]
INFO: [ view_filter ] --END-- [ RunTime:0.000629s ]
INFO: [ app_end ] --START--
INFO: Run Behavior\ShowPageTrace [ RunTime:0.000713s ]
INFO: [ app_end ] --END-- [ RunTime:0.000785s ]

[ 2015-11-29T16:02:18+08:00 ] 127.0.0.1 /lvyou/index.php?s=/Admin/Goods/index.html
SQL: SHOW COLUMNS FROM `ly_menu` [ RunTime:0.241915s ]
SQL: SELECT * FROM `ly_menu` WHERE ( `pid` = 0 ) AND ( `hide` = 0 ) ORDER BY sort asc  [ RunTime:0.087360s ]
SQL: SELECT `id` FROM `ly_menu` WHERE ( url like '%Goods/index%' ) LIMIT 1   [ RunTime:0.000536s ]
SQL: SHOW COLUMNS FROM `ly_menu` [ RunTime:0.005727s ]
SQL: SELECT `id`,`pid`,`title` FROM `ly_menu` WHERE ( id=131 ) LIMIT 1   [ RunTime:0.000277s ]
SQL: SELECT DISTINCT  `group` FROM `ly_menu` WHERE ( pid = 131 )  [ RunTime:0.000426s ]
SQL: SELECT `id`,`url` FROM `ly_menu` WHERE ( `pid` = 131 ) AND ( `hide` = 0 )  [ RunTime:0.000362s ]
SQL: SELECT `id`,`pid`,`title`,`url`,`tip` FROM `ly_menu` WHERE ( `group` = '周边' ) AND ( `pid` = 131 ) AND ( `hide` = 0 ) ORDER BY sort asc  [ RunTime:0.000382s ]
SQL: SELECT `id`,`pid`,`title`,`url`,`tip` FROM `ly_menu` WHERE ( `group` = '采集' ) AND ( `pid` = 131 ) AND ( `hide` = 0 ) ORDER BY sort asc  [ RunTime:0.000326s ]
SQL: SELECT `id`,`pid`,`title`,`url`,`tip` FROM `ly_menu` WHERE ( `group` = '分类' ) AND ( `pid` = 131 ) AND ( `hide` = 0 ) ORDER BY sort asc  [ RunTime:0.000373s ]
SQL: SELECT `id`,`pid`,`title`,`url`,`tip` FROM `ly_menu` WHERE ( `group` = '专题' ) AND ( `pid` = 131 ) AND ( `hide` = 0 ) ORDER BY sort asc  [ RunTime:0.000342s ]
SQL: SELECT `id`,`pid`,`title`,`url`,`tip` FROM `ly_menu` WHERE ( `group` = '标签' ) AND ( `pid` = 131 ) AND ( `hide` = 0 ) ORDER BY sort asc  [ RunTime:0.000360s ]
SQL: SELECT `id`,`pid`,`title`,`url`,`tip` FROM `ly_menu` WHERE ( `group` = '攻略' ) AND ( `pid` = 131 ) AND ( `hide` = 0 ) ORDER BY sort asc  [ RunTime:0.000362s ]
SQL: SELECT `id`,`pid`,`title`,`url`,`tip` FROM `ly_menu` WHERE ( `group` = '资讯' ) AND ( `pid` = 131 ) AND ( `hide` = 0 ) ORDER BY sort asc  [ RunTime:0.000348s ]
SQL: SELECT `id`,`pid`,`title`,`url`,`tip` FROM `ly_menu` WHERE ( `group` = '美食' ) AND ( `pid` = 131 ) AND ( `hide` = 0 ) ORDER BY sort asc  [ RunTime:0.000345s ]
NOTIC: [8] Undefined variable: where D:\wamp\www\lvyou\Lvyou\Admin\Controller\GoodsController.class.php 第 14 行.
SQL: SHOW COLUMNS FROM `ly_goods` [ RunTime:0.262766s ]
NOTIC: [8] Undefined index: where D:\wamp\www\lvyou\Lvyou\Admin\Controller\AdminController.class.php 第 437 行.
SQL: SELECT COUNT(*) AS tp_count FROM `ly_goods` LIMIT 1   [ RunTime:0.083032s ]
SQL: SELECT `goods_id`,`goods_type`,`title`,`name`,`cate_id`,`tid`,`add_id`,`add_uname`,`summary`,`city`,`days`,`aheaddays`,`traffic`,`invite`,`audition`,`maxdays`,`discount_price`,`price`,`child_price`,`pic_url`,`item_body`,`status`,`seo_title`,`seo_keywords`,`seo_description`,`ctime`,`hits`,`favor`,`sort`,`tags` FROM `ly_goods` ORDER BY sort desc , goods_id desc LIMIT 0,10   [ RunTime:0.025020s ]
SQL: SHOW COLUMNS FROM `ly_category_goods` [ RunTime:0.146193s ]
NOTIC: [8] Undefined variable: where D:\wamp\www\lvyou\Lvyou\Admin\Model\CategoryGoodsModel.class.php 第 13 行.
SQL: SELECT * FROM `ly_category_goods` WHERE (  status='1' ) ORDER BY p_id,sort  [ RunTime:0.000506s ]
INFO: [ view_parse ] --START--
INFO: [ template_filter ] --START--
INFO: Run Behavior\ContentReplace [ RunTime:0.000245s ]
INFO: [ template_filter ] --END-- [ RunTime:0.000350s ]
NOTIC: [8] Undefined variable: meta_title D:\wamp\www\lvyou\Runtime\Cache\Admin\353933ef32884c0fc1221009ac460075.php 第 5 行.
SQL: SHOW COLUMNS FROM `ly_goods_type` [ RunTime:0.150249s ]
SQL: SELECT * FROM `ly_goods_type` WHERE ( `id` = 2 ) LIMIT 1   [ RunTime:0.000280s ]
SQL: SELECT * FROM `ly_goods_type` WHERE ( `id` = 1 ) LIMIT 1   [ RunTime:0.000265s ]
INFO: Run Behavior\ParseTemplate [ RunTime:0.585729s ]
INFO: [ view_parse ] --END-- [ RunTime:0.585860s ]
INFO: [ view_filter ] --START--
INFO: Run Behavior\WriteHtmlCache [ RunTime:0.051452s ]
INFO: [ view_filter ] --END-- [ RunTime:0.051551s ]
INFO: [ app_end ] --START--
INFO: Run Behavior\ShowPageTrace [ RunTime:0.063974s ]
INFO: [ app_end ] --END-- [ RunTime:0.064075s ]

[ 2015-11-29T16:02:24+08:00 ] 127.0.0.1 /lvyou/index.php?s=/Home/goods/info/id/473.html
NOTIC: [8] Use of undefined constant UID - assumed 'UID' D:\wamp\www\lvyou\Lvyou\Home\Controller\HomeController.class.php 第 30 行.
SQL: SHOW COLUMNS FROM `ly_nav` [ RunTime:0.316386s ]
SQL: SELECT * FROM `ly_nav` ORDER BY sort ASC LIMIT 9   [ RunTime:0.091639s ]
SQL: SHOW COLUMNS FROM `ly_friendlink` [ RunTime:0.370151s ]
SQL: SELECT * FROM `ly_friendlink` WHERE ( `state` = 1 ) ORDER BY sort ASC LIMIT 9   [ RunTime:0.050836s ]
SQL: SHOW COLUMNS FROM `ly_category` [ RunTime:0.194855s ]
SQL: SELECT * FROM `ly_category` WHERE ( `status` = 1 ) AND ( `type` = 2 ) ORDER BY `sort` DESC,cate_id DESC LIMIT 8   [ RunTime:0.053521s ]
ERR: 1054:Unknown column 'cate_id' in 'order clause'
 [ SQL语句 ] : SELECT * FROM `ly_category` WHERE ( `status` = 1 ) AND ( `type` = 2 ) ORDER BY `sort` DESC,cate_id DESC LIMIT 8  
NOTIC: [2] Invalid argument supplied for foreach() D:\wamp\www\lvyou\Lvyou\Home\Controller\HomeController.class.php 第 133 行.
NOTIC: [8] Undefined variable: article D:\wamp\www\lvyou\Lvyou\Home\Controller\HomeController.class.php 第 138 行.
SQL: SHOW COLUMNS FROM `ly_goods` [ RunTime:0.024046s ]
SQL: SELECT * FROM `ly_goods` WHERE ( `goods_id` = 473 ) LIMIT 1   [ RunTime:0.000374s ]
SQL: SHOW COLUMNS FROM `ly_search_keyword` [ RunTime:0.216991s ]
SQL: SELECT * FROM `ly_search_keyword` WHERE ( `isshow` = 1 ) ORDER BY times desc  [ RunTime:0.000314s ]
SQL: SHOW COLUMNS FROM `ly_support` [ RunTime:0.473224s ]
SQL: SELECT * FROM `ly_support` WHERE ( `status` = 1 ) ORDER BY sort desc  [ RunTime:0.000358s ]
SQL: SHOW COLUMNS FROM `ly_goods` [ RunTime:0.231369s ]
SQL: SELECT * FROM `ly_goods` INNER JOIN ly_category_goods ON ly_goods.cate_id = ly_category_goods.id  WHERE ( `goods_id` = 473 ) LIMIT 1   [ RunTime:0.074413s ]
SQL: UPDATE `ly_goods` SET `hits`=hits+1 WHERE ( goods_id=473 ) [ RunTime:0.020676s ]
SQL: SHOW COLUMNS FROM `ly_topic` [ RunTime:0.459285s ]
SQL: SELECT * FROM `ly_topic` WHERE ( `tid` = 0 ) LIMIT 1   [ RunTime:0.024708s ]
SQL: SHOW COLUMNS FROM `ly_goods` [ RunTime:0.289429s ]
SQL: SELECT * FROM `ly_goods` WHERE ( `cate_id` = 15 ) ORDER BY hits DESC,goods_id DESC LIMIT 8   [ RunTime:0.155274s ]
SQL: SHOW COLUMNS FROM `ly_goods_extra` [ RunTime:0.291591s ]
SQL: SELECT * FROM `ly_goods_extra` WHERE ( `goods_id` = 473 ) AND ( `status` = 1 ) ORDER BY sort  [ RunTime:0.068075s ]
SQL: SHOW COLUMNS FROM `ly_tag` [ RunTime:0.656595s ]
SQL: SELECT * FROM `ly_tag` WHERE ( id in () and status = 1 ) ORDER BY sort ASC  [ RunTime:0.000135s ]
ERR: 1064:You have an error in your SQL syntax; check the manual that corresponds to your MySQL server version for the right syntax to use near ') and status = 1 ) ORDER BY sort ASC' at line 1
 [ SQL语句 ] : SELECT * FROM `ly_tag` WHERE ( id in () and status = 1 ) ORDER BY sort ASC 
INFO: [ view_parse ] --START--
INFO: [ template_filter ] --START--
INFO: Run Behavior\ContentReplace [ RunTime:0.000564s ]
INFO: [ template_filter ] --END-- [ RunTime:0.000667s ]
NOTIC: [8] Undefined variable: ishome D:\wamp\www\lvyou\Runtime\Cache\Home\f0b2be0f98bf20434c73ee9abf8d8a86.php 第 190 行.
NOTIC: [8] Undefined variable: msg D:\wamp\www\lvyou\Runtime\Cache\Home\f0b2be0f98bf20434c73ee9abf8d8a86.php 第 210 行.
NOTIC: [8] Undefined variable: goods_name D:\wamp\www\lvyou\Runtime\Cache\Home\f0b2be0f98bf20434c73ee9abf8d8a86.php 第 242 行.
INFO: Run Behavior\ParseTemplate [ RunTime:0.603793s ]
INFO: [ view_parse ] --END-- [ RunTime:0.603931s ]
INFO: [ view_filter ] --START--
INFO: Run Behavior\WriteHtmlCache [ RunTime:0.000457s ]
INFO: [ view_filter ] --END-- [ RunTime:0.000530s ]
INFO: [ app_end ] --START--
INFO: Run Behavior\ShowPageTrace [ RunTime:0.000796s ]
INFO: [ app_end ] --END-- [ RunTime:0.000869s ]

[ 2015-11-29T16:05:38+08:00 ] 127.0.0.1 /lvyou/index.php?s=/Home/goods/info/id/472.html
NOTIC: [8] Use of undefined constant UID - assumed 'UID' D:\wamp\www\lvyou\Lvyou\Home\Controller\HomeController.class.php 第 30 行.
SQL: SHOW COLUMNS FROM `ly_nav` [ RunTime:0.004340s ]
SQL: SELECT * FROM `ly_nav` ORDER BY sort ASC LIMIT 9   [ RunTime:0.000683s ]
SQL: SHOW COLUMNS FROM `ly_friendlink` [ RunTime:0.005842s ]
SQL: SELECT * FROM `ly_friendlink` WHERE ( `state` = 1 ) ORDER BY sort ASC LIMIT 9   [ RunTime:0.000271s ]
SQL: SHOW COLUMNS FROM `ly_category` [ RunTime:0.005006s ]
SQL: SELECT * FROM `ly_category` WHERE ( `status` = 1 ) AND ( `type` = 2 ) ORDER BY `sort` DESC,cate_id DESC LIMIT 8   [ RunTime:0.000310s ]
ERR: 1054:Unknown column 'cate_id' in 'order clause'
 [ SQL语句 ] : SELECT * FROM `ly_category` WHERE ( `status` = 1 ) AND ( `type` = 2 ) ORDER BY `sort` DESC,cate_id DESC LIMIT 8  
NOTIC: [2] Invalid argument supplied for foreach() D:\wamp\www\lvyou\Lvyou\Home\Controller\HomeController.class.php 第 133 行.
NOTIC: [8] Undefined variable: article D:\wamp\www\lvyou\Lvyou\Home\Controller\HomeController.class.php 第 138 行.
SQL: SHOW COLUMNS FROM `ly_goods` [ RunTime:0.005510s ]
SQL: SELECT * FROM `ly_goods` WHERE ( `goods_id` = 472 ) LIMIT 1   [ RunTime:0.000409s ]
SQL: SHOW COLUMNS FROM `ly_search_keyword` [ RunTime:0.004807s ]
SQL: SELECT * FROM `ly_search_keyword` WHERE ( `isshow` = 1 ) ORDER BY times desc  [ RunTime:0.000590s ]
SQL: SHOW COLUMNS FROM `ly_support` [ RunTime:0.004308s ]
SQL: SELECT * FROM `ly_support` WHERE ( `status` = 1 ) ORDER BY sort desc  [ RunTime:0.000252s ]
SQL: SHOW COLUMNS FROM `ly_goods` [ RunTime:0.005583s ]
SQL: SELECT * FROM `ly_goods` INNER JOIN ly_category_goods ON ly_goods.cate_id = ly_category_goods.id  WHERE ( `goods_id` = 472 ) LIMIT 1   [ RunTime:0.001179s ]
SQL: UPDATE `ly_goods` SET `hits`=hits+1 WHERE ( goods_id=472 ) [ RunTime:0.001083s ]
SQL: SHOW COLUMNS FROM `ly_topic` [ RunTime:0.004482s ]
SQL: SELECT * FROM `ly_topic` WHERE ( `tid` = 0 ) LIMIT 1   [ RunTime:0.000225s ]
SQL: SHOW COLUMNS FROM `ly_goods` [ RunTime:0.005195s ]
SQL: SELECT * FROM `ly_goods` WHERE ( `cate_id` = 15 ) ORDER BY hits DESC,goods_id DESC LIMIT 8   [ RunTime:0.000722s ]
SQL: SHOW COLUMNS FROM `ly_goods_extra` [ RunTime:0.004094s ]
SQL: SELECT * FROM `ly_goods_extra` WHERE ( `goods_id` = 472 ) AND ( `status` = 1 ) ORDER BY sort  [ RunTime:0.000201s ]
SQL: SHOW COLUMNS FROM `ly_tag` [ RunTime:0.003104s ]
SQL: SELECT * FROM `ly_tag` WHERE ( id in () and status = 1 ) ORDER BY sort ASC  [ RunTime:0.000118s ]
ERR: 1064:You have an error in your SQL syntax; check the manual that corresponds to your MySQL server version for the right syntax to use near ') and status = 1 ) ORDER BY sort ASC' at line 1
 [ SQL语句 ] : SELECT * FROM `ly_tag` WHERE ( id in () and status = 1 ) ORDER BY sort ASC 
INFO: [ view_parse ] --START--
INFO: [ template_filter ] --START--
INFO: Run Behavior\ContentReplace [ RunTime:0.000538s ]
INFO: [ template_filter ] --END-- [ RunTime:0.000641s ]
NOTIC: [8] Undefined variable: ishome D:\wamp\www\lvyou\Runtime\Cache\Home\f0b2be0f98bf20434c73ee9abf8d8a86.php 第 190 行.
NOTIC: [8] Undefined variable: msg D:\wamp\www\lvyou\Runtime\Cache\Home\f0b2be0f98bf20434c73ee9abf8d8a86.php 第 210 行.
NOTIC: [8] Undefined variable: goods_name D:\wamp\www\lvyou\Runtime\Cache\Home\f0b2be0f98bf20434c73ee9abf8d8a86.php 第 242 行.
INFO: Run Behavior\ParseTemplate [ RunTime:0.040192s ]
INFO: [ view_parse ] --END-- [ RunTime:0.040341s ]
INFO: [ view_filter ] --START--
INFO: Run Behavior\WriteHtmlCache [ RunTime:0.001175s ]
INFO: [ view_filter ] --END-- [ RunTime:0.001284s ]
INFO: [ app_end ] --START--
INFO: Run Behavior\ShowPageTrace [ RunTime:0.000977s ]
INFO: [ app_end ] --END-- [ RunTime:0.001058s ]

