[ 2015-10-05T08:50:20+08:00 ] ::1 /lvyou/index.php?s=/Admin/Banner/index.html
SQL: SHOW COLUMNS FROM `ly_menu` [ RunTime:0.011000s ]
SQL: SELECT * FROM `ly_menu` WHERE ( `pid` = 0 ) AND ( `hide` = 0 ) ORDER BY sort asc  [ RunTime:0.001000s ]
SQL: SELECT `id` FROM `ly_menu` WHERE ( url like '%Banner/index%' ) LIMIT 1   [ RunTime:0.000000s ]
SQL: SHOW COLUMNS FROM `ly_menu` [ RunTime:0.001000s ]
SQL: SELECT `id`,`pid`,`title` FROM `ly_menu` WHERE ( id=141 ) LIMIT 1   [ RunTime:0.000000s ]
SQL: SELECT `id`,`pid`,`title` FROM `ly_menu` WHERE ( id=93 ) LIMIT 1   [ RunTime:0.000000s ]
SQL: SELECT DISTINCT  `group` FROM `ly_menu` WHERE ( pid = 93 )  [ RunTime:0.000000s ]
SQL: SELECT `id`,`url` FROM `ly_menu` WHERE ( `pid` = 93 ) AND ( `hide` = 0 )  [ RunTime:0.001000s ]
SQL: SELECT `id`,`pid`,`title`,`url`,`tip` FROM `ly_menu` WHERE ( `group` = '系统设置' ) AND ( `pid` = 93 ) AND ( `hide` = 0 ) ORDER BY sort asc  [ RunTime:0.000000s ]
SQL: SELECT `id`,`pid`,`title`,`url`,`tip` FROM `ly_menu` WHERE ( `group` = '' ) AND ( `pid` = 93 ) AND ( `hide` = 0 ) ORDER BY sort asc  [ RunTime:0.000000s ]
SQL: SHOW COLUMNS FROM `ly_banner` [ RunTime:0.008000s ]
SQL: SELECT * FROM `ly_banner` ORDER BY `sort` desc,id desc  [ RunTime:0.000000s ]
INFO: [ view_parse ] --START--
INFO: [ template_filter ] --START--
INFO: Run Behavior\ContentReplace [ RunTime:0.000000s ]
INFO: [ template_filter ] --END-- [ RunTime:0.000000s ]
NOTIC: [8] Undefined variable: meta_title D:\xampp\htdocs\lvyou\Runtime\Cache\Admin\215daed32d93392089d1582a2ed15e02.php 第 5 行.
NOTIC: [8] Undefined index: sort_id D:\xampp\htdocs\lvyou\Runtime\Cache\Admin\215daed32d93392089d1582a2ed15e02.php 第 139 行.
NOTIC: [8] Undefined index: sort_id D:\xampp\htdocs\lvyou\Runtime\Cache\Admin\215daed32d93392089d1582a2ed15e02.php 第 139 行.
NOTIC: [8] Undefined index: sort_id D:\xampp\htdocs\lvyou\Runtime\Cache\Admin\215daed32d93392089d1582a2ed15e02.php 第 139 行.
INFO: Run Behavior\ParseTemplate [ RunTime:0.036002s ]
INFO: [ view_parse ] --END-- [ RunTime:0.036002s ]
INFO: [ view_filter ] --START--
INFO: Run Behavior\WriteHtmlCache [ RunTime:0.001000s ]
INFO: [ view_filter ] --END-- [ RunTime:0.001000s ]
INFO: [ app_end ] --START--
INFO: Run Behavior\ShowPageTrace [ RunTime:0.001000s ]
INFO: [ app_end ] --END-- [ RunTime:0.001000s ]

[ 2015-10-05T08:50:20+08:00 ] ::1 /lvyou/index.php
NOTIC: [8] Use of undefined constant UID - assumed 'UID' D:\xampp\htdocs\lvyou\Lvyou\Home\Controller\HomeController.class.php 第 30 行.
SQL: SHOW COLUMNS FROM `ly_nav` [ RunTime:0.028002s ]
SQL: SELECT * FROM `ly_nav` ORDER BY sort ASC LIMIT 9   [ RunTime:0.000000s ]
SQL: SHOW COLUMNS FROM `ly_friendlink` [ RunTime:0.004000s ]
SQL: SELECT * FROM `ly_friendlink` WHERE ( `state` = 1 ) ORDER BY sort ASC LIMIT 9   [ RunTime:0.001000s ]
SQL: SHOW COLUMNS FROM `ly_category` [ RunTime:0.003000s ]
SQL: SELECT * FROM `ly_category` WHERE ( `status` = 1 ) AND ( `type` = 2 ) ORDER BY `sort` DESC,cate_id DESC LIMIT 8   [ RunTime:0.001000s ]
ERR: 1054:Unknown column 'cate_id' in 'order clause'
 [ SQL语句 ] : SELECT * FROM `ly_category` WHERE ( `status` = 1 ) AND ( `type` = 2 ) ORDER BY `sort` DESC,cate_id DESC LIMIT 8  
NOTIC: [2] Invalid argument supplied for foreach() D:\xampp\htdocs\lvyou\Lvyou\Home\Controller\HomeController.class.php 第 133 行.
NOTIC: [8] Undefined variable: article D:\xampp\htdocs\lvyou\Lvyou\Home\Controller\HomeController.class.php 第 138 行.
SQL: SHOW COLUMNS FROM `ly_search_keyword` [ RunTime:0.010001s ]
SQL: SELECT * FROM `ly_search_keyword` WHERE ( `isshow` = 1 ) ORDER BY times desc  [ RunTime:0.000000s ]
SQL: SHOW COLUMNS FROM `ly_support` [ RunTime:0.003000s ]
SQL: SELECT * FROM `ly_support` WHERE ( `status` = 1 ) ORDER BY sort desc  [ RunTime:0.000000s ]
SQL: SHOW COLUMNS FROM `ly_banner` [ RunTime:0.001000s ]
SQL: SELECT * FROM `ly_banner` WHERE ( `status` = 1 ) ORDER BY `sort` ASC  [ RunTime:0.000000s ]
SQL: SHOW COLUMNS FROM `ly_ad` [ RunTime:0.001000s ]
ERR: 1146:Table 'lvyou.ly_ad' doesn't exist
 [ SQL语句 ] : SHOW COLUMNS FROM `ly_ad`
SQL: SELECT * FROM `ly_ad` WHERE ( `state` = 1 ) ORDER BY `order` DESC  [ RunTime:0.000000s ]
ERR: 1146:Table 'lvyou.ly_ad' doesn't exist
 [ SQL语句 ] : SELECT * FROM `ly_ad` WHERE ( `state` = 1 ) ORDER BY `order` DESC 
NOTIC: [2] Invalid argument supplied for foreach() D:\xampp\htdocs\lvyou\Lvyou\Home\Controller\IndexController.class.php 第 30 行.
SQL: SHOW COLUMNS FROM `ly_category_goods` [ RunTime:0.004001s ]
SQL: SELECT * FROM `ly_category_goods` WHERE ( `status` = 1 ) AND ( `is_home` = 1 ) AND ( `p_id` = 0 ) ORDER BY sort ASC  [ RunTime:0.000000s ]
SQL: SHOW COLUMNS FROM `ly_goods` [ RunTime:0.015000s ]
SQL: SELECT `id`,`category_name`,`is_home` FROM `ly_category_goods` WHERE ( `status` = 1 ) AND ( `p_id` = 10 )  [ RunTime:0.000000s ]
SQL: SELECT * FROM `ly_goods` WHERE ( status = 1 and cate_id in (10,11,12) ) ORDER BY `sort` DESC,goods_id DESC LIMIT 8   [ RunTime:0.001000s ]
SQL: SELECT `id`,`category_name`,`is_home` FROM `ly_category_goods` WHERE ( `status` = 1 ) AND ( `p_id` = 2 )  [ RunTime:0.000000s ]
NOTIC: [2] Invalid argument supplied for foreach() D:\xampp\htdocs\lvyou\Lvyou\Home\Controller\IndexController.class.php 第 51 行.
SQL: SELECT * FROM `ly_goods` WHERE ( status = 1 and cate_id in (2) ) ORDER BY `sort` DESC,goods_id DESC LIMIT 4   [ RunTime:0.000000s ]
SQL: SHOW COLUMNS FROM `ly_category` [ RunTime:0.002000s ]
SQL: SELECT * FROM `ly_category` WHERE ( `status` = 1 ) ORDER BY sort  [ RunTime:0.001000s ]
SQL: SHOW COLUMNS FROM `ly_document` [ RunTime:0.004000s ]
SQL: SELECT * FROM `ly_document` WHERE ( `status` = 1 ) AND ( `category_id` = 1 ) LIMIT 10   [ RunTime:0.000000s ]
SQL: SELECT * FROM `ly_document` WHERE ( `status` = 1 ) AND ( `category_id` = 2 ) LIMIT 10   [ RunTime:0.000000s ]
SQL: SELECT * FROM `ly_document` WHERE ( `status` = 1 ) AND ( `category_id` = 39 ) LIMIT 10   [ RunTime:0.000000s ]
SQL: SHOW COLUMNS FROM `ly_page` [ RunTime:0.003000s ]
SQL: SELECT * FROM `ly_page` WHERE ( `status` = 1 ) AND ( `ishome` = 1 ) ORDER BY sort  [ RunTime:0.001000s ]
SQL: SHOW COLUMNS FROM `ly_category_goods` [ RunTime:0.002000s ]
SQL: SELECT * FROM `ly_category_goods` WHERE ( `p_id` = 0 ) AND ( `status` = 1 ) ORDER BY sort ASC  [ RunTime:0.000000s ]
SQL: SELECT * FROM `ly_category_goods` WHERE ( `p_id` = 1 ) AND ( `status` = 1 ) ORDER BY sort ASC  [ RunTime:0.000000s ]
NOTIC: [2] Invalid argument supplied for foreach() D:\xampp\htdocs\lvyou\Lvyou\Home\Model\CategoryGoodsModel.class.php 第 51 行.
SQL: SELECT * FROM `ly_category_goods` WHERE ( `p_id` = 3 ) AND ( `status` = 1 ) ORDER BY sort ASC  [ RunTime:0.001000s ]
NOTIC: [2] Invalid argument supplied for foreach() D:\xampp\htdocs\lvyou\Lvyou\Home\Model\CategoryGoodsModel.class.php 第 51 行.
SQL: SELECT * FROM `ly_category_goods` WHERE ( `p_id` = 4 ) AND ( `status` = 1 ) ORDER BY sort ASC  [ RunTime:0.000000s ]
SQL: SELECT * FROM `ly_category_goods` WHERE ( `p_id` = 9 ) AND ( `status` = 1 ) ORDER BY sort ASC  [ RunTime:0.000000s ]
NOTIC: [2] Invalid argument supplied for foreach() D:\xampp\htdocs\lvyou\Lvyou\Home\Model\CategoryGoodsModel.class.php 第 51 行.
SQL: SELECT * FROM `ly_category_goods` WHERE ( `p_id` = 10 ) AND ( `status` = 1 ) ORDER BY sort ASC  [ RunTime:0.000000s ]
SQL: SELECT * FROM `ly_category_goods` WHERE ( `p_id` = 11 ) AND ( `status` = 1 ) ORDER BY sort ASC  [ RunTime:0.000000s ]
NOTIC: [2] Invalid argument supplied for foreach() D:\xampp\htdocs\lvyou\Lvyou\Home\Model\CategoryGoodsModel.class.php 第 51 行.
SQL: SELECT * FROM `ly_category_goods` WHERE ( `p_id` = 12 ) AND ( `status` = 1 ) ORDER BY sort ASC  [ RunTime:0.000000s ]
SQL: SELECT * FROM `ly_category_goods` WHERE ( `p_id` = 13 ) AND ( `status` = 1 ) ORDER BY sort ASC  [ RunTime:0.000000s ]
NOTIC: [2] Invalid argument supplied for foreach() D:\xampp\htdocs\lvyou\Lvyou\Home\Model\CategoryGoodsModel.class.php 第 51 行.
SQL: SELECT * FROM `ly_category_goods` WHERE ( `p_id` = 2 ) AND ( `status` = 1 ) ORDER BY sort ASC  [ RunTime:0.000000s ]
NOTIC: [2] Invalid argument supplied for foreach() D:\xampp\htdocs\lvyou\Lvyou\Home\Model\CategoryGoodsModel.class.php 第 51 行.
SQL: SHOW COLUMNS FROM `ly_orders` [ RunTime:0.003001s ]
SQL: SELECT * FROM `ly_orders` ORDER BY createtime DESC LIMIT 12   [ RunTime:0.000000s ]
INFO: [ view_parse ] --START--
INFO: [ template_filter ] --START--
INFO: Run Behavior\ContentReplace [ RunTime:0.001000s ]
INFO: [ template_filter ] --END-- [ RunTime:0.001000s ]
NOTIC: [8] Undefined variable: nav_url D:\xampp\htdocs\lvyou\Runtime\Cache\Home\60f417c5b5cfe4e19dc86fca446bfc2f.php 第 49 行.
NOTIC: [8] Undefined index: category_child D:\xampp\htdocs\lvyou\Runtime\Cache\Home\60f417c5b5cfe4e19dc86fca446bfc2f.php 第 446 行.
NOTIC: [8] Undefined variable: articleSort D:\xampp\htdocs\lvyou\Runtime\Cache\Home\60f417c5b5cfe4e19dc86fca446bfc2f.php 第 544 行.
NOTIC: [8] Undefined variable: articleSort D:\xampp\htdocs\lvyou\Runtime\Cache\Home\60f417c5b5cfe4e19dc86fca446bfc2f.php 第 545 行.
NOTIC: [8] Undefined variable: articleSort D:\xampp\htdocs\lvyou\Runtime\Cache\Home\60f417c5b5cfe4e19dc86fca446bfc2f.php 第 549 行.
NOTIC: [8] Undefined variable: articleSort D:\xampp\htdocs\lvyou\Runtime\Cache\Home\60f417c5b5cfe4e19dc86fca446bfc2f.php 第 550 行.
NOTIC: [8] Undefined variable: articleSort D:\xampp\htdocs\lvyou\Runtime\Cache\Home\60f417c5b5cfe4e19dc86fca446bfc2f.php 第 554 行.
NOTIC: [8] Undefined variable: articleSort D:\xampp\htdocs\lvyou\Runtime\Cache\Home\60f417c5b5cfe4e19dc86fca446bfc2f.php 第 555 行.
NOTIC: [8] Undefined variable: articleSort D:\xampp\htdocs\lvyou\Runtime\Cache\Home\60f417c5b5cfe4e19dc86fca446bfc2f.php 第 559 行.
NOTIC: [8] Undefined variable: articleSort D:\xampp\htdocs\lvyou\Runtime\Cache\Home\60f417c5b5cfe4e19dc86fca446bfc2f.php 第 560 行.
INFO: Run Behavior\ParseTemplate [ RunTime:0.166009s ]
INFO: [ view_parse ] --END-- [ RunTime:0.166009s ]
INFO: [ view_filter ] --START--
INFO: Run Behavior\WriteHtmlCache [ RunTime:0.000000s ]
INFO: [ view_filter ] --END-- [ RunTime:0.000000s ]
INFO: [ app_end ] --START--
INFO: Run Behavior\ShowPageTrace [ RunTime:0.001000s ]
INFO: [ app_end ] --END-- [ RunTime:0.001000s ]

