[ 2015-12-08T22:28:05+08:00 ] 127.0.0.1 /lvyou/index.php?s=/Admin/Goods/index.html
SQL: SHOW COLUMNS FROM `ly_menu` [ RunTime:0.349566s ]
SQL: SELECT * FROM `ly_menu` WHERE ( `pid` = 0 ) AND ( `hide` = 0 ) ORDER BY sort asc  [ RunTime:0.232558s ]
SQL: SELECT `id` FROM `ly_menu` WHERE ( url like '%Goods/index%' ) LIMIT 1   [ RunTime:0.000364s ]
SQL: SHOW COLUMNS FROM `ly_menu` [ RunTime:0.025481s ]
SQL: SELECT `id`,`pid`,`title` FROM `ly_menu` WHERE ( id=131 ) LIMIT 1   [ RunTime:0.000309s ]
SQL: SELECT DISTINCT  `group` FROM `ly_menu` WHERE ( pid = 131 )  [ RunTime:0.000400s ]
SQL: SELECT `id`,`url` FROM `ly_menu` WHERE ( `pid` = 131 ) AND ( `hide` = 0 )  [ RunTime:0.000379s ]
SQL: SELECT `id`,`pid`,`title`,`url`,`tip` FROM `ly_menu` WHERE ( `group` = '周边' ) AND ( `pid` = 131 ) AND ( `hide` = 0 ) ORDER BY sort asc  [ RunTime:0.000813s ]
SQL: SELECT `id`,`pid`,`title`,`url`,`tip` FROM `ly_menu` WHERE ( `group` = '采集' ) AND ( `pid` = 131 ) AND ( `hide` = 0 ) ORDER BY sort asc  [ RunTime:0.000450s ]
SQL: SELECT `id`,`pid`,`title`,`url`,`tip` FROM `ly_menu` WHERE ( `group` = '分类' ) AND ( `pid` = 131 ) AND ( `hide` = 0 ) ORDER BY sort asc  [ RunTime:0.000448s ]
SQL: SELECT `id`,`pid`,`title`,`url`,`tip` FROM `ly_menu` WHERE ( `group` = '专题' ) AND ( `pid` = 131 ) AND ( `hide` = 0 ) ORDER BY sort asc  [ RunTime:0.000357s ]
SQL: SELECT `id`,`pid`,`title`,`url`,`tip` FROM `ly_menu` WHERE ( `group` = '标签' ) AND ( `pid` = 131 ) AND ( `hide` = 0 ) ORDER BY sort asc  [ RunTime:0.000320s ]
SQL: SELECT `id`,`pid`,`title`,`url`,`tip` FROM `ly_menu` WHERE ( `group` = '攻略' ) AND ( `pid` = 131 ) AND ( `hide` = 0 ) ORDER BY sort asc  [ RunTime:0.000324s ]
SQL: SELECT `id`,`pid`,`title`,`url`,`tip` FROM `ly_menu` WHERE ( `group` = '资讯' ) AND ( `pid` = 131 ) AND ( `hide` = 0 ) ORDER BY sort asc  [ RunTime:0.000327s ]
SQL: SELECT `id`,`pid`,`title`,`url`,`tip` FROM `ly_menu` WHERE ( `group` = '美食' ) AND ( `pid` = 131 ) AND ( `hide` = 0 ) ORDER BY sort asc  [ RunTime:0.000304s ]
NOTIC: [8] Undefined variable: where D:\wamp\www\lvyou\Lvyou\Admin\Controller\GoodsController.class.php 第 14 行.
SQL: SHOW COLUMNS FROM `ly_goods` [ RunTime:0.078065s ]
NOTIC: [8] Undefined index: where D:\wamp\www\lvyou\Lvyou\Admin\Controller\AdminController.class.php 第 437 行.
SQL: SELECT COUNT(*) AS tp_count FROM `ly_goods` LIMIT 1   [ RunTime:0.000231s ]
SQL: SELECT `goods_id`,`goods_type`,`title`,`name`,`cate_id`,`tid`,`add_id`,`add_uname`,`summary`,`city`,`days`,`aheaddays`,`traffic`,`invite`,`audition`,`maxdays`,`discount_price`,`price`,`child_price`,`pic_url`,`item_body`,`status`,`seo_title`,`seo_keywords`,`seo_description`,`ctime`,`hits`,`favor`,`sort`,`tags` FROM `ly_goods` ORDER BY sort desc , goods_id desc LIMIT 0,10   [ RunTime:0.058314s ]
SQL: SHOW COLUMNS FROM `ly_category_goods` [ RunTime:0.471780s ]
NOTIC: [8] Undefined variable: where D:\wamp\www\lvyou\Lvyou\Admin\Model\CategoryGoodsModel.class.php 第 13 行.
SQL: SELECT * FROM `ly_category_goods` WHERE (  status='1' ) ORDER BY p_id,sort  [ RunTime:0.029023s ]
INFO: [ view_parse ] --START--
INFO: [ template_filter ] --START--
INFO: Run Behavior\ContentReplace [ RunTime:0.000243s ]
INFO: [ template_filter ] --END-- [ RunTime:0.000354s ]
NOTIC: [8] Undefined variable: meta_title D:\wamp\www\lvyou\Runtime\Cache\Admin\353933ef32884c0fc1221009ac460075.php 第 5 行.
SQL: SHOW COLUMNS FROM `ly_goods_type` [ RunTime:0.136084s ]
SQL: SELECT * FROM `ly_goods_type` WHERE ( `id` = 2 ) LIMIT 1   [ RunTime:0.000299s ]
SQL: SELECT * FROM `ly_goods_type` WHERE ( `id` = 1 ) LIMIT 1   [ RunTime:0.000391s ]
INFO: Run Behavior\ParseTemplate [ RunTime:0.622531s ]
INFO: [ view_parse ] --END-- [ RunTime:0.622652s ]
INFO: [ view_filter ] --START--
INFO: Run Behavior\WriteHtmlCache [ RunTime:0.068214s ]
INFO: [ view_filter ] --END-- [ RunTime:0.068320s ]
INFO: [ app_end ] --START--
INFO: Run Behavior\ShowPageTrace [ RunTime:0.047222s ]
INFO: [ app_end ] --END-- [ RunTime:0.047326s ]

[ 2015-12-08T22:28:08+08:00 ] 127.0.0.1 /lvyou/index.php?s=/Home/goods/info/id/473.html
NOTIC: [8] Use of undefined constant UID - assumed 'UID' D:\wamp\www\lvyou\Lvyou\Home\Controller\HomeController.class.php 第 30 行.
SQL: SHOW COLUMNS FROM `ly_nav` [ RunTime:0.598532s ]
SQL: SELECT * FROM `ly_nav` ORDER BY sort ASC LIMIT 9   [ RunTime:0.017769s ]
SQL: SHOW COLUMNS FROM `ly_friendlink` [ RunTime:0.216648s ]
SQL: SELECT * FROM `ly_friendlink` WHERE ( `state` = 1 ) ORDER BY sort ASC LIMIT 9   [ RunTime:0.000404s ]
SQL: SHOW COLUMNS FROM `ly_category` [ RunTime:0.251852s ]
SQL: SELECT * FROM `ly_category` WHERE ( `status` = 1 ) AND ( `type` = 2 ) ORDER BY `sort` DESC,cate_id DESC LIMIT 8   [ RunTime:0.000424s ]
ERR: 1054:Unknown column 'cate_id' in 'order clause'
 [ SQL语句 ] : SELECT * FROM `ly_category` WHERE ( `status` = 1 ) AND ( `type` = 2 ) ORDER BY `sort` DESC,cate_id DESC LIMIT 8  
NOTIC: [2] Invalid argument supplied for foreach() D:\wamp\www\lvyou\Lvyou\Home\Controller\HomeController.class.php 第 133 行.
NOTIC: [8] Undefined variable: article D:\wamp\www\lvyou\Lvyou\Home\Controller\HomeController.class.php 第 138 行.
SQL: SHOW COLUMNS FROM `ly_goods` [ RunTime:0.004107s ]
SQL: SELECT * FROM `ly_goods` WHERE ( `goods_id` = 473 ) LIMIT 1   [ RunTime:0.000472s ]
SQL: SHOW COLUMNS FROM `ly_search_keyword` [ RunTime:0.063031s ]
SQL: SELECT * FROM `ly_search_keyword` WHERE ( `isshow` = 1 ) ORDER BY times desc  [ RunTime:0.000529s ]
SQL: SHOW COLUMNS FROM `ly_support` [ RunTime:0.107984s ]
SQL: SELECT * FROM `ly_support` WHERE ( `status` = 1 ) ORDER BY sort desc  [ RunTime:0.000396s ]
SQL: SHOW COLUMNS FROM `ly_goods` [ RunTime:0.003842s ]
SQL: SELECT * FROM `ly_goods` INNER JOIN ly_category_goods ON ly_goods.cate_id = ly_category_goods.id  WHERE ( `goods_id` = 473 ) LIMIT 1   [ RunTime:0.000429s ]
SQL: UPDATE `ly_goods` SET `hits`=hits+1 WHERE ( goods_id=473 ) [ RunTime:0.179648s ]
SQL: SHOW COLUMNS FROM `ly_topic` [ RunTime:0.184797s ]
SQL: SELECT * FROM `ly_topic` WHERE ( `tid` = 0 ) LIMIT 1   [ RunTime:0.000276s ]
SQL: SHOW COLUMNS FROM `ly_goods` [ RunTime:0.004637s ]
SQL: SELECT * FROM `ly_goods` WHERE ( `cate_id` = 15 ) ORDER BY hits DESC,goods_id DESC LIMIT 8   [ RunTime:0.000529s ]
SQL: SHOW COLUMNS FROM `ly_goods_extra` [ RunTime:0.107063s ]
SQL: SELECT * FROM `ly_goods_extra` WHERE ( `goods_id` = 473 ) AND ( `status` = 1 ) ORDER BY sort  [ RunTime:0.000285s ]
SQL: SHOW COLUMNS FROM `ly_tag` [ RunTime:0.080073s ]
SQL: SELECT * FROM `ly_tag` WHERE ( id in () and status = 1 ) ORDER BY sort ASC  [ RunTime:0.000156s ]
ERR: 1064:You have an error in your SQL syntax; check the manual that corresponds to your MySQL server version for the right syntax to use near ') and status = 1 ) ORDER BY sort ASC' at line 1
 [ SQL语句 ] : SELECT * FROM `ly_tag` WHERE ( id in () and status = 1 ) ORDER BY sort ASC 
INFO: [ view_parse ] --START--
INFO: [ template_filter ] --START--
INFO: Run Behavior\ContentReplace [ RunTime:0.000533s ]
INFO: [ template_filter ] --END-- [ RunTime:0.000637s ]
NOTIC: [8] Undefined variable: ishome D:\wamp\www\lvyou\Runtime\Cache\Home\f0b2be0f98bf20434c73ee9abf8d8a86.php 第 190 行.
NOTIC: [8] Undefined variable: msg D:\wamp\www\lvyou\Runtime\Cache\Home\f0b2be0f98bf20434c73ee9abf8d8a86.php 第 210 行.
NOTIC: [8] Undefined variable: goods_name D:\wamp\www\lvyou\Runtime\Cache\Home\f0b2be0f98bf20434c73ee9abf8d8a86.php 第 242 行.
INFO: Run Behavior\ParseTemplate [ RunTime:0.420644s ]
INFO: [ view_parse ] --END-- [ RunTime:0.420779s ]
INFO: [ view_filter ] --START--
INFO: Run Behavior\WriteHtmlCache [ RunTime:0.000473s ]
INFO: [ view_filter ] --END-- [ RunTime:0.000563s ]
INFO: [ app_end ] --START--
INFO: Run Behavior\ShowPageTrace [ RunTime:0.000770s ]
INFO: [ app_end ] --END-- [ RunTime:0.000846s ]

[ 2015-12-08T22:28:08+08:00 ] 127.0.0.1 /lvyou/index.php?s=/Home/Goods/cate/id/15.html
NOTIC: [8] Use of undefined constant UID - assumed 'UID' D:\wamp\www\lvyou\Lvyou\Home\Controller\HomeController.class.php 第 30 行.
SQL: SHOW COLUMNS FROM `ly_nav` [ RunTime:0.003568s ]
SQL: SELECT * FROM `ly_nav` ORDER BY sort ASC LIMIT 9   [ RunTime:0.001969s ]
SQL: SHOW COLUMNS FROM `ly_friendlink` [ RunTime:0.007787s ]
SQL: SELECT * FROM `ly_friendlink` WHERE ( `state` = 1 ) ORDER BY sort ASC LIMIT 9   [ RunTime:0.000294s ]
SQL: SHOW COLUMNS FROM `ly_category` [ RunTime:0.005422s ]
SQL: SELECT * FROM `ly_category` WHERE ( `status` = 1 ) AND ( `type` = 2 ) ORDER BY `sort` DESC,cate_id DESC LIMIT 8   [ RunTime:0.000340s ]
ERR: 1054:Unknown column 'cate_id' in 'order clause'
 [ SQL语句 ] : SELECT * FROM `ly_category` WHERE ( `status` = 1 ) AND ( `type` = 2 ) ORDER BY `sort` DESC,cate_id DESC LIMIT 8  
NOTIC: [2] Invalid argument supplied for foreach() D:\wamp\www\lvyou\Lvyou\Home\Controller\HomeController.class.php 第 133 行.
NOTIC: [8] Undefined variable: article D:\wamp\www\lvyou\Lvyou\Home\Controller\HomeController.class.php 第 138 行.
SQL: SHOW COLUMNS FROM `ly_category_goods` [ RunTime:0.004271s ]
SQL: SELECT * FROM `ly_category_goods` WHERE ( `id` = 15 ) LIMIT 1   [ RunTime:0.000322s ]
SQL: SHOW COLUMNS FROM `ly_search_keyword` [ RunTime:0.003366s ]
SQL: SELECT * FROM `ly_search_keyword` WHERE ( `isshow` = 1 ) ORDER BY times desc  [ RunTime:0.000724s ]
SQL: SHOW COLUMNS FROM `ly_support` [ RunTime:0.005258s ]
SQL: SELECT * FROM `ly_support` WHERE ( `status` = 1 ) ORDER BY sort desc  [ RunTime:0.000277s ]
SQL: SHOW COLUMNS FROM `ly_category_goods` [ RunTime:0.004149s ]
SQL: SELECT * FROM `ly_category_goods` WHERE ( `id` = 15 ) LIMIT 1   [ RunTime:0.000352s ]
SQL: SELECT * FROM `ly_category_goods` WHERE ( `p_id` = 15 )  [ RunTime:0.000318s ]
SQL: SHOW COLUMNS FROM `ly_goods` [ RunTime:0.004497s ]
SQL: SHOW COLUMNS FROM `ly_goods` [ RunTime:0.004285s ]
SQL: SELECT COUNT(*) AS tp_count FROM `ly_goods` WHERE ( `cate_id` = 15 ) AND ( `status` = 1 ) LIMIT 1   [ RunTime:0.000679s ]
SQL: SHOW COLUMNS FROM `ly_goods` [ RunTime:0.004621s ]
SQL: SELECT * FROM `ly_goods` WHERE ( `cate_id` = 15 ) AND ( `status` = 1 ) ORDER BY `sort` DESC,goods_id DESC LIMIT 0,10   [ RunTime:0.000965s ]
SQL: SELECT * FROM `ly_category_goods` WHERE ( `p_id` = 0 ) AND ( `status` = 1 ) ORDER BY sort ASC  [ RunTime:0.000438s ]
SQL: SELECT * FROM `ly_category_goods` WHERE ( `p_id` = 1 ) AND ( `status` = 1 ) ORDER BY sort ASC  [ RunTime:0.000275s ]
SQL: SELECT * FROM `ly_category_goods` WHERE ( `p_id` = 15 ) AND ( `status` = 1 ) ORDER BY sort ASC  [ RunTime:0.000266s ]
NOTIC: [2] Invalid argument supplied for foreach() D:\wamp\www\lvyou\Lvyou\Home\Model\CategoryGoodsModel.class.php 第 40 行.
SQL: SELECT * FROM `ly_category_goods` WHERE ( `p_id` = 16 ) AND ( `status` = 1 ) ORDER BY sort ASC  [ RunTime:0.000305s ]
NOTIC: [2] Invalid argument supplied for foreach() D:\wamp\www\lvyou\Lvyou\Home\Model\CategoryGoodsModel.class.php 第 40 行.
SQL: SELECT * FROM `ly_category_goods` WHERE ( `p_id` = 17 ) AND ( `status` = 1 ) ORDER BY sort ASC  [ RunTime:0.000238s ]
NOTIC: [2] Invalid argument supplied for foreach() D:\wamp\www\lvyou\Lvyou\Home\Model\CategoryGoodsModel.class.php 第 40 行.
SQL: SELECT * FROM `ly_category_goods` WHERE ( `p_id` = 2 ) AND ( `status` = 1 ) ORDER BY sort ASC  [ RunTime:0.000258s ]
SQL: SELECT * FROM `ly_category_goods` WHERE ( `p_id` = 18 ) AND ( `status` = 1 ) ORDER BY sort ASC  [ RunTime:0.000251s ]
NOTIC: [2] Invalid argument supplied for foreach() D:\wamp\www\lvyou\Lvyou\Home\Model\CategoryGoodsModel.class.php 第 40 行.
SQL: SELECT * FROM `ly_category_goods` WHERE ( `p_id` = 19 ) AND ( `status` = 1 ) ORDER BY sort ASC  [ RunTime:0.000238s ]
NOTIC: [2] Invalid argument supplied for foreach() D:\wamp\www\lvyou\Lvyou\Home\Model\CategoryGoodsModel.class.php 第 40 行.
SQL: SELECT * FROM `ly_category_goods` WHERE ( `p_id` = 20 ) AND ( `status` = 1 ) ORDER BY sort ASC  [ RunTime:0.000232s ]
NOTIC: [2] Invalid argument supplied for foreach() D:\wamp\www\lvyou\Lvyou\Home\Model\CategoryGoodsModel.class.php 第 40 行.
INFO: [ view_parse ] --START--
INFO: [ template_filter ] --START--
INFO: Run Behavior\ContentReplace [ RunTime:0.000538s ]
INFO: [ template_filter ] --END-- [ RunTime:0.000638s ]
NOTIC: [8] Undefined variable: ishome D:\wamp\www\lvyou\Runtime\Cache\Home\52662f47793434ef7a33ef5f126b69f8.php 第 190 行.
NOTIC: [8] Undefined index: cate_id D:\wamp\www\lvyou\Runtime\Cache\Home\52662f47793434ef7a33ef5f126b69f8.php 第 196 行.
NOTIC: [8] Undefined index: category_name D:\wamp\www\lvyou\Runtime\Cache\Home\52662f47793434ef7a33ef5f126b69f8.php 第 196 行.
NOTIC: [8] Undefined index: category_name D:\wamp\www\lvyou\Runtime\Cache\Home\52662f47793434ef7a33ef5f126b69f8.php 第 196 行.
NOTIC: [8] Undefined index: title D:\wamp\www\lvyou\Runtime\Cache\Home\52662f47793434ef7a33ef5f126b69f8.php 第 199 行.
NOTIC: [8] Undefined variable: msg D:\wamp\www\lvyou\Runtime\Cache\Home\52662f47793434ef7a33ef5f126b69f8.php 第 210 行.
NOTIC: [8] Undefined index: summary D:\wamp\www\lvyou\Runtime\Cache\Home\52662f47793434ef7a33ef5f126b69f8.php 第 225 行.
NOTIC: [8] Undefined index: tid D:\wamp\www\lvyou\Runtime\Cache\Home\52662f47793434ef7a33ef5f126b69f8.php 第 240 行.
NOTIC: [8] Undefined index: title D:\wamp\www\lvyou\Runtime\Cache\Home\52662f47793434ef7a33ef5f126b69f8.php 第 240 行.
NOTIC: [8] Undefined variable: goods_name D:\wamp\www\lvyou\Runtime\Cache\Home\52662f47793434ef7a33ef5f126b69f8.php 第 242 行.
NOTIC: [8] Undefined index: title D:\wamp\www\lvyou\Runtime\Cache\Home\52662f47793434ef7a33ef5f126b69f8.php 第 243 行.
NOTIC: [8] Undefined index: pic_url D:\wamp\www\lvyou\Runtime\Cache\Home\52662f47793434ef7a33ef5f126b69f8.php 第 243 行.
NOTIC: [8] Undefined index: goods_type D:\wamp\www\lvyou\Runtime\Cache\Home\52662f47793434ef7a33ef5f126b69f8.php 第 259 行.
NOTIC: [8] Undefined index: discount_price D:\wamp\www\lvyou\Runtime\Cache\Home\52662f47793434ef7a33ef5f126b69f8.php 第 273 行.
NOTIC: [8] Undefined index: price D:\wamp\www\lvyou\Runtime\Cache\Home\52662f47793434ef7a33ef5f126b69f8.php 第 274 行.
NOTIC: [8] Undefined index: days D:\wamp\www\lvyou\Runtime\Cache\Home\52662f47793434ef7a33ef5f126b69f8.php 第 275 行.
NOTIC: [8] Undefined index: invite D:\wamp\www\lvyou\Runtime\Cache\Home\52662f47793434ef7a33ef5f126b69f8.php 第 276 行.
NOTIC: [8] Undefined index: aheaddays D:\wamp\www\lvyou\Runtime\Cache\Home\52662f47793434ef7a33ef5f126b69f8.php 第 277 行.
NOTIC: [8] Undefined index: city D:\wamp\www\lvyou\Runtime\Cache\Home\52662f47793434ef7a33ef5f126b69f8.php 第 278 行.
NOTIC: [8] Undefined index: maxdays D:\wamp\www\lvyou\Runtime\Cache\Home\52662f47793434ef7a33ef5f126b69f8.php 第 279 行.
NOTIC: [8] Undefined index: audition D:\wamp\www\lvyou\Runtime\Cache\Home\52662f47793434ef7a33ef5f126b69f8.php 第 280 行.
NOTIC: [8] Undefined index: traffic D:\wamp\www\lvyou\Runtime\Cache\Home\52662f47793434ef7a33ef5f126b69f8.php 第 281 行.
NOTIC: [8] Undefined index: goods_id D:\wamp\www\lvyou\Runtime\Cache\Home\52662f47793434ef7a33ef5f126b69f8.php 第 293 行.
NOTIC: [8] Undefined variable: goods_extra D:\wamp\www\lvyou\Runtime\Cache\Home\52662f47793434ef7a33ef5f126b69f8.php 第 304 行.
NOTIC: [8] Undefined index: discount_price D:\wamp\www\lvyou\Runtime\Cache\Home\52662f47793434ef7a33ef5f126b69f8.php 第 309 行.
NOTIC: [8] Undefined index: item_body D:\wamp\www\lvyou\Runtime\Cache\Home\52662f47793434ef7a33ef5f126b69f8.php 第 319 行.
NOTIC: [8] Undefined variable: goods_extra D:\wamp\www\lvyou\Runtime\Cache\Home\52662f47793434ef7a33ef5f126b69f8.php 第 321 行.
NOTIC: [8] Undefined variable: hot_goods D:\wamp\www\lvyou\Runtime\Cache\Home\52662f47793434ef7a33ef5f126b69f8.php 第 356 行.
NOTIC: [8] Undefined index: goods_id D:\wamp\www\lvyou\Runtime\Cache\Home\52662f47793434ef7a33ef5f126b69f8.php 第 384 行.
NOTIC: [8] Undefined index: title D:\wamp\www\lvyou\Runtime\Cache\Home\52662f47793434ef7a33ef5f126b69f8.php 第 391 行.
NOTIC: [8] Undefined index: discount_price D:\wamp\www\lvyou\Runtime\Cache\Home\52662f47793434ef7a33ef5f126b69f8.php 第 400 行.
NOTIC: [8] Undefined index: child_price D:\wamp\www\lvyou\Runtime\Cache\Home\52662f47793434ef7a33ef5f126b69f8.php 第 405 行.
INFO: Run Behavior\ParseTemplate [ RunTime:0.122498s ]
INFO: [ view_parse ] --END-- [ RunTime:0.122590s ]
INFO: [ view_filter ] --START--
INFO: Run Behavior\WriteHtmlCache [ RunTime:0.000587s ]
INFO: [ view_filter ] --END-- [ RunTime:0.000661s ]
INFO: [ app_end ] --START--
INFO: Run Behavior\ShowPageTrace [ RunTime:0.000812s ]
INFO: [ app_end ] --END-- [ RunTime:0.000891s ]

[ 2015-12-08T23:10:25+08:00 ] 127.0.0.1 /lvyou/index.php?s=/Home/goods/info/id/473.html
NOTIC: [8] Use of undefined constant UID - assumed 'UID' D:\wamp\www\lvyou\Lvyou\Home\Controller\HomeController.class.php 第 30 行.
SQL: SHOW COLUMNS FROM `ly_nav` [ RunTime:0.597663s ]
SQL: SELECT * FROM `ly_nav` ORDER BY sort ASC LIMIT 9   [ RunTime:0.018661s ]
SQL: SHOW COLUMNS FROM `ly_friendlink` [ RunTime:0.751739s ]
SQL: SELECT * FROM `ly_friendlink` WHERE ( `state` = 1 ) ORDER BY sort ASC LIMIT 9   [ RunTime:0.000358s ]
SQL: SHOW COLUMNS FROM `ly_category` [ RunTime:0.278475s ]
SQL: SELECT * FROM `ly_category` WHERE ( `status` = 1 ) AND ( `type` = 2 ) ORDER BY `sort` DESC,cate_id DESC LIMIT 8   [ RunTime:0.000319s ]
ERR: 1054:Unknown column 'cate_id' in 'order clause'
 [ SQL语句 ] : SELECT * FROM `ly_category` WHERE ( `status` = 1 ) AND ( `type` = 2 ) ORDER BY `sort` DESC,cate_id DESC LIMIT 8  
NOTIC: [2] Invalid argument supplied for foreach() D:\wamp\www\lvyou\Lvyou\Home\Controller\HomeController.class.php 第 133 行.
NOTIC: [8] Undefined variable: article D:\wamp\www\lvyou\Lvyou\Home\Controller\HomeController.class.php 第 138 行.
SQL: SHOW COLUMNS FROM `ly_goods` [ RunTime:0.136747s ]
SQL: SELECT * FROM `ly_goods` WHERE ( `goods_id` = 473 ) LIMIT 1   [ RunTime:0.043677s ]
SQL: SHOW COLUMNS FROM `ly_search_keyword` [ RunTime:0.172866s ]
SQL: SELECT * FROM `ly_search_keyword` WHERE ( `isshow` = 1 ) ORDER BY times desc  [ RunTime:0.000384s ]
SQL: SHOW COLUMNS FROM `ly_support` [ RunTime:0.125867s ]
SQL: SELECT * FROM `ly_support` WHERE ( `status` = 1 ) ORDER BY sort desc  [ RunTime:0.000381s ]
SQL: SHOW COLUMNS FROM `ly_goods` [ RunTime:0.432768s ]
SQL: SELECT * FROM `ly_goods` INNER JOIN ly_category_goods ON ly_goods.cate_id = ly_category_goods.id  WHERE ( `goods_id` = 473 ) LIMIT 1   [ RunTime:0.185523s ]
SQL: UPDATE `ly_goods` SET `hits`=hits+1 WHERE ( goods_id=473 ) [ RunTime:0.182756s ]
SQL: SHOW COLUMNS FROM `ly_topic` [ RunTime:0.178526s ]
SQL: SELECT * FROM `ly_topic` WHERE ( `tid` = 0 ) LIMIT 1   [ RunTime:0.000298s ]
SQL: SHOW COLUMNS FROM `ly_goods` [ RunTime:0.006436s ]
SQL: SELECT * FROM `ly_goods` WHERE ( `cate_id` = 15 ) ORDER BY hits DESC,goods_id DESC LIMIT 8   [ RunTime:0.000546s ]
SQL: SHOW COLUMNS FROM `ly_goods_extra` [ RunTime:0.263906s ]
SQL: SELECT * FROM `ly_goods_extra` WHERE ( `goods_id` = 473 ) AND ( `status` = 1 ) ORDER BY sort  [ RunTime:0.000239s ]
SQL: SHOW COLUMNS FROM `ly_tag` [ RunTime:0.228565s ]
SQL: SELECT * FROM `ly_tag` WHERE ( id in () and status = 1 ) ORDER BY sort ASC  [ RunTime:0.000507s ]
ERR: 1064:You have an error in your SQL syntax; check the manual that corresponds to your MySQL server version for the right syntax to use near ') and status = 1 ) ORDER BY sort ASC' at line 1
 [ SQL语句 ] : SELECT * FROM `ly_tag` WHERE ( id in () and status = 1 ) ORDER BY sort ASC 
INFO: [ view_parse ] --START--
INFO: [ template_filter ] --START--
INFO: Run Behavior\ContentReplace [ RunTime:0.000570s ]
INFO: [ template_filter ] --END-- [ RunTime:0.000684s ]
NOTIC: [8] Undefined variable: ishome D:\wamp\www\lvyou\Runtime\Cache\Home\f0b2be0f98bf20434c73ee9abf8d8a86.php 第 190 行.
NOTIC: [8] Undefined variable: msg D:\wamp\www\lvyou\Runtime\Cache\Home\f0b2be0f98bf20434c73ee9abf8d8a86.php 第 210 行.
NOTIC: [8] Undefined variable: goods_name D:\wamp\www\lvyou\Runtime\Cache\Home\f0b2be0f98bf20434c73ee9abf8d8a86.php 第 242 行.
INFO: Run Behavior\ParseTemplate [ RunTime:0.920397s ]
INFO: [ view_parse ] --END-- [ RunTime:0.920521s ]
INFO: [ view_filter ] --START--
INFO: Run Behavior\WriteHtmlCache [ RunTime:0.027355s ]
INFO: [ view_filter ] --END-- [ RunTime:0.027440s ]
INFO: [ app_end ] --START--
INFO: Run Behavior\ShowPageTrace [ RunTime:0.030777s ]
INFO: [ app_end ] --END-- [ RunTime:0.030881s ]

[ 2015-12-08T23:10:26+08:00 ] 127.0.0.1 /lvyou/index.php?s=/Home/Goods/cate/id/15.html
NOTIC: [8] Use of undefined constant UID - assumed 'UID' D:\wamp\www\lvyou\Lvyou\Home\Controller\HomeController.class.php 第 30 行.
SQL: SHOW COLUMNS FROM `ly_nav` [ RunTime:0.005180s ]
SQL: SELECT * FROM `ly_nav` ORDER BY sort ASC LIMIT 9   [ RunTime:0.000266s ]
SQL: SHOW COLUMNS FROM `ly_friendlink` [ RunTime:0.004994s ]
SQL: SELECT * FROM `ly_friendlink` WHERE ( `state` = 1 ) ORDER BY sort ASC LIMIT 9   [ RunTime:0.000256s ]
SQL: SHOW COLUMNS FROM `ly_category` [ RunTime:0.005185s ]
SQL: SELECT * FROM `ly_category` WHERE ( `status` = 1 ) AND ( `type` = 2 ) ORDER BY `sort` DESC,cate_id DESC LIMIT 8   [ RunTime:0.000212s ]
ERR: 1054:Unknown column 'cate_id' in 'order clause'
 [ SQL语句 ] : SELECT * FROM `ly_category` WHERE ( `status` = 1 ) AND ( `type` = 2 ) ORDER BY `sort` DESC,cate_id DESC LIMIT 8  
NOTIC: [2] Invalid argument supplied for foreach() D:\wamp\www\lvyou\Lvyou\Home\Controller\HomeController.class.php 第 133 行.
NOTIC: [8] Undefined variable: article D:\wamp\www\lvyou\Lvyou\Home\Controller\HomeController.class.php 第 138 行.
SQL: SHOW COLUMNS FROM `ly_category_goods` [ RunTime:0.004758s ]
SQL: SELECT * FROM `ly_category_goods` WHERE ( `id` = 15 ) LIMIT 1   [ RunTime:0.000280s ]
SQL: SHOW COLUMNS FROM `ly_search_keyword` [ RunTime:0.004579s ]
SQL: SELECT * FROM `ly_search_keyword` WHERE ( `isshow` = 1 ) ORDER BY times desc  [ RunTime:0.000290s ]
SQL: SHOW COLUMNS FROM `ly_support` [ RunTime:0.004524s ]
SQL: SELECT * FROM `ly_support` WHERE ( `status` = 1 ) ORDER BY sort desc  [ RunTime:0.000227s ]
SQL: SHOW COLUMNS FROM `ly_category_goods` [ RunTime:0.091623s ]
SQL: SELECT * FROM `ly_category_goods` WHERE ( `id` = 15 ) LIMIT 1   [ RunTime:0.000324s ]
SQL: SELECT * FROM `ly_category_goods` WHERE ( `p_id` = 15 )  [ RunTime:0.000260s ]
SQL: SHOW COLUMNS FROM `ly_goods` [ RunTime:0.005346s ]
SQL: SHOW COLUMNS FROM `ly_goods` [ RunTime:0.005344s ]
SQL: SELECT COUNT(*) AS tp_count FROM `ly_goods` WHERE ( `cate_id` = 15 ) AND ( `status` = 1 ) LIMIT 1   [ RunTime:0.000279s ]
SQL: SHOW COLUMNS FROM `ly_goods` [ RunTime:0.052529s ]
SQL: SELECT * FROM `ly_goods` WHERE ( `cate_id` = 15 ) AND ( `status` = 1 ) ORDER BY `sort` DESC,goods_id DESC LIMIT 0,10   [ RunTime:0.000517s ]
SQL: SELECT * FROM `ly_category_goods` WHERE ( `p_id` = 0 ) AND ( `status` = 1 ) ORDER BY sort ASC  [ RunTime:0.000364s ]
SQL: SELECT * FROM `ly_category_goods` WHERE ( `p_id` = 1 ) AND ( `status` = 1 ) ORDER BY sort ASC  [ RunTime:0.000267s ]
SQL: SELECT * FROM `ly_category_goods` WHERE ( `p_id` = 15 ) AND ( `status` = 1 ) ORDER BY sort ASC  [ RunTime:0.000204s ]
NOTIC: [2] Invalid argument supplied for foreach() D:\wamp\www\lvyou\Lvyou\Home\Model\CategoryGoodsModel.class.php 第 40 行.
SQL: SELECT * FROM `ly_category_goods` WHERE ( `p_id` = 16 ) AND ( `status` = 1 ) ORDER BY sort ASC  [ RunTime:0.000275s ]
NOTIC: [2] Invalid argument supplied for foreach() D:\wamp\www\lvyou\Lvyou\Home\Model\CategoryGoodsModel.class.php 第 40 行.
SQL: SELECT * FROM `ly_category_goods` WHERE ( `p_id` = 17 ) AND ( `status` = 1 ) ORDER BY sort ASC  [ RunTime:0.000262s ]
NOTIC: [2] Invalid argument supplied for foreach() D:\wamp\www\lvyou\Lvyou\Home\Model\CategoryGoodsModel.class.php 第 40 行.
SQL: SELECT * FROM `ly_category_goods` WHERE ( `p_id` = 2 ) AND ( `status` = 1 ) ORDER BY sort ASC  [ RunTime:0.000292s ]
SQL: SELECT * FROM `ly_category_goods` WHERE ( `p_id` = 18 ) AND ( `status` = 1 ) ORDER BY sort ASC  [ RunTime:0.000265s ]
NOTIC: [2] Invalid argument supplied for foreach() D:\wamp\www\lvyou\Lvyou\Home\Model\CategoryGoodsModel.class.php 第 40 行.
SQL: SELECT * FROM `ly_category_goods` WHERE ( `p_id` = 19 ) AND ( `status` = 1 ) ORDER BY sort ASC  [ RunTime:0.000274s ]
NOTIC: [2] Invalid argument supplied for foreach() D:\wamp\www\lvyou\Lvyou\Home\Model\CategoryGoodsModel.class.php 第 40 行.
SQL: SELECT * FROM `ly_category_goods` WHERE ( `p_id` = 20 ) AND ( `status` = 1 ) ORDER BY sort ASC  [ RunTime:0.000248s ]
NOTIC: [2] Invalid argument supplied for foreach() D:\wamp\www\lvyou\Lvyou\Home\Model\CategoryGoodsModel.class.php 第 40 行.
INFO: [ view_parse ] --START--
INFO: [ template_filter ] --START--
INFO: Run Behavior\ContentReplace [ RunTime:0.000552s ]
INFO: [ template_filter ] --END-- [ RunTime:0.000647s ]
NOTIC: [8] Undefined variable: ishome D:\wamp\www\lvyou\Runtime\Cache\Home\52662f47793434ef7a33ef5f126b69f8.php 第 190 行.
NOTIC: [8] Undefined index: cate_id D:\wamp\www\lvyou\Runtime\Cache\Home\52662f47793434ef7a33ef5f126b69f8.php 第 196 行.
NOTIC: [8] Undefined index: category_name D:\wamp\www\lvyou\Runtime\Cache\Home\52662f47793434ef7a33ef5f126b69f8.php 第 196 行.
NOTIC: [8] Undefined index: category_name D:\wamp\www\lvyou\Runtime\Cache\Home\52662f47793434ef7a33ef5f126b69f8.php 第 196 行.
NOTIC: [8] Undefined index: title D:\wamp\www\lvyou\Runtime\Cache\Home\52662f47793434ef7a33ef5f126b69f8.php 第 199 行.
NOTIC: [8] Undefined variable: msg D:\wamp\www\lvyou\Runtime\Cache\Home\52662f47793434ef7a33ef5f126b69f8.php 第 210 行.
NOTIC: [8] Undefined index: summary D:\wamp\www\lvyou\Runtime\Cache\Home\52662f47793434ef7a33ef5f126b69f8.php 第 225 行.
NOTIC: [8] Undefined index: tid D:\wamp\www\lvyou\Runtime\Cache\Home\52662f47793434ef7a33ef5f126b69f8.php 第 240 行.
NOTIC: [8] Undefined index: title D:\wamp\www\lvyou\Runtime\Cache\Home\52662f47793434ef7a33ef5f126b69f8.php 第 240 行.
NOTIC: [8] Undefined variable: goods_name D:\wamp\www\lvyou\Runtime\Cache\Home\52662f47793434ef7a33ef5f126b69f8.php 第 242 行.
NOTIC: [8] Undefined index: title D:\wamp\www\lvyou\Runtime\Cache\Home\52662f47793434ef7a33ef5f126b69f8.php 第 243 行.
NOTIC: [8] Undefined index: pic_url D:\wamp\www\lvyou\Runtime\Cache\Home\52662f47793434ef7a33ef5f126b69f8.php 第 243 行.
NOTIC: [8] Undefined index: goods_type D:\wamp\www\lvyou\Runtime\Cache\Home\52662f47793434ef7a33ef5f126b69f8.php 第 259 行.
NOTIC: [8] Undefined index: discount_price D:\wamp\www\lvyou\Runtime\Cache\Home\52662f47793434ef7a33ef5f126b69f8.php 第 273 行.
NOTIC: [8] Undefined index: price D:\wamp\www\lvyou\Runtime\Cache\Home\52662f47793434ef7a33ef5f126b69f8.php 第 274 行.
NOTIC: [8] Undefined index: days D:\wamp\www\lvyou\Runtime\Cache\Home\52662f47793434ef7a33ef5f126b69f8.php 第 275 行.
NOTIC: [8] Undefined index: invite D:\wamp\www\lvyou\Runtime\Cache\Home\52662f47793434ef7a33ef5f126b69f8.php 第 276 行.
NOTIC: [8] Undefined index: aheaddays D:\wamp\www\lvyou\Runtime\Cache\Home\52662f47793434ef7a33ef5f126b69f8.php 第 277 行.
NOTIC: [8] Undefined index: city D:\wamp\www\lvyou\Runtime\Cache\Home\52662f47793434ef7a33ef5f126b69f8.php 第 278 行.
NOTIC: [8] Undefined index: maxdays D:\wamp\www\lvyou\Runtime\Cache\Home\52662f47793434ef7a33ef5f126b69f8.php 第 279 行.
NOTIC: [8] Undefined index: audition D:\wamp\www\lvyou\Runtime\Cache\Home\52662f47793434ef7a33ef5f126b69f8.php 第 280 行.
NOTIC: [8] Undefined index: traffic D:\wamp\www\lvyou\Runtime\Cache\Home\52662f47793434ef7a33ef5f126b69f8.php 第 281 行.
NOTIC: [8] Undefined index: goods_id D:\wamp\www\lvyou\Runtime\Cache\Home\52662f47793434ef7a33ef5f126b69f8.php 第 293 行.
NOTIC: [8] Undefined variable: goods_extra D:\wamp\www\lvyou\Runtime\Cache\Home\52662f47793434ef7a33ef5f126b69f8.php 第 304 行.
NOTIC: [8] Undefined index: discount_price D:\wamp\www\lvyou\Runtime\Cache\Home\52662f47793434ef7a33ef5f126b69f8.php 第 309 行.
NOTIC: [8] Undefined index: item_body D:\wamp\www\lvyou\Runtime\Cache\Home\52662f47793434ef7a33ef5f126b69f8.php 第 319 行.
NOTIC: [8] Undefined variable: goods_extra D:\wamp\www\lvyou\Runtime\Cache\Home\52662f47793434ef7a33ef5f126b69f8.php 第 321 行.
NOTIC: [8] Undefined variable: hot_goods D:\wamp\www\lvyou\Runtime\Cache\Home\52662f47793434ef7a33ef5f126b69f8.php 第 356 行.
NOTIC: [8] Undefined index: goods_id D:\wamp\www\lvyou\Runtime\Cache\Home\52662f47793434ef7a33ef5f126b69f8.php 第 384 行.
NOTIC: [8] Undefined index: title D:\wamp\www\lvyou\Runtime\Cache\Home\52662f47793434ef7a33ef5f126b69f8.php 第 391 行.
NOTIC: [8] Undefined index: discount_price D:\wamp\www\lvyou\Runtime\Cache\Home\52662f47793434ef7a33ef5f126b69f8.php 第 400 行.
NOTIC: [8] Undefined index: child_price D:\wamp\www\lvyou\Runtime\Cache\Home\52662f47793434ef7a33ef5f126b69f8.php 第 405 行.
INFO: Run Behavior\ParseTemplate [ RunTime:0.152181s ]
INFO: [ view_parse ] --END-- [ RunTime:0.152265s ]
INFO: [ view_filter ] --START--
INFO: Run Behavior\WriteHtmlCache [ RunTime:0.000495s ]
INFO: [ view_filter ] --END-- [ RunTime:0.000575s ]
INFO: [ app_end ] --START--
INFO: Run Behavior\ShowPageTrace [ RunTime:0.000778s ]
INFO: [ app_end ] --END-- [ RunTime:0.000850s ]

[ 2015-12-08T23:10:27+08:00 ] 127.0.0.1 /lvyou/index.php?s=/Admin/Goods/index.html
SQL: SHOW COLUMNS FROM `ly_menu` [ RunTime:0.062204s ]
SQL: SELECT * FROM `ly_menu` WHERE ( `pid` = 0 ) AND ( `hide` = 0 ) ORDER BY sort asc  [ RunTime:0.065812s ]
SQL: SELECT `id` FROM `ly_menu` WHERE ( url like '%Goods/index%' ) LIMIT 1   [ RunTime:0.000438s ]
SQL: SHOW COLUMNS FROM `ly_menu` [ RunTime:0.017598s ]
SQL: SELECT `id`,`pid`,`title` FROM `ly_menu` WHERE ( id=131 ) LIMIT 1   [ RunTime:0.000310s ]
SQL: SELECT DISTINCT  `group` FROM `ly_menu` WHERE ( pid = 131 )  [ RunTime:0.000442s ]
SQL: SELECT `id`,`url` FROM `ly_menu` WHERE ( `pid` = 131 ) AND ( `hide` = 0 )  [ RunTime:0.000414s ]
SQL: SELECT `id`,`pid`,`title`,`url`,`tip` FROM `ly_menu` WHERE ( `group` = '周边' ) AND ( `pid` = 131 ) AND ( `hide` = 0 ) ORDER BY sort asc  [ RunTime:0.000424s ]
SQL: SELECT `id`,`pid`,`title`,`url`,`tip` FROM `ly_menu` WHERE ( `group` = '采集' ) AND ( `pid` = 131 ) AND ( `hide` = 0 ) ORDER BY sort asc  [ RunTime:0.000347s ]
SQL: SELECT `id`,`pid`,`title`,`url`,`tip` FROM `ly_menu` WHERE ( `group` = '分类' ) AND ( `pid` = 131 ) AND ( `hide` = 0 ) ORDER BY sort asc  [ RunTime:0.000426s ]
SQL: SELECT `id`,`pid`,`title`,`url`,`tip` FROM `ly_menu` WHERE ( `group` = '专题' ) AND ( `pid` = 131 ) AND ( `hide` = 0 ) ORDER BY sort asc  [ RunTime:0.000392s ]
SQL: SELECT `id`,`pid`,`title`,`url`,`tip` FROM `ly_menu` WHERE ( `group` = '标签' ) AND ( `pid` = 131 ) AND ( `hide` = 0 ) ORDER BY sort asc  [ RunTime:0.000423s ]
SQL: SELECT `id`,`pid`,`title`,`url`,`tip` FROM `ly_menu` WHERE ( `group` = '攻略' ) AND ( `pid` = 131 ) AND ( `hide` = 0 ) ORDER BY sort asc  [ RunTime:0.000385s ]
SQL: SELECT `id`,`pid`,`title`,`url`,`tip` FROM `ly_menu` WHERE ( `group` = '资讯' ) AND ( `pid` = 131 ) AND ( `hide` = 0 ) ORDER BY sort asc  [ RunTime:0.000389s ]
SQL: SELECT `id`,`pid`,`title`,`url`,`tip` FROM `ly_menu` WHERE ( `group` = '美食' ) AND ( `pid` = 131 ) AND ( `hide` = 0 ) ORDER BY sort asc  [ RunTime:0.000368s ]
NOTIC: [8] Undefined variable: where D:\wamp\www\lvyou\Lvyou\Admin\Controller\GoodsController.class.php 第 14 行.
SQL: SHOW COLUMNS FROM `ly_goods` [ RunTime:0.006193s ]
NOTIC: [8] Undefined index: where D:\wamp\www\lvyou\Lvyou\Admin\Controller\AdminController.class.php 第 437 行.
SQL: SELECT COUNT(*) AS tp_count FROM `ly_goods` LIMIT 1   [ RunTime:0.000229s ]
SQL: SELECT `goods_id`,`goods_type`,`title`,`name`,`cate_id`,`tid`,`add_id`,`add_uname`,`summary`,`city`,`days`,`aheaddays`,`traffic`,`invite`,`audition`,`maxdays`,`discount_price`,`price`,`child_price`,`pic_url`,`item_body`,`status`,`seo_title`,`seo_keywords`,`seo_description`,`ctime`,`hits`,`favor`,`sort`,`tags` FROM `ly_goods` ORDER BY sort desc , goods_id desc LIMIT 0,10   [ RunTime:0.000488s ]
SQL: SHOW COLUMNS FROM `ly_category_goods` [ RunTime:0.005460s ]
NOTIC: [8] Undefined variable: where D:\wamp\www\lvyou\Lvyou\Admin\Model\CategoryGoodsModel.class.php 第 13 行.
SQL: SELECT * FROM `ly_category_goods` WHERE (  status='1' ) ORDER BY p_id,sort  [ RunTime:0.000497s ]
INFO: [ view_parse ] --START--
INFO: [ template_filter ] --START--
INFO: Run Behavior\ContentReplace [ RunTime:0.000243s ]
INFO: [ template_filter ] --END-- [ RunTime:0.000342s ]
NOTIC: [8] Undefined variable: meta_title D:\wamp\www\lvyou\Runtime\Cache\Admin\353933ef32884c0fc1221009ac460075.php 第 5 行.
SQL: SHOW COLUMNS FROM `ly_goods_type` [ RunTime:0.086291s ]
SQL: SELECT * FROM `ly_goods_type` WHERE ( `id` = 2 ) LIMIT 1   [ RunTime:0.000352s ]
SQL: SELECT * FROM `ly_goods_type` WHERE ( `id` = 1 ) LIMIT 1   [ RunTime:0.000302s ]
INFO: Run Behavior\ParseTemplate [ RunTime:0.423344s ]
INFO: [ view_parse ] --END-- [ RunTime:0.423467s ]
INFO: [ view_filter ] --START--
INFO: Run Behavior\WriteHtmlCache [ RunTime:0.000535s ]
INFO: [ view_filter ] --END-- [ RunTime:0.000609s ]
INFO: [ app_end ] --START--
INFO: Run Behavior\ShowPageTrace [ RunTime:0.000756s ]
INFO: [ app_end ] --END-- [ RunTime:0.000832s ]

