[ 2015-11-19T09:05:18+08:00 ] ::1 /lvyou/index.php?s=/Home/Index/index.html
NOTIC: [8] Use of undefined constant UID - assumed 'UID' D:\xampp\htdocs\lvyou\Lvyou\Home\Controller\HomeController.class.php 第 30 行.
SQL: SHOW COLUMNS FROM `ly_nav` [ RunTime:0.021001s ]
SQL: SELECT * FROM `ly_nav` ORDER BY sort ASC LIMIT 9   [ RunTime:0.025001s ]
SQL: SHOW COLUMNS FROM `ly_friendlink` [ RunTime:0.014001s ]
SQL: SELECT * FROM `ly_friendlink` WHERE ( `state` = 1 ) ORDER BY sort ASC LIMIT 9   [ RunTime:0.021001s ]
SQL: SHOW COLUMNS FROM `ly_category` [ RunTime:0.015001s ]
SQL: SELECT * FROM `ly_category` WHERE ( `status` = 1 ) AND ( `type` = 2 ) ORDER BY `sort` DESC,cate_id DESC LIMIT 8   [ RunTime:0.089005s ]
ERR: 1054:Unknown column 'cate_id' in 'order clause'
 [ SQL语句 ] : SELECT * FROM `ly_category` WHERE ( `status` = 1 ) AND ( `type` = 2 ) ORDER BY `sort` DESC,cate_id DESC LIMIT 8  
NOTIC: [2] Invalid argument supplied for foreach() D:\xampp\htdocs\lvyou\Lvyou\Home\Controller\HomeController.class.php 第 133 行.
NOTIC: [8] Undefined variable: article D:\xampp\htdocs\lvyou\Lvyou\Home\Controller\HomeController.class.php 第 138 行.
SQL: SHOW COLUMNS FROM `ly_search_keyword` [ RunTime:0.013001s ]
SQL: SELECT * FROM `ly_search_keyword` WHERE ( `isshow` = 1 ) ORDER BY times desc  [ RunTime:0.037002s ]
SQL: SHOW COLUMNS FROM `ly_support` [ RunTime:0.021002s ]
SQL: SELECT * FROM `ly_support` WHERE ( `status` = 1 ) ORDER BY sort desc  [ RunTime:0.001000s ]
SQL: SHOW COLUMNS FROM `ly_banner` [ RunTime:0.021001s ]
SQL: SELECT * FROM `ly_banner` WHERE ( `status` = 1 ) ORDER BY `sort` ASC  [ RunTime:0.034002s ]
SQL: SHOW COLUMNS FROM `ly_ad` [ RunTime:0.110007s ]
ERR: 1146:Table 'lvyou.ly_ad' doesn't exist
 [ SQL语句 ] : SHOW COLUMNS FROM `ly_ad`
SQL: SELECT * FROM `ly_ad` WHERE ( `state` = 1 ) ORDER BY `order` DESC  [ RunTime:0.000000s ]
ERR: 1146:Table 'lvyou.ly_ad' doesn't exist
 [ SQL语句 ] : SELECT * FROM `ly_ad` WHERE ( `state` = 1 ) ORDER BY `order` DESC 
NOTIC: [2] Invalid argument supplied for foreach() D:\xampp\htdocs\lvyou\Lvyou\Home\Controller\IndexController.class.php 第 30 行.
SQL: SHOW COLUMNS FROM `ly_category_goods` [ RunTime:0.021001s ]
SQL: SELECT * FROM `ly_category_goods` WHERE ( `status` = 1 ) AND ( `p_id` = 0 ) AND ( is_home = 1 or is_home_banner = 1 ) ORDER BY sort ASC  [ RunTime:0.033002s ]
SQL: SHOW COLUMNS FROM `ly_goods` [ RunTime:0.074004s ]
SQL: SELECT `id`,`category_name`,`is_home` FROM `ly_category_goods` WHERE ( `status` = 1 ) AND ( `p_id` = 1 )  [ RunTime:0.001000s ]
SQL: SELECT * FROM `ly_goods` WHERE ( status = 1 and cate_id in (1,15,16,17) ) ORDER BY `sort` DESC,goods_id DESC LIMIT 8   [ RunTime:0.083005s ]
SQL: SELECT `id`,`category_name`,`is_home` FROM `ly_category_goods` WHERE ( `status` = 1 ) AND ( `p_id` = 2 )  [ RunTime:0.001000s ]
SQL: SELECT * FROM `ly_goods` WHERE ( status = 1 and cate_id in (2,18,19,20) ) ORDER BY `sort` DESC,goods_id DESC LIMIT 8   [ RunTime:0.001000s ]
NOTIC: [2] Invalid argument supplied for foreach() D:\xampp\htdocs\lvyou\Lvyou\Home\Model\GoodsModel.class.php 第 24 行.
SQL: SHOW COLUMNS FROM `ly_category` [ RunTime:0.021001s ]
SQL: SELECT * FROM `ly_category` WHERE ( `status` = 1 ) ORDER BY sort  [ RunTime:0.036002s ]
SQL: SHOW COLUMNS FROM `ly_document` [ RunTime:0.019002s ]
SQL: SELECT * FROM `ly_document` WHERE ( `status` = 1 ) AND ( `category_id` = 1 ) LIMIT 10   [ RunTime:0.019001s ]
SQL: SELECT * FROM `ly_document` WHERE ( `status` = 1 ) AND ( `category_id` = 2 ) LIMIT 10   [ RunTime:0.000000s ]
SQL: SELECT * FROM `ly_document` WHERE ( `status` = 1 ) AND ( `category_id` = 39 ) LIMIT 10   [ RunTime:0.000000s ]
SQL: SHOW COLUMNS FROM `ly_page` [ RunTime:0.009000s ]
SQL: SELECT * FROM `ly_page` WHERE ( `status` = 1 ) AND ( `ishome` = 1 ) ORDER BY sort  [ RunTime:0.031002s ]
SQL: SHOW COLUMNS FROM `ly_category_goods` [ RunTime:0.021002s ]
SQL: SELECT * FROM `ly_category_goods` WHERE ( `p_id` = 0 ) AND ( `status` = 1 ) ORDER BY sort ASC  [ RunTime:0.001000s ]
SQL: SELECT * FROM `ly_category_goods` WHERE ( `p_id` = 1 ) AND ( `status` = 1 ) ORDER BY sort ASC  [ RunTime:0.001000s ]
SQL: SELECT * FROM `ly_category_goods` WHERE ( `p_id` = 15 ) AND ( `status` = 1 ) ORDER BY sort ASC  [ RunTime:0.000000s ]
NOTIC: [2] Invalid argument supplied for foreach() D:\xampp\htdocs\lvyou\Lvyou\Home\Model\CategoryGoodsModel.class.php 第 51 行.
SQL: SELECT * FROM `ly_category_goods` WHERE ( `p_id` = 16 ) AND ( `status` = 1 ) ORDER BY sort ASC  [ RunTime:0.000000s ]
NOTIC: [2] Invalid argument supplied for foreach() D:\xampp\htdocs\lvyou\Lvyou\Home\Model\CategoryGoodsModel.class.php 第 51 行.
SQL: SELECT * FROM `ly_category_goods` WHERE ( `p_id` = 17 ) AND ( `status` = 1 ) ORDER BY sort ASC  [ RunTime:0.000000s ]
NOTIC: [2] Invalid argument supplied for foreach() D:\xampp\htdocs\lvyou\Lvyou\Home\Model\CategoryGoodsModel.class.php 第 51 行.
SQL: SELECT * FROM `ly_category_goods` WHERE ( `p_id` = 2 ) AND ( `status` = 1 ) ORDER BY sort ASC  [ RunTime:0.000000s ]
SQL: SELECT * FROM `ly_category_goods` WHERE ( `p_id` = 18 ) AND ( `status` = 1 ) ORDER BY sort ASC  [ RunTime:0.000000s ]
NOTIC: [2] Invalid argument supplied for foreach() D:\xampp\htdocs\lvyou\Lvyou\Home\Model\CategoryGoodsModel.class.php 第 51 行.
SQL: SELECT * FROM `ly_category_goods` WHERE ( `p_id` = 19 ) AND ( `status` = 1 ) ORDER BY sort ASC  [ RunTime:0.000000s ]
NOTIC: [2] Invalid argument supplied for foreach() D:\xampp\htdocs\lvyou\Lvyou\Home\Model\CategoryGoodsModel.class.php 第 51 行.
SQL: SELECT * FROM `ly_category_goods` WHERE ( `p_id` = 20 ) AND ( `status` = 1 ) ORDER BY sort ASC  [ RunTime:0.000000s ]
NOTIC: [2] Invalid argument supplied for foreach() D:\xampp\htdocs\lvyou\Lvyou\Home\Model\CategoryGoodsModel.class.php 第 51 行.
SQL: SHOW COLUMNS FROM `ly_orders` [ RunTime:0.012000s ]
SQL: SELECT * FROM `ly_orders` ORDER BY createtime DESC LIMIT 12   [ RunTime:0.001001s ]
INFO: [ view_parse ] --START--
INFO: [ template_filter ] --START--
INFO: Run Behavior\ContentReplace [ RunTime:0.001000s ]
INFO: [ template_filter ] --END-- [ RunTime:0.001000s ]
INFO: Run Behavior\ParseTemplate [ RunTime:2.539145s ]
INFO: [ view_parse ] --END-- [ RunTime:2.539145s ]
INFO: [ view_filter ] --START--
INFO: Run Behavior\WriteHtmlCache [ RunTime:0.075005s ]
INFO: [ view_filter ] --END-- [ RunTime:0.075005s ]
INFO: [ app_end ] --START--
INFO: Run Behavior\ShowPageTrace [ RunTime:0.123007s ]
INFO: [ app_end ] --END-- [ RunTime:0.123007s ]

