[ 2015-11-22T14:30:08+08:00 ] 127.0.0.1 /lvyou/index.php?s=/Home/Index/index.html
NOTIC: [8] Use of undefined constant UID - assumed 'UID' D:\wamp\www\lvyou\Lvyou\Home\Controller\HomeController.class.php 第 30 行.
SQL: SHOW COLUMNS FROM `ly_nav` [ RunTime:0.032511s ]
SQL: SELECT * FROM `ly_nav` ORDER BY sort ASC LIMIT 9   [ RunTime:0.000300s ]
SQL: SHOW COLUMNS FROM `ly_friendlink` [ RunTime:0.005682s ]
SQL: SELECT * FROM `ly_friendlink` WHERE ( `state` = 1 ) ORDER BY sort ASC LIMIT 9   [ RunTime:0.000658s ]
SQL: SHOW COLUMNS FROM `ly_category` [ RunTime:0.005058s ]
SQL: SELECT * FROM `ly_category` WHERE ( `status` = 1 ) AND ( `type` = 2 ) ORDER BY `sort` DESC,cate_id DESC LIMIT 8   [ RunTime:0.000195s ]
ERR: 1054:Unknown column 'cate_id' in 'order clause'
 [ SQL语句 ] : SELECT * FROM `ly_category` WHERE ( `status` = 1 ) AND ( `type` = 2 ) ORDER BY `sort` DESC,cate_id DESC LIMIT 8  
NOTIC: [2] Invalid argument supplied for foreach() D:\wamp\www\lvyou\Lvyou\Home\Controller\HomeController.class.php 第 133 行.
NOTIC: [8] Undefined variable: article D:\wamp\www\lvyou\Lvyou\Home\Controller\HomeController.class.php 第 138 行.
SQL: SHOW COLUMNS FROM `ly_search_keyword` [ RunTime:0.003929s ]
SQL: SELECT * FROM `ly_search_keyword` WHERE ( `isshow` = 1 ) ORDER BY times desc  [ RunTime:0.000272s ]
SQL: SHOW COLUMNS FROM `ly_support` [ RunTime:0.007574s ]
SQL: SELECT * FROM `ly_support` WHERE ( `status` = 1 ) ORDER BY sort desc  [ RunTime:0.001137s ]
SQL: SHOW COLUMNS FROM `ly_banner` [ RunTime:0.004881s ]
SQL: SELECT * FROM `ly_banner` WHERE ( `status` = 1 ) ORDER BY `sort` ASC  [ RunTime:0.000284s ]
SQL: SHOW COLUMNS FROM `ly_ad` [ RunTime:0.004105s ]
ERR: 1146:Table 'lvyou.ly_ad' doesn't exist
 [ SQL语句 ] : SHOW COLUMNS FROM `ly_ad`
SQL: SELECT * FROM `ly_ad` WHERE ( `state` = 1 ) ORDER BY `order` DESC  [ RunTime:0.000292s ]
ERR: 1146:Table 'lvyou.ly_ad' doesn't exist
 [ SQL语句 ] : SELECT * FROM `ly_ad` WHERE ( `state` = 1 ) ORDER BY `order` DESC 
NOTIC: [2] Invalid argument supplied for foreach() D:\wamp\www\lvyou\Lvyou\Home\Controller\IndexController.class.php 第 30 行.
SQL: SHOW COLUMNS FROM `ly_category_goods` [ RunTime:0.020784s ]
SQL: SELECT * FROM `ly_category_goods` WHERE ( `status` = 1 ) AND ( `p_id` = 0 ) AND ( is_home = 1 or is_home_banner = 1 ) ORDER BY sort ASC  [ RunTime:0.000352s ]
SQL: SHOW COLUMNS FROM `ly_goods` [ RunTime:0.007931s ]
SQL: SELECT `id`,`category_name`,`is_home` FROM `ly_category_goods` WHERE ( `status` = 1 ) AND ( `p_id` = 1 )  [ RunTime:0.000253s ]
SQL: SELECT * FROM `ly_goods` WHERE ( status = 1 and cate_id in (1,15,16,17) ) ORDER BY `sort` DESC,goods_id DESC LIMIT 8   [ RunTime:0.000562s ]
SQL: SELECT `id`,`category_name`,`is_home` FROM `ly_category_goods` WHERE ( `status` = 1 ) AND ( `p_id` = 2 )  [ RunTime:0.000175s ]
SQL: SELECT * FROM `ly_goods` WHERE ( status = 1 and cate_id in (2,18,19,20) ) ORDER BY `sort` DESC,goods_id DESC LIMIT 8   [ RunTime:0.000338s ]
NOTIC: [2] Invalid argument supplied for foreach() D:\wamp\www\lvyou\Lvyou\Home\Model\GoodsModel.class.php 第 24 行.
SQL: SHOW COLUMNS FROM `ly_category` [ RunTime:0.006588s ]
SQL: SELECT * FROM `ly_category` WHERE ( `status` = 1 ) ORDER BY sort  [ RunTime:0.000320s ]
SQL: SHOW COLUMNS FROM `ly_document` [ RunTime:0.005362s ]
SQL: SELECT * FROM `ly_document` WHERE ( `status` = 1 ) AND ( `category_id` = 1 ) LIMIT 10   [ RunTime:0.000291s ]
SQL: SELECT * FROM `ly_document` WHERE ( `status` = 1 ) AND ( `category_id` = 2 ) LIMIT 10   [ RunTime:0.000193s ]
SQL: SELECT * FROM `ly_document` WHERE ( `status` = 1 ) AND ( `category_id` = 39 ) LIMIT 10   [ RunTime:0.000201s ]
SQL: SHOW COLUMNS FROM `ly_page` [ RunTime:0.004961s ]
SQL: SELECT * FROM `ly_page` WHERE ( `status` = 1 ) AND ( `ishome` = 1 ) ORDER BY sort  [ RunTime:0.000336s ]
SQL: SHOW COLUMNS FROM `ly_category_goods` [ RunTime:0.004340s ]
SQL: SELECT * FROM `ly_category_goods` WHERE ( `p_id` = 0 ) AND ( `status` = 1 ) ORDER BY sort ASC  [ RunTime:0.000293s ]
SQL: SELECT * FROM `ly_category_goods` WHERE ( `p_id` = 1 ) AND ( `status` = 1 ) ORDER BY sort ASC  [ RunTime:0.000214s ]
SQL: SELECT * FROM `ly_category_goods` WHERE ( `p_id` = 15 ) AND ( `status` = 1 ) ORDER BY sort ASC  [ RunTime:0.000191s ]
NOTIC: [2] Invalid argument supplied for foreach() D:\wamp\www\lvyou\Lvyou\Home\Model\CategoryGoodsModel.class.php 第 51 行.
SQL: SELECT * FROM `ly_category_goods` WHERE ( `p_id` = 16 ) AND ( `status` = 1 ) ORDER BY sort ASC  [ RunTime:0.000191s ]
NOTIC: [2] Invalid argument supplied for foreach() D:\wamp\www\lvyou\Lvyou\Home\Model\CategoryGoodsModel.class.php 第 51 行.
SQL: SELECT * FROM `ly_category_goods` WHERE ( `p_id` = 17 ) AND ( `status` = 1 ) ORDER BY sort ASC  [ RunTime:0.000231s ]
NOTIC: [2] Invalid argument supplied for foreach() D:\wamp\www\lvyou\Lvyou\Home\Model\CategoryGoodsModel.class.php 第 51 行.
SQL: SELECT * FROM `ly_category_goods` WHERE ( `p_id` = 2 ) AND ( `status` = 1 ) ORDER BY sort ASC  [ RunTime:0.000229s ]
SQL: SELECT * FROM `ly_category_goods` WHERE ( `p_id` = 18 ) AND ( `status` = 1 ) ORDER BY sort ASC  [ RunTime:0.000219s ]
NOTIC: [2] Invalid argument supplied for foreach() D:\wamp\www\lvyou\Lvyou\Home\Model\CategoryGoodsModel.class.php 第 51 行.
SQL: SELECT * FROM `ly_category_goods` WHERE ( `p_id` = 19 ) AND ( `status` = 1 ) ORDER BY sort ASC  [ RunTime:0.000219s ]
NOTIC: [2] Invalid argument supplied for foreach() D:\wamp\www\lvyou\Lvyou\Home\Model\CategoryGoodsModel.class.php 第 51 行.
SQL: SELECT * FROM `ly_category_goods` WHERE ( `p_id` = 20 ) AND ( `status` = 1 ) ORDER BY sort ASC  [ RunTime:0.000227s ]
NOTIC: [2] Invalid argument supplied for foreach() D:\wamp\www\lvyou\Lvyou\Home\Model\CategoryGoodsModel.class.php 第 51 行.
SQL: SHOW COLUMNS FROM `ly_orders` [ RunTime:0.005731s ]
SQL: SELECT * FROM `ly_orders` ORDER BY createtime DESC LIMIT 12   [ RunTime:0.000237s ]
INFO: [ view_parse ] --START--
INFO: [ template_filter ] --START--
INFO: Run Behavior\ContentReplace [ RunTime:0.000600s ]
INFO: [ template_filter ] --END-- [ RunTime:0.000698s ]
INFO: Run Behavior\ParseTemplate [ RunTime:0.065426s ]
INFO: [ view_parse ] --END-- [ RunTime:0.065532s ]
INFO: [ view_filter ] --START--
INFO: Run Behavior\WriteHtmlCache [ RunTime:0.001663s ]
INFO: [ view_filter ] --END-- [ RunTime:0.001746s ]
INFO: [ app_end ] --START--
INFO: Run Behavior\ShowPageTrace [ RunTime:0.000945s ]
INFO: [ app_end ] --END-- [ RunTime:0.001029s ]

