[ 2015-11-30T00:19:39+08:00 ] 127.0.0.1 /lvyou/index.php?s=/Home/Goods/cate/id/15.html
NOTIC: [8] Use of undefined constant UID - assumed 'UID' D:\wamp\www\lvyou\Lvyou\Home\Controller\HomeController.class.php 第 30 行.
SQL: SHOW COLUMNS FROM `ly_nav` [ RunTime:0.013243s ]
SQL: SELECT * FROM `ly_nav` ORDER BY sort ASC LIMIT 9   [ RunTime:0.000339s ]
SQL: SHOW COLUMNS FROM `ly_friendlink` [ RunTime:0.015957s ]
SQL: SELECT * FROM `ly_friendlink` WHERE ( `state` = 1 ) ORDER BY sort ASC LIMIT 9   [ RunTime:0.000267s ]
SQL: SHOW COLUMNS FROM `ly_category` [ RunTime:0.012778s ]
SQL: SELECT * FROM `ly_category` WHERE ( `status` = 1 ) AND ( `type` = 2 ) ORDER BY `sort` DESC,cate_id DESC LIMIT 8   [ RunTime:0.000199s ]
ERR: 1054:Unknown column 'cate_id' in 'order clause'
 [ SQL语句 ] : SELECT * FROM `ly_category` WHERE ( `status` = 1 ) AND ( `type` = 2 ) ORDER BY `sort` DESC,cate_id DESC LIMIT 8  
NOTIC: [2] Invalid argument supplied for foreach() D:\wamp\www\lvyou\Lvyou\Home\Controller\HomeController.class.php 第 133 行.
NOTIC: [8] Undefined variable: article D:\wamp\www\lvyou\Lvyou\Home\Controller\HomeController.class.php 第 138 行.
SQL: SHOW COLUMNS FROM `ly_category_goods` [ RunTime:0.012521s ]
SQL: SELECT * FROM `ly_category_goods` WHERE ( `id` = 15 ) LIMIT 1   [ RunTime:0.000310s ]
SQL: SHOW COLUMNS FROM `ly_search_keyword` [ RunTime:0.014976s ]
SQL: SELECT * FROM `ly_search_keyword` WHERE ( `isshow` = 1 ) ORDER BY times desc  [ RunTime:0.000291s ]
SQL: SHOW COLUMNS FROM `ly_support` [ RunTime:0.010526s ]
SQL: SELECT * FROM `ly_support` WHERE ( `status` = 1 ) ORDER BY sort desc  [ RunTime:0.000251s ]
SQL: SHOW COLUMNS FROM `ly_category_goods` [ RunTime:0.003653s ]
SQL: SELECT * FROM `ly_category_goods` WHERE ( `id` = 15 ) LIMIT 1   [ RunTime:0.000259s ]
SQL: SELECT * FROM `ly_category_goods` WHERE ( `p_id` = 15 )  [ RunTime:0.000208s ]
SQL: SHOW COLUMNS FROM `ly_goods` [ RunTime:0.005930s ]
SQL: SHOW COLUMNS FROM `ly_goods` [ RunTime:0.005196s ]
SQL: SELECT COUNT(*) AS tp_count FROM `ly_goods` WHERE ( `cate_id` = 15 ) AND ( `status` = 1 ) LIMIT 1   [ RunTime:0.005193s ]
SQL: SHOW COLUMNS FROM `ly_goods` [ RunTime:0.003945s ]
SQL: SELECT * FROM `ly_goods` WHERE ( `cate_id` = 15 ) AND ( `status` = 1 ) ORDER BY `sort` DESC,goods_id DESC LIMIT 0,10   [ RunTime:0.000394s ]
SQL: SELECT * FROM `ly_category_goods` WHERE ( `p_id` = 0 ) AND ( `status` = 1 ) ORDER BY sort ASC  [ RunTime:0.000258s ]
SQL: SELECT * FROM `ly_category_goods` WHERE ( `p_id` = 1 ) AND ( `status` = 1 ) ORDER BY sort ASC  [ RunTime:0.000235s ]
SQL: SELECT * FROM `ly_category_goods` WHERE ( `p_id` = 15 ) AND ( `status` = 1 ) ORDER BY sort ASC  [ RunTime:0.000213s ]
NOTIC: [2] Invalid argument supplied for foreach() D:\wamp\www\lvyou\Lvyou\Home\Model\CategoryGoodsModel.class.php 第 40 行.
SQL: SELECT * FROM `ly_category_goods` WHERE ( `p_id` = 16 ) AND ( `status` = 1 ) ORDER BY sort ASC  [ RunTime:0.000223s ]
NOTIC: [2] Invalid argument supplied for foreach() D:\wamp\www\lvyou\Lvyou\Home\Model\CategoryGoodsModel.class.php 第 40 行.
SQL: SELECT * FROM `ly_category_goods` WHERE ( `p_id` = 17 ) AND ( `status` = 1 ) ORDER BY sort ASC  [ RunTime:0.000224s ]
NOTIC: [2] Invalid argument supplied for foreach() D:\wamp\www\lvyou\Lvyou\Home\Model\CategoryGoodsModel.class.php 第 40 行.
SQL: SELECT * FROM `ly_category_goods` WHERE ( `p_id` = 2 ) AND ( `status` = 1 ) ORDER BY sort ASC  [ RunTime:0.000225s ]
SQL: SELECT * FROM `ly_category_goods` WHERE ( `p_id` = 18 ) AND ( `status` = 1 ) ORDER BY sort ASC  [ RunTime:0.000275s ]
NOTIC: [2] Invalid argument supplied for foreach() D:\wamp\www\lvyou\Lvyou\Home\Model\CategoryGoodsModel.class.php 第 40 行.
SQL: SELECT * FROM `ly_category_goods` WHERE ( `p_id` = 19 ) AND ( `status` = 1 ) ORDER BY sort ASC  [ RunTime:0.000233s ]
NOTIC: [2] Invalid argument supplied for foreach() D:\wamp\www\lvyou\Lvyou\Home\Model\CategoryGoodsModel.class.php 第 40 行.
SQL: SELECT * FROM `ly_category_goods` WHERE ( `p_id` = 20 ) AND ( `status` = 1 ) ORDER BY sort ASC  [ RunTime:0.000204s ]
NOTIC: [2] Invalid argument supplied for foreach() D:\wamp\www\lvyou\Lvyou\Home\Model\CategoryGoodsModel.class.php 第 40 行.
INFO: [ view_parse ] --START--
INFO: [ template_filter ] --START--
INFO: Run Behavior\ContentReplace [ RunTime:0.000504s ]
INFO: [ template_filter ] --END-- [ RunTime:0.000604s ]
NOTIC: [8] Undefined variable: ishome D:\wamp\www\lvyou\Runtime\Cache\Home\52662f47793434ef7a33ef5f126b69f8.php 第 187 行.
NOTIC: [8] Undefined index: cate_id D:\wamp\www\lvyou\Runtime\Cache\Home\52662f47793434ef7a33ef5f126b69f8.php 第 193 行.
NOTIC: [8] Undefined index: category_name D:\wamp\www\lvyou\Runtime\Cache\Home\52662f47793434ef7a33ef5f126b69f8.php 第 193 行.
NOTIC: [8] Undefined index: category_name D:\wamp\www\lvyou\Runtime\Cache\Home\52662f47793434ef7a33ef5f126b69f8.php 第 193 行.
NOTIC: [8] Undefined index: title D:\wamp\www\lvyou\Runtime\Cache\Home\52662f47793434ef7a33ef5f126b69f8.php 第 196 行.
INFO: Run Behavior\ParseTemplate [ RunTime:0.132755s ]
INFO: [ view_parse ] --END-- [ RunTime:0.132851s ]
INFO: [ view_filter ] --START--
INFO: Run Behavior\WriteHtmlCache [ RunTime:0.012667s ]
INFO: [ view_filter ] --END-- [ RunTime:0.012764s ]
INFO: [ app_end ] --START--
INFO: Run Behavior\ShowPageTrace [ RunTime:0.014407s ]
INFO: [ app_end ] --END-- [ RunTime:0.014509s ]

[ 2015-11-30T00:41:24+08:00 ] 127.0.0.1 /lvyou/index.php?s=/Home/Goods/cate/id/15.html
NOTIC: [8] Use of undefined constant UID - assumed 'UID' D:\wamp\www\lvyou\Lvyou\Home\Controller\HomeController.class.php 第 30 行.
SQL: SHOW COLUMNS FROM `ly_nav` [ RunTime:0.012697s ]
SQL: SELECT * FROM `ly_nav` ORDER BY sort ASC LIMIT 9   [ RunTime:0.004062s ]
SQL: SHOW COLUMNS FROM `ly_friendlink` [ RunTime:0.013318s ]
SQL: SELECT * FROM `ly_friendlink` WHERE ( `state` = 1 ) ORDER BY sort ASC LIMIT 9   [ RunTime:0.000282s ]
SQL: SHOW COLUMNS FROM `ly_category` [ RunTime:0.012382s ]
SQL: SELECT * FROM `ly_category` WHERE ( `status` = 1 ) AND ( `type` = 2 ) ORDER BY `sort` DESC,cate_id DESC LIMIT 8   [ RunTime:0.000242s ]
ERR: 1054:Unknown column 'cate_id' in 'order clause'
 [ SQL语句 ] : SELECT * FROM `ly_category` WHERE ( `status` = 1 ) AND ( `type` = 2 ) ORDER BY `sort` DESC,cate_id DESC LIMIT 8  
NOTIC: [2] Invalid argument supplied for foreach() D:\wamp\www\lvyou\Lvyou\Home\Controller\HomeController.class.php 第 133 行.
NOTIC: [8] Undefined variable: article D:\wamp\www\lvyou\Lvyou\Home\Controller\HomeController.class.php 第 138 行.
SQL: SHOW COLUMNS FROM `ly_category_goods` [ RunTime:0.012685s ]
SQL: SELECT * FROM `ly_category_goods` WHERE ( `id` = 15 ) LIMIT 1   [ RunTime:0.000312s ]
SQL: SHOW COLUMNS FROM `ly_search_keyword` [ RunTime:0.014237s ]
SQL: SELECT * FROM `ly_search_keyword` WHERE ( `isshow` = 1 ) ORDER BY times desc  [ RunTime:0.000323s ]
SQL: SHOW COLUMNS FROM `ly_support` [ RunTime:0.010039s ]
SQL: SELECT * FROM `ly_support` WHERE ( `status` = 1 ) ORDER BY sort desc  [ RunTime:0.000283s ]
SQL: SHOW COLUMNS FROM `ly_category_goods` [ RunTime:0.003997s ]
SQL: SELECT * FROM `ly_category_goods` WHERE ( `id` = 15 ) LIMIT 1   [ RunTime:0.000373s ]
SQL: SELECT * FROM `ly_category_goods` WHERE ( `p_id` = 15 )  [ RunTime:0.000273s ]
SQL: SHOW COLUMNS FROM `ly_goods` [ RunTime:0.017580s ]
SQL: SHOW COLUMNS FROM `ly_goods` [ RunTime:0.004073s ]
SQL: SELECT COUNT(*) AS tp_count FROM `ly_goods` WHERE ( `cate_id` = 15 ) AND ( `status` = 1 ) LIMIT 1   [ RunTime:0.004342s ]
SQL: SHOW COLUMNS FROM `ly_goods` [ RunTime:0.004482s ]
SQL: SELECT * FROM `ly_goods` WHERE ( `cate_id` = 15 ) AND ( `status` = 1 ) ORDER BY `sort` DESC,goods_id DESC LIMIT 0,10   [ RunTime:0.000445s ]
SQL: SELECT * FROM `ly_category_goods` WHERE ( `p_id` = 0 ) AND ( `status` = 1 ) ORDER BY sort ASC  [ RunTime:0.000288s ]
SQL: SELECT * FROM `ly_category_goods` WHERE ( `p_id` = 1 ) AND ( `status` = 1 ) ORDER BY sort ASC  [ RunTime:0.000260s ]
SQL: SELECT * FROM `ly_category_goods` WHERE ( `p_id` = 15 ) AND ( `status` = 1 ) ORDER BY sort ASC  [ RunTime:0.000251s ]
NOTIC: [2] Invalid argument supplied for foreach() D:\wamp\www\lvyou\Lvyou\Home\Model\CategoryGoodsModel.class.php 第 40 行.
SQL: SELECT * FROM `ly_category_goods` WHERE ( `p_id` = 16 ) AND ( `status` = 1 ) ORDER BY sort ASC  [ RunTime:0.000254s ]
NOTIC: [2] Invalid argument supplied for foreach() D:\wamp\www\lvyou\Lvyou\Home\Model\CategoryGoodsModel.class.php 第 40 行.
SQL: SELECT * FROM `ly_category_goods` WHERE ( `p_id` = 17 ) AND ( `status` = 1 ) ORDER BY sort ASC  [ RunTime:0.000221s ]
NOTIC: [2] Invalid argument supplied for foreach() D:\wamp\www\lvyou\Lvyou\Home\Model\CategoryGoodsModel.class.php 第 40 行.
SQL: SELECT * FROM `ly_category_goods` WHERE ( `p_id` = 2 ) AND ( `status` = 1 ) ORDER BY sort ASC  [ RunTime:0.000237s ]
SQL: SELECT * FROM `ly_category_goods` WHERE ( `p_id` = 18 ) AND ( `status` = 1 ) ORDER BY sort ASC  [ RunTime:0.000219s ]
NOTIC: [2] Invalid argument supplied for foreach() D:\wamp\www\lvyou\Lvyou\Home\Model\CategoryGoodsModel.class.php 第 40 行.
SQL: SELECT * FROM `ly_category_goods` WHERE ( `p_id` = 19 ) AND ( `status` = 1 ) ORDER BY sort ASC  [ RunTime:0.000210s ]
NOTIC: [2] Invalid argument supplied for foreach() D:\wamp\www\lvyou\Lvyou\Home\Model\CategoryGoodsModel.class.php 第 40 行.
SQL: SELECT * FROM `ly_category_goods` WHERE ( `p_id` = 20 ) AND ( `status` = 1 ) ORDER BY sort ASC  [ RunTime:0.000206s ]
NOTIC: [2] Invalid argument supplied for foreach() D:\wamp\www\lvyou\Lvyou\Home\Model\CategoryGoodsModel.class.php 第 40 行.
INFO: [ view_parse ] --START--
INFO: [ template_filter ] --START--
INFO: Run Behavior\ContentReplace [ RunTime:0.000527s ]
INFO: [ template_filter ] --END-- [ RunTime:0.000624s ]
NOTIC: [8] Undefined variable: ishome D:\wamp\www\lvyou\Runtime\Cache\Home\52662f47793434ef7a33ef5f126b69f8.php 第 190 行.
NOTIC: [8] Undefined index: cate_id D:\wamp\www\lvyou\Runtime\Cache\Home\52662f47793434ef7a33ef5f126b69f8.php 第 196 行.
NOTIC: [8] Undefined index: category_name D:\wamp\www\lvyou\Runtime\Cache\Home\52662f47793434ef7a33ef5f126b69f8.php 第 196 行.
NOTIC: [8] Undefined index: category_name D:\wamp\www\lvyou\Runtime\Cache\Home\52662f47793434ef7a33ef5f126b69f8.php 第 196 行.
NOTIC: [8] Undefined index: title D:\wamp\www\lvyou\Runtime\Cache\Home\52662f47793434ef7a33ef5f126b69f8.php 第 199 行.
NOTIC: [8] Undefined variable: msg D:\wamp\www\lvyou\Runtime\Cache\Home\52662f47793434ef7a33ef5f126b69f8.php 第 210 行.
NOTIC: [8] Undefined index: title D:\wamp\www\lvyou\Runtime\Cache\Home\52662f47793434ef7a33ef5f126b69f8.php 第 213 行.
NOTIC: [8] Undefined index: title D:\wamp\www\lvyou\Runtime\Cache\Home\52662f47793434ef7a33ef5f126b69f8.php 第 217 行.
NOTIC: [8] Undefined index: pic_url D:\wamp\www\lvyou\Runtime\Cache\Home\52662f47793434ef7a33ef5f126b69f8.php 第 217 行.
NOTIC: [8] Undefined index: name D:\wamp\www\lvyou\Runtime\Cache\Home\52662f47793434ef7a33ef5f126b69f8.php 第 221 行.
NOTIC: [8] Undefined index: summary D:\wamp\www\lvyou\Runtime\Cache\Home\52662f47793434ef7a33ef5f126b69f8.php 第 225 行.
NOTIC: [8] Undefined index: tid D:\wamp\www\lvyou\Runtime\Cache\Home\52662f47793434ef7a33ef5f126b69f8.php 第 240 行.
NOTIC: [8] Undefined index: title D:\wamp\www\lvyou\Runtime\Cache\Home\52662f47793434ef7a33ef5f126b69f8.php 第 240 行.
NOTIC: [8] Undefined variable: goods_name D:\wamp\www\lvyou\Runtime\Cache\Home\52662f47793434ef7a33ef5f126b69f8.php 第 242 行.
NOTIC: [8] Undefined index: title D:\wamp\www\lvyou\Runtime\Cache\Home\52662f47793434ef7a33ef5f126b69f8.php 第 243 行.
NOTIC: [8] Undefined index: pic_url D:\wamp\www\lvyou\Runtime\Cache\Home\52662f47793434ef7a33ef5f126b69f8.php 第 243 行.
NOTIC: [8] Undefined index: goods_type D:\wamp\www\lvyou\Runtime\Cache\Home\52662f47793434ef7a33ef5f126b69f8.php 第 259 行.
NOTIC: [8] Undefined index: discount_price D:\wamp\www\lvyou\Runtime\Cache\Home\52662f47793434ef7a33ef5f126b69f8.php 第 273 行.
NOTIC: [8] Undefined index: price D:\wamp\www\lvyou\Runtime\Cache\Home\52662f47793434ef7a33ef5f126b69f8.php 第 274 行.
NOTIC: [8] Undefined index: days D:\wamp\www\lvyou\Runtime\Cache\Home\52662f47793434ef7a33ef5f126b69f8.php 第 275 行.
NOTIC: [8] Undefined index: invite D:\wamp\www\lvyou\Runtime\Cache\Home\52662f47793434ef7a33ef5f126b69f8.php 第 276 行.
NOTIC: [8] Undefined index: aheaddays D:\wamp\www\lvyou\Runtime\Cache\Home\52662f47793434ef7a33ef5f126b69f8.php 第 277 行.
NOTIC: [8] Undefined index: city D:\wamp\www\lvyou\Runtime\Cache\Home\52662f47793434ef7a33ef5f126b69f8.php 第 278 行.
NOTIC: [8] Undefined index: maxdays D:\wamp\www\lvyou\Runtime\Cache\Home\52662f47793434ef7a33ef5f126b69f8.php 第 279 行.
NOTIC: [8] Undefined index: audition D:\wamp\www\lvyou\Runtime\Cache\Home\52662f47793434ef7a33ef5f126b69f8.php 第 280 行.
NOTIC: [8] Undefined index: traffic D:\wamp\www\lvyou\Runtime\Cache\Home\52662f47793434ef7a33ef5f126b69f8.php 第 281 行.
NOTIC: [8] Undefined index: goods_id D:\wamp\www\lvyou\Runtime\Cache\Home\52662f47793434ef7a33ef5f126b69f8.php 第 293 行.
NOTIC: [8] Undefined variable: goods_extra D:\wamp\www\lvyou\Runtime\Cache\Home\52662f47793434ef7a33ef5f126b69f8.php 第 304 行.
NOTIC: [8] Undefined index: discount_price D:\wamp\www\lvyou\Runtime\Cache\Home\52662f47793434ef7a33ef5f126b69f8.php 第 309 行.
NOTIC: [8] Undefined index: item_body D:\wamp\www\lvyou\Runtime\Cache\Home\52662f47793434ef7a33ef5f126b69f8.php 第 319 行.
NOTIC: [8] Undefined variable: goods_extra D:\wamp\www\lvyou\Runtime\Cache\Home\52662f47793434ef7a33ef5f126b69f8.php 第 321 行.
NOTIC: [8] Undefined variable: hot_goods D:\wamp\www\lvyou\Runtime\Cache\Home\52662f47793434ef7a33ef5f126b69f8.php 第 356 行.
NOTIC: [8] Undefined index: goods_id D:\wamp\www\lvyou\Runtime\Cache\Home\52662f47793434ef7a33ef5f126b69f8.php 第 384 行.
NOTIC: [8] Undefined index: title D:\wamp\www\lvyou\Runtime\Cache\Home\52662f47793434ef7a33ef5f126b69f8.php 第 391 行.
NOTIC: [8] Undefined index: discount_price D:\wamp\www\lvyou\Runtime\Cache\Home\52662f47793434ef7a33ef5f126b69f8.php 第 400 行.
NOTIC: [8] Undefined index: child_price D:\wamp\www\lvyou\Runtime\Cache\Home\52662f47793434ef7a33ef5f126b69f8.php 第 405 行.
INFO: Run Behavior\ParseTemplate [ RunTime:0.151912s ]
INFO: [ view_parse ] --END-- [ RunTime:0.152001s ]
INFO: [ view_filter ] --START--
INFO: Run Behavior\WriteHtmlCache [ RunTime:0.026234s ]
INFO: [ view_filter ] --END-- [ RunTime:0.026333s ]
INFO: [ app_end ] --START--
INFO: Run Behavior\ShowPageTrace [ RunTime:0.022230s ]
INFO: [ app_end ] --END-- [ RunTime:0.022328s ]

[ 2015-11-30T00:43:07+08:00 ] 127.0.0.1 /lvyou/index.php?s=/Home/Goods/cate/id/15.html
NOTIC: [8] Use of undefined constant UID - assumed 'UID' D:\wamp\www\lvyou\Lvyou\Home\Controller\HomeController.class.php 第 30 行.
SQL: SHOW COLUMNS FROM `ly_nav` [ RunTime:0.003872s ]
SQL: SELECT * FROM `ly_nav` ORDER BY sort ASC LIMIT 9   [ RunTime:0.000286s ]
SQL: SHOW COLUMNS FROM `ly_friendlink` [ RunTime:0.003202s ]
SQL: SELECT * FROM `ly_friendlink` WHERE ( `state` = 1 ) ORDER BY sort ASC LIMIT 9   [ RunTime:0.000240s ]
SQL: SHOW COLUMNS FROM `ly_category` [ RunTime:0.003974s ]
SQL: SELECT * FROM `ly_category` WHERE ( `status` = 1 ) AND ( `type` = 2 ) ORDER BY `sort` DESC,cate_id DESC LIMIT 8   [ RunTime:0.000207s ]
ERR: 1054:Unknown column 'cate_id' in 'order clause'
 [ SQL语句 ] : SELECT * FROM `ly_category` WHERE ( `status` = 1 ) AND ( `type` = 2 ) ORDER BY `sort` DESC,cate_id DESC LIMIT 8  
NOTIC: [2] Invalid argument supplied for foreach() D:\wamp\www\lvyou\Lvyou\Home\Controller\HomeController.class.php 第 133 行.
NOTIC: [8] Undefined variable: article D:\wamp\www\lvyou\Lvyou\Home\Controller\HomeController.class.php 第 138 行.
SQL: SHOW COLUMNS FROM `ly_category_goods` [ RunTime:0.003799s ]
SQL: SELECT * FROM `ly_category_goods` WHERE ( `id` = 15 ) LIMIT 1   [ RunTime:0.000354s ]
SQL: SHOW COLUMNS FROM `ly_search_keyword` [ RunTime:0.003059s ]
SQL: SELECT * FROM `ly_search_keyword` WHERE ( `isshow` = 1 ) ORDER BY times desc  [ RunTime:0.000243s ]
SQL: SHOW COLUMNS FROM `ly_support` [ RunTime:0.003510s ]
SQL: SELECT * FROM `ly_support` WHERE ( `status` = 1 ) ORDER BY sort desc  [ RunTime:0.000246s ]
SQL: SHOW COLUMNS FROM `ly_category_goods` [ RunTime:0.006133s ]
SQL: SELECT * FROM `ly_category_goods` WHERE ( `id` = 15 ) LIMIT 1   [ RunTime:0.000341s ]
SQL: SELECT * FROM `ly_category_goods` WHERE ( `p_id` = 15 )  [ RunTime:0.000225s ]
SQL: SHOW COLUMNS FROM `ly_goods` [ RunTime:0.004049s ]
SQL: SHOW COLUMNS FROM `ly_goods` [ RunTime:0.003871s ]
SQL: SELECT COUNT(*) AS tp_count FROM `ly_goods` WHERE ( `cate_id` = 15 ) AND ( `status` = 1 ) LIMIT 1   [ RunTime:0.000247s ]
SQL: SHOW COLUMNS FROM `ly_goods` [ RunTime:0.004415s ]
SQL: SELECT * FROM `ly_goods` WHERE ( `cate_id` = 15 ) AND ( `status` = 1 ) ORDER BY `sort` DESC,goods_id DESC LIMIT 0,10   [ RunTime:0.000411s ]
SQL: SELECT * FROM `ly_category_goods` WHERE ( `p_id` = 0 ) AND ( `status` = 1 ) ORDER BY sort ASC  [ RunTime:0.000259s ]
SQL: SELECT * FROM `ly_category_goods` WHERE ( `p_id` = 1 ) AND ( `status` = 1 ) ORDER BY sort ASC  [ RunTime:0.000222s ]
SQL: SELECT * FROM `ly_category_goods` WHERE ( `p_id` = 15 ) AND ( `status` = 1 ) ORDER BY sort ASC  [ RunTime:0.000190s ]
NOTIC: [2] Invalid argument supplied for foreach() D:\wamp\www\lvyou\Lvyou\Home\Model\CategoryGoodsModel.class.php 第 40 行.
SQL: SELECT * FROM `ly_category_goods` WHERE ( `p_id` = 16 ) AND ( `status` = 1 ) ORDER BY sort ASC  [ RunTime:0.000219s ]
NOTIC: [2] Invalid argument supplied for foreach() D:\wamp\www\lvyou\Lvyou\Home\Model\CategoryGoodsModel.class.php 第 40 行.
SQL: SELECT * FROM `ly_category_goods` WHERE ( `p_id` = 17 ) AND ( `status` = 1 ) ORDER BY sort ASC  [ RunTime:0.000263s ]
NOTIC: [2] Invalid argument supplied for foreach() D:\wamp\www\lvyou\Lvyou\Home\Model\CategoryGoodsModel.class.php 第 40 行.
SQL: SELECT * FROM `ly_category_goods` WHERE ( `p_id` = 2 ) AND ( `status` = 1 ) ORDER BY sort ASC  [ RunTime:0.000239s ]
SQL: SELECT * FROM `ly_category_goods` WHERE ( `p_id` = 18 ) AND ( `status` = 1 ) ORDER BY sort ASC  [ RunTime:0.000243s ]
NOTIC: [2] Invalid argument supplied for foreach() D:\wamp\www\lvyou\Lvyou\Home\Model\CategoryGoodsModel.class.php 第 40 行.
SQL: SELECT * FROM `ly_category_goods` WHERE ( `p_id` = 19 ) AND ( `status` = 1 ) ORDER BY sort ASC  [ RunTime:0.000184s ]
NOTIC: [2] Invalid argument supplied for foreach() D:\wamp\www\lvyou\Lvyou\Home\Model\CategoryGoodsModel.class.php 第 40 行.
SQL: SELECT * FROM `ly_category_goods` WHERE ( `p_id` = 20 ) AND ( `status` = 1 ) ORDER BY sort ASC  [ RunTime:0.000193s ]
NOTIC: [2] Invalid argument supplied for foreach() D:\wamp\www\lvyou\Lvyou\Home\Model\CategoryGoodsModel.class.php 第 40 行.
INFO: [ view_parse ] --START--
INFO: [ template_filter ] --START--
INFO: Run Behavior\ContentReplace [ RunTime:0.000534s ]
INFO: [ template_filter ] --END-- [ RunTime:0.000627s ]
NOTIC: [8] Undefined variable: ishome D:\wamp\www\lvyou\Runtime\Cache\Home\52662f47793434ef7a33ef5f126b69f8.php 第 190 行.
NOTIC: [8] Undefined index: cate_id D:\wamp\www\lvyou\Runtime\Cache\Home\52662f47793434ef7a33ef5f126b69f8.php 第 196 行.
NOTIC: [8] Undefined index: category_name D:\wamp\www\lvyou\Runtime\Cache\Home\52662f47793434ef7a33ef5f126b69f8.php 第 196 行.
NOTIC: [8] Undefined index: category_name D:\wamp\www\lvyou\Runtime\Cache\Home\52662f47793434ef7a33ef5f126b69f8.php 第 196 行.
NOTIC: [8] Undefined index: title D:\wamp\www\lvyou\Runtime\Cache\Home\52662f47793434ef7a33ef5f126b69f8.php 第 199 行.
NOTIC: [8] Undefined variable: msg D:\wamp\www\lvyou\Runtime\Cache\Home\52662f47793434ef7a33ef5f126b69f8.php 第 210 行.
NOTIC: [8] Undefined index: title D:\wamp\www\lvyou\Runtime\Cache\Home\52662f47793434ef7a33ef5f126b69f8.php 第 213 行.
NOTIC: [8] Undefined index: title D:\wamp\www\lvyou\Runtime\Cache\Home\52662f47793434ef7a33ef5f126b69f8.php 第 217 行.
NOTIC: [8] Undefined index: pic_url D:\wamp\www\lvyou\Runtime\Cache\Home\52662f47793434ef7a33ef5f126b69f8.php 第 217 行.
NOTIC: [8] Undefined index: name D:\wamp\www\lvyou\Runtime\Cache\Home\52662f47793434ef7a33ef5f126b69f8.php 第 221 行.
NOTIC: [8] Undefined index: summary D:\wamp\www\lvyou\Runtime\Cache\Home\52662f47793434ef7a33ef5f126b69f8.php 第 225 行.
NOTIC: [8] Undefined index: tid D:\wamp\www\lvyou\Runtime\Cache\Home\52662f47793434ef7a33ef5f126b69f8.php 第 240 行.
NOTIC: [8] Undefined index: title D:\wamp\www\lvyou\Runtime\Cache\Home\52662f47793434ef7a33ef5f126b69f8.php 第 240 行.
NOTIC: [8] Undefined variable: goods_name D:\wamp\www\lvyou\Runtime\Cache\Home\52662f47793434ef7a33ef5f126b69f8.php 第 242 行.
NOTIC: [8] Undefined index: title D:\wamp\www\lvyou\Runtime\Cache\Home\52662f47793434ef7a33ef5f126b69f8.php 第 243 行.
NOTIC: [8] Undefined index: pic_url D:\wamp\www\lvyou\Runtime\Cache\Home\52662f47793434ef7a33ef5f126b69f8.php 第 243 行.
NOTIC: [8] Undefined index: goods_type D:\wamp\www\lvyou\Runtime\Cache\Home\52662f47793434ef7a33ef5f126b69f8.php 第 259 行.
NOTIC: [8] Undefined index: discount_price D:\wamp\www\lvyou\Runtime\Cache\Home\52662f47793434ef7a33ef5f126b69f8.php 第 273 行.
NOTIC: [8] Undefined index: price D:\wamp\www\lvyou\Runtime\Cache\Home\52662f47793434ef7a33ef5f126b69f8.php 第 274 行.
NOTIC: [8] Undefined index: days D:\wamp\www\lvyou\Runtime\Cache\Home\52662f47793434ef7a33ef5f126b69f8.php 第 275 行.
NOTIC: [8] Undefined index: invite D:\wamp\www\lvyou\Runtime\Cache\Home\52662f47793434ef7a33ef5f126b69f8.php 第 276 行.
NOTIC: [8] Undefined index: aheaddays D:\wamp\www\lvyou\Runtime\Cache\Home\52662f47793434ef7a33ef5f126b69f8.php 第 277 行.
NOTIC: [8] Undefined index: city D:\wamp\www\lvyou\Runtime\Cache\Home\52662f47793434ef7a33ef5f126b69f8.php 第 278 行.
NOTIC: [8] Undefined index: maxdays D:\wamp\www\lvyou\Runtime\Cache\Home\52662f47793434ef7a33ef5f126b69f8.php 第 279 行.
NOTIC: [8] Undefined index: audition D:\wamp\www\lvyou\Runtime\Cache\Home\52662f47793434ef7a33ef5f126b69f8.php 第 280 行.
NOTIC: [8] Undefined index: traffic D:\wamp\www\lvyou\Runtime\Cache\Home\52662f47793434ef7a33ef5f126b69f8.php 第 281 行.
NOTIC: [8] Undefined index: goods_id D:\wamp\www\lvyou\Runtime\Cache\Home\52662f47793434ef7a33ef5f126b69f8.php 第 293 行.
NOTIC: [8] Undefined variable: goods_extra D:\wamp\www\lvyou\Runtime\Cache\Home\52662f47793434ef7a33ef5f126b69f8.php 第 304 行.
NOTIC: [8] Undefined index: discount_price D:\wamp\www\lvyou\Runtime\Cache\Home\52662f47793434ef7a33ef5f126b69f8.php 第 309 行.
NOTIC: [8] Undefined index: item_body D:\wamp\www\lvyou\Runtime\Cache\Home\52662f47793434ef7a33ef5f126b69f8.php 第 319 行.
NOTIC: [8] Undefined variable: goods_extra D:\wamp\www\lvyou\Runtime\Cache\Home\52662f47793434ef7a33ef5f126b69f8.php 第 321 行.
NOTIC: [8] Undefined variable: hot_goods D:\wamp\www\lvyou\Runtime\Cache\Home\52662f47793434ef7a33ef5f126b69f8.php 第 356 行.
NOTIC: [8] Undefined index: goods_id D:\wamp\www\lvyou\Runtime\Cache\Home\52662f47793434ef7a33ef5f126b69f8.php 第 384 行.
NOTIC: [8] Undefined index: title D:\wamp\www\lvyou\Runtime\Cache\Home\52662f47793434ef7a33ef5f126b69f8.php 第 391 行.
NOTIC: [8] Undefined index: discount_price D:\wamp\www\lvyou\Runtime\Cache\Home\52662f47793434ef7a33ef5f126b69f8.php 第 400 行.
NOTIC: [8] Undefined index: child_price D:\wamp\www\lvyou\Runtime\Cache\Home\52662f47793434ef7a33ef5f126b69f8.php 第 405 行.
INFO: Run Behavior\ParseTemplate [ RunTime:0.033259s ]
INFO: [ view_parse ] --END-- [ RunTime:0.033347s ]
INFO: [ view_filter ] --START--
INFO: Run Behavior\WriteHtmlCache [ RunTime:0.000725s ]
INFO: [ view_filter ] --END-- [ RunTime:0.000797s ]
INFO: [ app_end ] --START--
INFO: Run Behavior\ShowPageTrace [ RunTime:0.000942s ]
INFO: [ app_end ] --END-- [ RunTime:0.001015s ]

[ 2015-11-30T00:44:26+08:00 ] 127.0.0.1 /lvyou/index.php?s=/Home/Goods/cate/id/15.html
NOTIC: [8] Use of undefined constant UID - assumed 'UID' D:\wamp\www\lvyou\Lvyou\Home\Controller\HomeController.class.php 第 30 行.
SQL: SHOW COLUMNS FROM `ly_nav` [ RunTime:0.003863s ]
SQL: SELECT * FROM `ly_nav` ORDER BY sort ASC LIMIT 9   [ RunTime:0.000288s ]
SQL: SHOW COLUMNS FROM `ly_friendlink` [ RunTime:0.004183s ]
SQL: SELECT * FROM `ly_friendlink` WHERE ( `state` = 1 ) ORDER BY sort ASC LIMIT 9   [ RunTime:0.000245s ]
SQL: SHOW COLUMNS FROM `ly_category` [ RunTime:0.003902s ]
SQL: SELECT * FROM `ly_category` WHERE ( `status` = 1 ) AND ( `type` = 2 ) ORDER BY `sort` DESC,cate_id DESC LIMIT 8   [ RunTime:0.000236s ]
ERR: 1054:Unknown column 'cate_id' in 'order clause'
 [ SQL语句 ] : SELECT * FROM `ly_category` WHERE ( `status` = 1 ) AND ( `type` = 2 ) ORDER BY `sort` DESC,cate_id DESC LIMIT 8  
NOTIC: [2] Invalid argument supplied for foreach() D:\wamp\www\lvyou\Lvyou\Home\Controller\HomeController.class.php 第 133 行.
NOTIC: [8] Undefined variable: article D:\wamp\www\lvyou\Lvyou\Home\Controller\HomeController.class.php 第 138 行.
SQL: SHOW COLUMNS FROM `ly_category_goods` [ RunTime:0.004231s ]
SQL: SELECT * FROM `ly_category_goods` WHERE ( `id` = 15 ) LIMIT 1   [ RunTime:0.000318s ]
SQL: SHOW COLUMNS FROM `ly_search_keyword` [ RunTime:0.004787s ]
SQL: SELECT * FROM `ly_search_keyword` WHERE ( `isshow` = 1 ) ORDER BY times desc  [ RunTime:0.000306s ]
SQL: SHOW COLUMNS FROM `ly_support` [ RunTime:0.003425s ]
SQL: SELECT * FROM `ly_support` WHERE ( `status` = 1 ) ORDER BY sort desc  [ RunTime:0.000255s ]
SQL: SHOW COLUMNS FROM `ly_category_goods` [ RunTime:0.003726s ]
SQL: SELECT * FROM `ly_category_goods` WHERE ( `id` = 15 ) LIMIT 1   [ RunTime:0.000313s ]
SQL: SELECT * FROM `ly_category_goods` WHERE ( `p_id` = 15 )  [ RunTime:0.000232s ]
SQL: SHOW COLUMNS FROM `ly_goods` [ RunTime:0.004852s ]
SQL: SHOW COLUMNS FROM `ly_goods` [ RunTime:0.004275s ]
SQL: SELECT COUNT(*) AS tp_count FROM `ly_goods` WHERE ( `cate_id` = 15 ) AND ( `status` = 1 ) LIMIT 1   [ RunTime:0.000260s ]
SQL: SHOW COLUMNS FROM `ly_goods` [ RunTime:0.004065s ]
SQL: SELECT * FROM `ly_goods` WHERE ( `cate_id` = 15 ) AND ( `status` = 1 ) ORDER BY `sort` DESC,goods_id DESC LIMIT 0,10   [ RunTime:0.000564s ]
SQL: SELECT * FROM `ly_category_goods` WHERE ( `p_id` = 0 ) AND ( `status` = 1 ) ORDER BY sort ASC  [ RunTime:0.000289s ]
SQL: SELECT * FROM `ly_category_goods` WHERE ( `p_id` = 1 ) AND ( `status` = 1 ) ORDER BY sort ASC  [ RunTime:0.000294s ]
SQL: SELECT * FROM `ly_category_goods` WHERE ( `p_id` = 15 ) AND ( `status` = 1 ) ORDER BY sort ASC  [ RunTime:0.000223s ]
NOTIC: [2] Invalid argument supplied for foreach() D:\wamp\www\lvyou\Lvyou\Home\Model\CategoryGoodsModel.class.php 第 40 行.
SQL: SELECT * FROM `ly_category_goods` WHERE ( `p_id` = 16 ) AND ( `status` = 1 ) ORDER BY sort ASC  [ RunTime:0.000233s ]
NOTIC: [2] Invalid argument supplied for foreach() D:\wamp\www\lvyou\Lvyou\Home\Model\CategoryGoodsModel.class.php 第 40 行.
SQL: SELECT * FROM `ly_category_goods` WHERE ( `p_id` = 17 ) AND ( `status` = 1 ) ORDER BY sort ASC  [ RunTime:0.000254s ]
NOTIC: [2] Invalid argument supplied for foreach() D:\wamp\www\lvyou\Lvyou\Home\Model\CategoryGoodsModel.class.php 第 40 行.
SQL: SELECT * FROM `ly_category_goods` WHERE ( `p_id` = 2 ) AND ( `status` = 1 ) ORDER BY sort ASC  [ RunTime:0.000238s ]
SQL: SELECT * FROM `ly_category_goods` WHERE ( `p_id` = 18 ) AND ( `status` = 1 ) ORDER BY sort ASC  [ RunTime:0.000213s ]
NOTIC: [2] Invalid argument supplied for foreach() D:\wamp\www\lvyou\Lvyou\Home\Model\CategoryGoodsModel.class.php 第 40 行.
SQL: SELECT * FROM `ly_category_goods` WHERE ( `p_id` = 19 ) AND ( `status` = 1 ) ORDER BY sort ASC  [ RunTime:0.000220s ]
NOTIC: [2] Invalid argument supplied for foreach() D:\wamp\www\lvyou\Lvyou\Home\Model\CategoryGoodsModel.class.php 第 40 行.
SQL: SELECT * FROM `ly_category_goods` WHERE ( `p_id` = 20 ) AND ( `status` = 1 ) ORDER BY sort ASC  [ RunTime:0.000313s ]
NOTIC: [2] Invalid argument supplied for foreach() D:\wamp\www\lvyou\Lvyou\Home\Model\CategoryGoodsModel.class.php 第 40 行.
INFO: [ view_parse ] --START--
INFO: [ template_filter ] --START--
INFO: Run Behavior\ContentReplace [ RunTime:0.000574s ]
INFO: [ template_filter ] --END-- [ RunTime:0.000697s ]
NOTIC: [8] Undefined variable: ishome D:\wamp\www\lvyou\Runtime\Cache\Home\52662f47793434ef7a33ef5f126b69f8.php 第 190 行.
NOTIC: [8] Undefined index: cate_id D:\wamp\www\lvyou\Runtime\Cache\Home\52662f47793434ef7a33ef5f126b69f8.php 第 196 行.
NOTIC: [8] Undefined index: category_name D:\wamp\www\lvyou\Runtime\Cache\Home\52662f47793434ef7a33ef5f126b69f8.php 第 196 行.
NOTIC: [8] Undefined index: category_name D:\wamp\www\lvyou\Runtime\Cache\Home\52662f47793434ef7a33ef5f126b69f8.php 第 196 行.
NOTIC: [8] Undefined index: title D:\wamp\www\lvyou\Runtime\Cache\Home\52662f47793434ef7a33ef5f126b69f8.php 第 199 行.
NOTIC: [8] Undefined variable: msg D:\wamp\www\lvyou\Runtime\Cache\Home\52662f47793434ef7a33ef5f126b69f8.php 第 210 行.
NOTIC: [8] Undefined index: categoryname D:\wamp\www\lvyou\Runtime\Cache\Home\52662f47793434ef7a33ef5f126b69f8.php 第 213 行.
NOTIC: [8] Undefined index: title D:\wamp\www\lvyou\Runtime\Cache\Home\52662f47793434ef7a33ef5f126b69f8.php 第 217 行.
NOTIC: [8] Undefined index: pic_url D:\wamp\www\lvyou\Runtime\Cache\Home\52662f47793434ef7a33ef5f126b69f8.php 第 217 行.
NOTIC: [8] Undefined index: name D:\wamp\www\lvyou\Runtime\Cache\Home\52662f47793434ef7a33ef5f126b69f8.php 第 221 行.
NOTIC: [8] Undefined index: summary D:\wamp\www\lvyou\Runtime\Cache\Home\52662f47793434ef7a33ef5f126b69f8.php 第 225 行.
NOTIC: [8] Undefined index: tid D:\wamp\www\lvyou\Runtime\Cache\Home\52662f47793434ef7a33ef5f126b69f8.php 第 240 行.
NOTIC: [8] Undefined index: title D:\wamp\www\lvyou\Runtime\Cache\Home\52662f47793434ef7a33ef5f126b69f8.php 第 240 行.
NOTIC: [8] Undefined variable: goods_name D:\wamp\www\lvyou\Runtime\Cache\Home\52662f47793434ef7a33ef5f126b69f8.php 第 242 行.
NOTIC: [8] Undefined index: title D:\wamp\www\lvyou\Runtime\Cache\Home\52662f47793434ef7a33ef5f126b69f8.php 第 243 行.
NOTIC: [8] Undefined index: pic_url D:\wamp\www\lvyou\Runtime\Cache\Home\52662f47793434ef7a33ef5f126b69f8.php 第 243 行.
NOTIC: [8] Undefined index: goods_type D:\wamp\www\lvyou\Runtime\Cache\Home\52662f47793434ef7a33ef5f126b69f8.php 第 259 行.
NOTIC: [8] Undefined index: discount_price D:\wamp\www\lvyou\Runtime\Cache\Home\52662f47793434ef7a33ef5f126b69f8.php 第 273 行.
NOTIC: [8] Undefined index: price D:\wamp\www\lvyou\Runtime\Cache\Home\52662f47793434ef7a33ef5f126b69f8.php 第 274 行.
NOTIC: [8] Undefined index: days D:\wamp\www\lvyou\Runtime\Cache\Home\52662f47793434ef7a33ef5f126b69f8.php 第 275 行.
NOTIC: [8] Undefined index: invite D:\wamp\www\lvyou\Runtime\Cache\Home\52662f47793434ef7a33ef5f126b69f8.php 第 276 行.
NOTIC: [8] Undefined index: aheaddays D:\wamp\www\lvyou\Runtime\Cache\Home\52662f47793434ef7a33ef5f126b69f8.php 第 277 行.
NOTIC: [8] Undefined index: city D:\wamp\www\lvyou\Runtime\Cache\Home\52662f47793434ef7a33ef5f126b69f8.php 第 278 行.
NOTIC: [8] Undefined index: maxdays D:\wamp\www\lvyou\Runtime\Cache\Home\52662f47793434ef7a33ef5f126b69f8.php 第 279 行.
NOTIC: [8] Undefined index: audition D:\wamp\www\lvyou\Runtime\Cache\Home\52662f47793434ef7a33ef5f126b69f8.php 第 280 行.
NOTIC: [8] Undefined index: traffic D:\wamp\www\lvyou\Runtime\Cache\Home\52662f47793434ef7a33ef5f126b69f8.php 第 281 行.
NOTIC: [8] Undefined index: goods_id D:\wamp\www\lvyou\Runtime\Cache\Home\52662f47793434ef7a33ef5f126b69f8.php 第 293 行.
NOTIC: [8] Undefined variable: goods_extra D:\wamp\www\lvyou\Runtime\Cache\Home\52662f47793434ef7a33ef5f126b69f8.php 第 304 行.
NOTIC: [8] Undefined index: discount_price D:\wamp\www\lvyou\Runtime\Cache\Home\52662f47793434ef7a33ef5f126b69f8.php 第 309 行.
NOTIC: [8] Undefined index: item_body D:\wamp\www\lvyou\Runtime\Cache\Home\52662f47793434ef7a33ef5f126b69f8.php 第 319 行.
NOTIC: [8] Undefined variable: goods_extra D:\wamp\www\lvyou\Runtime\Cache\Home\52662f47793434ef7a33ef5f126b69f8.php 第 321 行.
NOTIC: [8] Undefined variable: hot_goods D:\wamp\www\lvyou\Runtime\Cache\Home\52662f47793434ef7a33ef5f126b69f8.php 第 356 行.
NOTIC: [8] Undefined index: goods_id D:\wamp\www\lvyou\Runtime\Cache\Home\52662f47793434ef7a33ef5f126b69f8.php 第 384 行.
NOTIC: [8] Undefined index: title D:\wamp\www\lvyou\Runtime\Cache\Home\52662f47793434ef7a33ef5f126b69f8.php 第 391 行.
NOTIC: [8] Undefined index: discount_price D:\wamp\www\lvyou\Runtime\Cache\Home\52662f47793434ef7a33ef5f126b69f8.php 第 400 行.
NOTIC: [8] Undefined index: child_price D:\wamp\www\lvyou\Runtime\Cache\Home\52662f47793434ef7a33ef5f126b69f8.php 第 405 行.
INFO: Run Behavior\ParseTemplate [ RunTime:0.038118s ]
INFO: [ view_parse ] --END-- [ RunTime:0.038212s ]
INFO: [ view_filter ] --START--
INFO: Run Behavior\WriteHtmlCache [ RunTime:0.000719s ]
INFO: [ view_filter ] --END-- [ RunTime:0.000792s ]
INFO: [ app_end ] --START--
INFO: Run Behavior\ShowPageTrace [ RunTime:0.001209s ]
INFO: [ app_end ] --END-- [ RunTime:0.001296s ]

[ 2015-11-30T00:44:52+08:00 ] 127.0.0.1 /lvyou/index.php?s=/Home/Goods/cate/id/15.html
NOTIC: [8] Use of undefined constant UID - assumed 'UID' D:\wamp\www\lvyou\Lvyou\Home\Controller\HomeController.class.php 第 30 行.
SQL: SHOW COLUMNS FROM `ly_nav` [ RunTime:0.003512s ]
SQL: SELECT * FROM `ly_nav` ORDER BY sort ASC LIMIT 9   [ RunTime:0.000271s ]
SQL: SHOW COLUMNS FROM `ly_friendlink` [ RunTime:0.003234s ]
SQL: SELECT * FROM `ly_friendlink` WHERE ( `state` = 1 ) ORDER BY sort ASC LIMIT 9   [ RunTime:0.000241s ]
SQL: SHOW COLUMNS FROM `ly_category` [ RunTime:0.003803s ]
SQL: SELECT * FROM `ly_category` WHERE ( `status` = 1 ) AND ( `type` = 2 ) ORDER BY `sort` DESC,cate_id DESC LIMIT 8   [ RunTime:0.000728s ]
ERR: 1054:Unknown column 'cate_id' in 'order clause'
 [ SQL语句 ] : SELECT * FROM `ly_category` WHERE ( `status` = 1 ) AND ( `type` = 2 ) ORDER BY `sort` DESC,cate_id DESC LIMIT 8  
NOTIC: [2] Invalid argument supplied for foreach() D:\wamp\www\lvyou\Lvyou\Home\Controller\HomeController.class.php 第 133 行.
NOTIC: [8] Undefined variable: article D:\wamp\www\lvyou\Lvyou\Home\Controller\HomeController.class.php 第 138 行.
SQL: SHOW COLUMNS FROM `ly_category_goods` [ RunTime:0.004110s ]
SQL: SELECT * FROM `ly_category_goods` WHERE ( `id` = 15 ) LIMIT 1   [ RunTime:0.000272s ]
SQL: SHOW COLUMNS FROM `ly_search_keyword` [ RunTime:0.003331s ]
SQL: SELECT * FROM `ly_search_keyword` WHERE ( `isshow` = 1 ) ORDER BY times desc  [ RunTime:0.000279s ]
SQL: SHOW COLUMNS FROM `ly_support` [ RunTime:0.003035s ]
SQL: SELECT * FROM `ly_support` WHERE ( `status` = 1 ) ORDER BY sort desc  [ RunTime:0.000220s ]
SQL: SHOW COLUMNS FROM `ly_category_goods` [ RunTime:0.003738s ]
SQL: SELECT * FROM `ly_category_goods` WHERE ( `id` = 15 ) LIMIT 1   [ RunTime:0.000310s ]
SQL: SELECT * FROM `ly_category_goods` WHERE ( `p_id` = 15 )  [ RunTime:0.000211s ]
SQL: SHOW COLUMNS FROM `ly_goods` [ RunTime:0.003749s ]
SQL: SHOW COLUMNS FROM `ly_goods` [ RunTime:0.004335s ]
SQL: SELECT COUNT(*) AS tp_count FROM `ly_goods` WHERE ( `cate_id` = 15 ) AND ( `status` = 1 ) LIMIT 1   [ RunTime:0.000256s ]
SQL: SHOW COLUMNS FROM `ly_goods` [ RunTime:0.004036s ]
SQL: SELECT * FROM `ly_goods` WHERE ( `cate_id` = 15 ) AND ( `status` = 1 ) ORDER BY `sort` DESC,goods_id DESC LIMIT 0,10   [ RunTime:0.000398s ]
SQL: SELECT * FROM `ly_category_goods` WHERE ( `p_id` = 0 ) AND ( `status` = 1 ) ORDER BY sort ASC  [ RunTime:0.000239s ]
SQL: SELECT * FROM `ly_category_goods` WHERE ( `p_id` = 1 ) AND ( `status` = 1 ) ORDER BY sort ASC  [ RunTime:0.000219s ]
SQL: SELECT * FROM `ly_category_goods` WHERE ( `p_id` = 15 ) AND ( `status` = 1 ) ORDER BY sort ASC  [ RunTime:0.000227s ]
NOTIC: [2] Invalid argument supplied for foreach() D:\wamp\www\lvyou\Lvyou\Home\Model\CategoryGoodsModel.class.php 第 40 行.
SQL: SELECT * FROM `ly_category_goods` WHERE ( `p_id` = 16 ) AND ( `status` = 1 ) ORDER BY sort ASC  [ RunTime:0.000202s ]
NOTIC: [2] Invalid argument supplied for foreach() D:\wamp\www\lvyou\Lvyou\Home\Model\CategoryGoodsModel.class.php 第 40 行.
SQL: SELECT * FROM `ly_category_goods` WHERE ( `p_id` = 17 ) AND ( `status` = 1 ) ORDER BY sort ASC  [ RunTime:0.000258s ]
NOTIC: [2] Invalid argument supplied for foreach() D:\wamp\www\lvyou\Lvyou\Home\Model\CategoryGoodsModel.class.php 第 40 行.
SQL: SELECT * FROM `ly_category_goods` WHERE ( `p_id` = 2 ) AND ( `status` = 1 ) ORDER BY sort ASC  [ RunTime:0.000246s ]
SQL: SELECT * FROM `ly_category_goods` WHERE ( `p_id` = 18 ) AND ( `status` = 1 ) ORDER BY sort ASC  [ RunTime:0.000264s ]
NOTIC: [2] Invalid argument supplied for foreach() D:\wamp\www\lvyou\Lvyou\Home\Model\CategoryGoodsModel.class.php 第 40 行.
SQL: SELECT * FROM `ly_category_goods` WHERE ( `p_id` = 19 ) AND ( `status` = 1 ) ORDER BY sort ASC  [ RunTime:0.000199s ]
NOTIC: [2] Invalid argument supplied for foreach() D:\wamp\www\lvyou\Lvyou\Home\Model\CategoryGoodsModel.class.php 第 40 行.
SQL: SELECT * FROM `ly_category_goods` WHERE ( `p_id` = 20 ) AND ( `status` = 1 ) ORDER BY sort ASC  [ RunTime:0.000213s ]
NOTIC: [2] Invalid argument supplied for foreach() D:\wamp\www\lvyou\Lvyou\Home\Model\CategoryGoodsModel.class.php 第 40 行.
INFO: [ view_parse ] --START--
INFO: [ template_filter ] --START--
INFO: Run Behavior\ContentReplace [ RunTime:0.000545s ]
INFO: [ template_filter ] --END-- [ RunTime:0.000637s ]
NOTIC: [8] Undefined variable: ishome D:\wamp\www\lvyou\Runtime\Cache\Home\52662f47793434ef7a33ef5f126b69f8.php 第 190 行.
NOTIC: [8] Undefined index: cate_id D:\wamp\www\lvyou\Runtime\Cache\Home\52662f47793434ef7a33ef5f126b69f8.php 第 196 行.
NOTIC: [8] Undefined index: category_name D:\wamp\www\lvyou\Runtime\Cache\Home\52662f47793434ef7a33ef5f126b69f8.php 第 196 行.
NOTIC: [8] Undefined index: category_name D:\wamp\www\lvyou\Runtime\Cache\Home\52662f47793434ef7a33ef5f126b69f8.php 第 196 行.
NOTIC: [8] Undefined index: title D:\wamp\www\lvyou\Runtime\Cache\Home\52662f47793434ef7a33ef5f126b69f8.php 第 199 行.
NOTIC: [8] Undefined variable: msg D:\wamp\www\lvyou\Runtime\Cache\Home\52662f47793434ef7a33ef5f126b69f8.php 第 210 行.
NOTIC: [8] Undefined index: categoryname D:\wamp\www\lvyou\Runtime\Cache\Home\52662f47793434ef7a33ef5f126b69f8.php 第 213 行.
NOTIC: [8] Undefined index: title D:\wamp\www\lvyou\Runtime\Cache\Home\52662f47793434ef7a33ef5f126b69f8.php 第 217 行.
NOTIC: [8] Undefined index: pic_url D:\wamp\www\lvyou\Runtime\Cache\Home\52662f47793434ef7a33ef5f126b69f8.php 第 217 行.
NOTIC: [8] Undefined index: name D:\wamp\www\lvyou\Runtime\Cache\Home\52662f47793434ef7a33ef5f126b69f8.php 第 221 行.
NOTIC: [8] Undefined index: summary D:\wamp\www\lvyou\Runtime\Cache\Home\52662f47793434ef7a33ef5f126b69f8.php 第 225 行.
NOTIC: [8] Undefined index: tid D:\wamp\www\lvyou\Runtime\Cache\Home\52662f47793434ef7a33ef5f126b69f8.php 第 240 行.
NOTIC: [8] Undefined index: title D:\wamp\www\lvyou\Runtime\Cache\Home\52662f47793434ef7a33ef5f126b69f8.php 第 240 行.
NOTIC: [8] Undefined variable: goods_name D:\wamp\www\lvyou\Runtime\Cache\Home\52662f47793434ef7a33ef5f126b69f8.php 第 242 行.
NOTIC: [8] Undefined index: title D:\wamp\www\lvyou\Runtime\Cache\Home\52662f47793434ef7a33ef5f126b69f8.php 第 243 行.
NOTIC: [8] Undefined index: pic_url D:\wamp\www\lvyou\Runtime\Cache\Home\52662f47793434ef7a33ef5f126b69f8.php 第 243 行.
NOTIC: [8] Undefined index: goods_type D:\wamp\www\lvyou\Runtime\Cache\Home\52662f47793434ef7a33ef5f126b69f8.php 第 259 行.
NOTIC: [8] Undefined index: discount_price D:\wamp\www\lvyou\Runtime\Cache\Home\52662f47793434ef7a33ef5f126b69f8.php 第 273 行.
NOTIC: [8] Undefined index: price D:\wamp\www\lvyou\Runtime\Cache\Home\52662f47793434ef7a33ef5f126b69f8.php 第 274 行.
NOTIC: [8] Undefined index: days D:\wamp\www\lvyou\Runtime\Cache\Home\52662f47793434ef7a33ef5f126b69f8.php 第 275 行.
NOTIC: [8] Undefined index: invite D:\wamp\www\lvyou\Runtime\Cache\Home\52662f47793434ef7a33ef5f126b69f8.php 第 276 行.
NOTIC: [8] Undefined index: aheaddays D:\wamp\www\lvyou\Runtime\Cache\Home\52662f47793434ef7a33ef5f126b69f8.php 第 277 行.
NOTIC: [8] Undefined index: city D:\wamp\www\lvyou\Runtime\Cache\Home\52662f47793434ef7a33ef5f126b69f8.php 第 278 行.
NOTIC: [8] Undefined index: maxdays D:\wamp\www\lvyou\Runtime\Cache\Home\52662f47793434ef7a33ef5f126b69f8.php 第 279 行.
NOTIC: [8] Undefined index: audition D:\wamp\www\lvyou\Runtime\Cache\Home\52662f47793434ef7a33ef5f126b69f8.php 第 280 行.
NOTIC: [8] Undefined index: traffic D:\wamp\www\lvyou\Runtime\Cache\Home\52662f47793434ef7a33ef5f126b69f8.php 第 281 行.
NOTIC: [8] Undefined index: goods_id D:\wamp\www\lvyou\Runtime\Cache\Home\52662f47793434ef7a33ef5f126b69f8.php 第 293 行.
NOTIC: [8] Undefined variable: goods_extra D:\wamp\www\lvyou\Runtime\Cache\Home\52662f47793434ef7a33ef5f126b69f8.php 第 304 行.
NOTIC: [8] Undefined index: discount_price D:\wamp\www\lvyou\Runtime\Cache\Home\52662f47793434ef7a33ef5f126b69f8.php 第 309 行.
NOTIC: [8] Undefined index: item_body D:\wamp\www\lvyou\Runtime\Cache\Home\52662f47793434ef7a33ef5f126b69f8.php 第 319 行.
NOTIC: [8] Undefined variable: goods_extra D:\wamp\www\lvyou\Runtime\Cache\Home\52662f47793434ef7a33ef5f126b69f8.php 第 321 行.
NOTIC: [8] Undefined variable: hot_goods D:\wamp\www\lvyou\Runtime\Cache\Home\52662f47793434ef7a33ef5f126b69f8.php 第 356 行.
NOTIC: [8] Undefined index: goods_id D:\wamp\www\lvyou\Runtime\Cache\Home\52662f47793434ef7a33ef5f126b69f8.php 第 384 行.
NOTIC: [8] Undefined index: title D:\wamp\www\lvyou\Runtime\Cache\Home\52662f47793434ef7a33ef5f126b69f8.php 第 391 行.
NOTIC: [8] Undefined index: discount_price D:\wamp\www\lvyou\Runtime\Cache\Home\52662f47793434ef7a33ef5f126b69f8.php 第 400 行.
NOTIC: [8] Undefined index: child_price D:\wamp\www\lvyou\Runtime\Cache\Home\52662f47793434ef7a33ef5f126b69f8.php 第 405 行.
INFO: Run Behavior\ParseTemplate [ RunTime:0.032172s ]
INFO: [ view_parse ] --END-- [ RunTime:0.032258s ]
INFO: [ view_filter ] --START--
INFO: Run Behavior\WriteHtmlCache [ RunTime:0.000763s ]
INFO: [ view_filter ] --END-- [ RunTime:0.000837s ]
INFO: [ app_end ] --START--
INFO: Run Behavior\ShowPageTrace [ RunTime:0.000905s ]
INFO: [ app_end ] --END-- [ RunTime:0.000982s ]

[ 2015-11-30T00:45:51+08:00 ] 127.0.0.1 /lvyou/index.php?s=/Home/Goods/cate/id/15.html
NOTIC: [8] Use of undefined constant UID - assumed 'UID' D:\wamp\www\lvyou\Lvyou\Home\Controller\HomeController.class.php 第 30 行.
SQL: SHOW COLUMNS FROM `ly_nav` [ RunTime:0.003772s ]
SQL: SELECT * FROM `ly_nav` ORDER BY sort ASC LIMIT 9   [ RunTime:0.000306s ]
SQL: SHOW COLUMNS FROM `ly_friendlink` [ RunTime:0.004200s ]
SQL: SELECT * FROM `ly_friendlink` WHERE ( `state` = 1 ) ORDER BY sort ASC LIMIT 9   [ RunTime:0.000250s ]
SQL: SHOW COLUMNS FROM `ly_category` [ RunTime:0.003971s ]
SQL: SELECT * FROM `ly_category` WHERE ( `status` = 1 ) AND ( `type` = 2 ) ORDER BY `sort` DESC,cate_id DESC LIMIT 8   [ RunTime:0.000228s ]
ERR: 1054:Unknown column 'cate_id' in 'order clause'
 [ SQL语句 ] : SELECT * FROM `ly_category` WHERE ( `status` = 1 ) AND ( `type` = 2 ) ORDER BY `sort` DESC,cate_id DESC LIMIT 8  
NOTIC: [2] Invalid argument supplied for foreach() D:\wamp\www\lvyou\Lvyou\Home\Controller\HomeController.class.php 第 133 行.
NOTIC: [8] Undefined variable: article D:\wamp\www\lvyou\Lvyou\Home\Controller\HomeController.class.php 第 138 行.
SQL: SHOW COLUMNS FROM `ly_category_goods` [ RunTime:0.003564s ]
SQL: SELECT * FROM `ly_category_goods` WHERE ( `id` = 15 ) LIMIT 1   [ RunTime:0.000317s ]
SQL: SHOW COLUMNS FROM `ly_search_keyword` [ RunTime:0.003972s ]
SQL: SELECT * FROM `ly_search_keyword` WHERE ( `isshow` = 1 ) ORDER BY times desc  [ RunTime:0.000298s ]
SQL: SHOW COLUMNS FROM `ly_support` [ RunTime:0.003390s ]
SQL: SELECT * FROM `ly_support` WHERE ( `status` = 1 ) ORDER BY sort desc  [ RunTime:0.000253s ]
SQL: SHOW COLUMNS FROM `ly_category_goods` [ RunTime:0.003786s ]
SQL: SELECT * FROM `ly_category_goods` WHERE ( `id` = 15 ) LIMIT 1   [ RunTime:0.000281s ]
SQL: SELECT * FROM `ly_category_goods` WHERE ( `p_id` = 15 )  [ RunTime:0.000248s ]
SQL: SHOW COLUMNS FROM `ly_goods` [ RunTime:0.004653s ]
SQL: SHOW COLUMNS FROM `ly_goods` [ RunTime:0.004226s ]
SQL: SELECT COUNT(*) AS tp_count FROM `ly_goods` WHERE ( `cate_id` = 15 ) AND ( `status` = 1 ) LIMIT 1   [ RunTime:0.000283s ]
SQL: SHOW COLUMNS FROM `ly_goods` [ RunTime:0.004462s ]
SQL: SELECT * FROM `ly_goods` WHERE ( `cate_id` = 15 ) AND ( `status` = 1 ) ORDER BY `sort` DESC,goods_id DESC LIMIT 0,10   [ RunTime:0.000416s ]
SQL: SELECT * FROM `ly_category_goods` WHERE ( `p_id` = 0 ) AND ( `status` = 1 ) ORDER BY sort ASC  [ RunTime:0.000229s ]
SQL: SELECT * FROM `ly_category_goods` WHERE ( `p_id` = 1 ) AND ( `status` = 1 ) ORDER BY sort ASC  [ RunTime:0.000216s ]
SQL: SELECT * FROM `ly_category_goods` WHERE ( `p_id` = 15 ) AND ( `status` = 1 ) ORDER BY sort ASC  [ RunTime:0.000175s ]
NOTIC: [2] Invalid argument supplied for foreach() D:\wamp\www\lvyou\Lvyou\Home\Model\CategoryGoodsModel.class.php 第 40 行.
SQL: SELECT * FROM `ly_category_goods` WHERE ( `p_id` = 16 ) AND ( `status` = 1 ) ORDER BY sort ASC  [ RunTime:0.000190s ]
NOTIC: [2] Invalid argument supplied for foreach() D:\wamp\www\lvyou\Lvyou\Home\Model\CategoryGoodsModel.class.php 第 40 行.
SQL: SELECT * FROM `ly_category_goods` WHERE ( `p_id` = 17 ) AND ( `status` = 1 ) ORDER BY sort ASC  [ RunTime:0.000195s ]
NOTIC: [2] Invalid argument supplied for foreach() D:\wamp\www\lvyou\Lvyou\Home\Model\CategoryGoodsModel.class.php 第 40 行.
SQL: SELECT * FROM `ly_category_goods` WHERE ( `p_id` = 2 ) AND ( `status` = 1 ) ORDER BY sort ASC  [ RunTime:0.000231s ]
SQL: SELECT * FROM `ly_category_goods` WHERE ( `p_id` = 18 ) AND ( `status` = 1 ) ORDER BY sort ASC  [ RunTime:0.000188s ]
NOTIC: [2] Invalid argument supplied for foreach() D:\wamp\www\lvyou\Lvyou\Home\Model\CategoryGoodsModel.class.php 第 40 行.
SQL: SELECT * FROM `ly_category_goods` WHERE ( `p_id` = 19 ) AND ( `status` = 1 ) ORDER BY sort ASC  [ RunTime:0.000198s ]
NOTIC: [2] Invalid argument supplied for foreach() D:\wamp\www\lvyou\Lvyou\Home\Model\CategoryGoodsModel.class.php 第 40 行.
SQL: SELECT * FROM `ly_category_goods` WHERE ( `p_id` = 20 ) AND ( `status` = 1 ) ORDER BY sort ASC  [ RunTime:0.000216s ]
NOTIC: [2] Invalid argument supplied for foreach() D:\wamp\www\lvyou\Lvyou\Home\Model\CategoryGoodsModel.class.php 第 40 行.
INFO: [ view_parse ] --START--
INFO: [ template_filter ] --START--
INFO: Run Behavior\ContentReplace [ RunTime:0.000590s ]
INFO: [ template_filter ] --END-- [ RunTime:0.000685s ]
NOTIC: [8] Undefined variable: ishome D:\wamp\www\lvyou\Runtime\Cache\Home\52662f47793434ef7a33ef5f126b69f8.php 第 190 行.
NOTIC: [8] Undefined index: cate_id D:\wamp\www\lvyou\Runtime\Cache\Home\52662f47793434ef7a33ef5f126b69f8.php 第 196 行.
NOTIC: [8] Undefined index: category_name D:\wamp\www\lvyou\Runtime\Cache\Home\52662f47793434ef7a33ef5f126b69f8.php 第 196 行.
NOTIC: [8] Undefined index: category_name D:\wamp\www\lvyou\Runtime\Cache\Home\52662f47793434ef7a33ef5f126b69f8.php 第 196 行.
NOTIC: [8] Undefined index: title D:\wamp\www\lvyou\Runtime\Cache\Home\52662f47793434ef7a33ef5f126b69f8.php 第 199 行.
NOTIC: [8] Undefined variable: msg D:\wamp\www\lvyou\Runtime\Cache\Home\52662f47793434ef7a33ef5f126b69f8.php 第 210 行.
NOTIC: [8] Undefined index: categoryname D:\wamp\www\lvyou\Runtime\Cache\Home\52662f47793434ef7a33ef5f126b69f8.php 第 213 行.
NOTIC: [8] Undefined index: title D:\wamp\www\lvyou\Runtime\Cache\Home\52662f47793434ef7a33ef5f126b69f8.php 第 217 行.
NOTIC: [8] Undefined index: pic_url D:\wamp\www\lvyou\Runtime\Cache\Home\52662f47793434ef7a33ef5f126b69f8.php 第 217 行.
NOTIC: [8] Undefined index: name D:\wamp\www\lvyou\Runtime\Cache\Home\52662f47793434ef7a33ef5f126b69f8.php 第 221 行.
NOTIC: [8] Undefined index: summary D:\wamp\www\lvyou\Runtime\Cache\Home\52662f47793434ef7a33ef5f126b69f8.php 第 225 行.
NOTIC: [8] Undefined index: tid D:\wamp\www\lvyou\Runtime\Cache\Home\52662f47793434ef7a33ef5f126b69f8.php 第 240 行.
NOTIC: [8] Undefined index: title D:\wamp\www\lvyou\Runtime\Cache\Home\52662f47793434ef7a33ef5f126b69f8.php 第 240 行.
NOTIC: [8] Undefined variable: goods_name D:\wamp\www\lvyou\Runtime\Cache\Home\52662f47793434ef7a33ef5f126b69f8.php 第 242 行.
NOTIC: [8] Undefined index: title D:\wamp\www\lvyou\Runtime\Cache\Home\52662f47793434ef7a33ef5f126b69f8.php 第 243 行.
NOTIC: [8] Undefined index: pic_url D:\wamp\www\lvyou\Runtime\Cache\Home\52662f47793434ef7a33ef5f126b69f8.php 第 243 行.
NOTIC: [8] Undefined index: goods_type D:\wamp\www\lvyou\Runtime\Cache\Home\52662f47793434ef7a33ef5f126b69f8.php 第 259 行.
NOTIC: [8] Undefined index: discount_price D:\wamp\www\lvyou\Runtime\Cache\Home\52662f47793434ef7a33ef5f126b69f8.php 第 273 行.
NOTIC: [8] Undefined index: price D:\wamp\www\lvyou\Runtime\Cache\Home\52662f47793434ef7a33ef5f126b69f8.php 第 274 行.
NOTIC: [8] Undefined index: days D:\wamp\www\lvyou\Runtime\Cache\Home\52662f47793434ef7a33ef5f126b69f8.php 第 275 行.
NOTIC: [8] Undefined index: invite D:\wamp\www\lvyou\Runtime\Cache\Home\52662f47793434ef7a33ef5f126b69f8.php 第 276 行.
NOTIC: [8] Undefined index: aheaddays D:\wamp\www\lvyou\Runtime\Cache\Home\52662f47793434ef7a33ef5f126b69f8.php 第 277 行.
NOTIC: [8] Undefined index: city D:\wamp\www\lvyou\Runtime\Cache\Home\52662f47793434ef7a33ef5f126b69f8.php 第 278 行.
NOTIC: [8] Undefined index: maxdays D:\wamp\www\lvyou\Runtime\Cache\Home\52662f47793434ef7a33ef5f126b69f8.php 第 279 行.
NOTIC: [8] Undefined index: audition D:\wamp\www\lvyou\Runtime\Cache\Home\52662f47793434ef7a33ef5f126b69f8.php 第 280 行.
NOTIC: [8] Undefined index: traffic D:\wamp\www\lvyou\Runtime\Cache\Home\52662f47793434ef7a33ef5f126b69f8.php 第 281 行.
NOTIC: [8] Undefined index: goods_id D:\wamp\www\lvyou\Runtime\Cache\Home\52662f47793434ef7a33ef5f126b69f8.php 第 293 行.
NOTIC: [8] Undefined variable: goods_extra D:\wamp\www\lvyou\Runtime\Cache\Home\52662f47793434ef7a33ef5f126b69f8.php 第 304 行.
NOTIC: [8] Undefined index: discount_price D:\wamp\www\lvyou\Runtime\Cache\Home\52662f47793434ef7a33ef5f126b69f8.php 第 309 行.
NOTIC: [8] Undefined index: item_body D:\wamp\www\lvyou\Runtime\Cache\Home\52662f47793434ef7a33ef5f126b69f8.php 第 319 行.
NOTIC: [8] Undefined variable: goods_extra D:\wamp\www\lvyou\Runtime\Cache\Home\52662f47793434ef7a33ef5f126b69f8.php 第 321 行.
NOTIC: [8] Undefined variable: hot_goods D:\wamp\www\lvyou\Runtime\Cache\Home\52662f47793434ef7a33ef5f126b69f8.php 第 356 行.
NOTIC: [8] Undefined index: goods_id D:\wamp\www\lvyou\Runtime\Cache\Home\52662f47793434ef7a33ef5f126b69f8.php 第 384 行.
NOTIC: [8] Undefined index: title D:\wamp\www\lvyou\Runtime\Cache\Home\52662f47793434ef7a33ef5f126b69f8.php 第 391 行.
NOTIC: [8] Undefined index: discount_price D:\wamp\www\lvyou\Runtime\Cache\Home\52662f47793434ef7a33ef5f126b69f8.php 第 400 行.
NOTIC: [8] Undefined index: child_price D:\wamp\www\lvyou\Runtime\Cache\Home\52662f47793434ef7a33ef5f126b69f8.php 第 405 行.
INFO: Run Behavior\ParseTemplate [ RunTime:0.035138s ]
INFO: [ view_parse ] --END-- [ RunTime:0.035237s ]
INFO: [ view_filter ] --START--
INFO: Run Behavior\WriteHtmlCache [ RunTime:0.000656s ]
INFO: [ view_filter ] --END-- [ RunTime:0.000728s ]
INFO: [ app_end ] --START--
INFO: Run Behavior\ShowPageTrace [ RunTime:0.000895s ]
INFO: [ app_end ] --END-- [ RunTime:0.000970s ]

[ 2015-11-30T00:46:14+08:00 ] 127.0.0.1 /lvyou/index.php?s=/Home/Goods/cate/id/15.html
NOTIC: [8] Use of undefined constant UID - assumed 'UID' D:\wamp\www\lvyou\Lvyou\Home\Controller\HomeController.class.php 第 30 行.
SQL: SHOW COLUMNS FROM `ly_nav` [ RunTime:0.003666s ]
SQL: SELECT * FROM `ly_nav` ORDER BY sort ASC LIMIT 9   [ RunTime:0.000327s ]
SQL: SHOW COLUMNS FROM `ly_friendlink` [ RunTime:0.003362s ]
SQL: SELECT * FROM `ly_friendlink` WHERE ( `state` = 1 ) ORDER BY sort ASC LIMIT 9   [ RunTime:0.000235s ]
SQL: SHOW COLUMNS FROM `ly_category` [ RunTime:0.003893s ]
SQL: SELECT * FROM `ly_category` WHERE ( `status` = 1 ) AND ( `type` = 2 ) ORDER BY `sort` DESC,cate_id DESC LIMIT 8   [ RunTime:0.000195s ]
ERR: 1054:Unknown column 'cate_id' in 'order clause'
 [ SQL语句 ] : SELECT * FROM `ly_category` WHERE ( `status` = 1 ) AND ( `type` = 2 ) ORDER BY `sort` DESC,cate_id DESC LIMIT 8  
NOTIC: [2] Invalid argument supplied for foreach() D:\wamp\www\lvyou\Lvyou\Home\Controller\HomeController.class.php 第 133 行.
NOTIC: [8] Undefined variable: article D:\wamp\www\lvyou\Lvyou\Home\Controller\HomeController.class.php 第 138 行.
SQL: SHOW COLUMNS FROM `ly_category_goods` [ RunTime:0.006200s ]
SQL: SELECT * FROM `ly_category_goods` WHERE ( `id` = 15 ) LIMIT 1   [ RunTime:0.000313s ]
SQL: SHOW COLUMNS FROM `ly_search_keyword` [ RunTime:0.005727s ]
SQL: SELECT * FROM `ly_search_keyword` WHERE ( `isshow` = 1 ) ORDER BY times desc  [ RunTime:0.000455s ]
SQL: SHOW COLUMNS FROM `ly_support` [ RunTime:0.005116s ]
SQL: SELECT * FROM `ly_support` WHERE ( `status` = 1 ) ORDER BY sort desc  [ RunTime:0.000244s ]
SQL: SHOW COLUMNS FROM `ly_category_goods` [ RunTime:0.003598s ]
SQL: SELECT * FROM `ly_category_goods` WHERE ( `id` = 15 ) LIMIT 1   [ RunTime:0.000262s ]
SQL: SELECT * FROM `ly_category_goods` WHERE ( `p_id` = 15 )  [ RunTime:0.000199s ]
SQL: SHOW COLUMNS FROM `ly_goods` [ RunTime:0.003971s ]
SQL: SHOW COLUMNS FROM `ly_goods` [ RunTime:0.003902s ]
SQL: SELECT COUNT(*) AS tp_count FROM `ly_goods` WHERE ( `cate_id` = 15 ) AND ( `status` = 1 ) LIMIT 1   [ RunTime:0.000287s ]
SQL: SHOW COLUMNS FROM `ly_goods` [ RunTime:0.004415s ]
SQL: SELECT * FROM `ly_goods` WHERE ( `cate_id` = 15 ) AND ( `status` = 1 ) ORDER BY `sort` DESC,goods_id DESC LIMIT 0,10   [ RunTime:0.000464s ]
SQL: SELECT * FROM `ly_category_goods` WHERE ( `p_id` = 0 ) AND ( `status` = 1 ) ORDER BY sort ASC  [ RunTime:0.000321s ]
SQL: SELECT * FROM `ly_category_goods` WHERE ( `p_id` = 1 ) AND ( `status` = 1 ) ORDER BY sort ASC  [ RunTime:0.000237s ]
SQL: SELECT * FROM `ly_category_goods` WHERE ( `p_id` = 15 ) AND ( `status` = 1 ) ORDER BY sort ASC  [ RunTime:0.000188s ]
NOTIC: [2] Invalid argument supplied for foreach() D:\wamp\www\lvyou\Lvyou\Home\Model\CategoryGoodsModel.class.php 第 40 行.
SQL: SELECT * FROM `ly_category_goods` WHERE ( `p_id` = 16 ) AND ( `status` = 1 ) ORDER BY sort ASC  [ RunTime:0.000192s ]
NOTIC: [2] Invalid argument supplied for foreach() D:\wamp\www\lvyou\Lvyou\Home\Model\CategoryGoodsModel.class.php 第 40 行.
SQL: SELECT * FROM `ly_category_goods` WHERE ( `p_id` = 17 ) AND ( `status` = 1 ) ORDER BY sort ASC  [ RunTime:0.000183s ]
NOTIC: [2] Invalid argument supplied for foreach() D:\wamp\www\lvyou\Lvyou\Home\Model\CategoryGoodsModel.class.php 第 40 行.
SQL: SELECT * FROM `ly_category_goods` WHERE ( `p_id` = 2 ) AND ( `status` = 1 ) ORDER BY sort ASC  [ RunTime:0.000206s ]
SQL: SELECT * FROM `ly_category_goods` WHERE ( `p_id` = 18 ) AND ( `status` = 1 ) ORDER BY sort ASC  [ RunTime:0.000178s ]
NOTIC: [2] Invalid argument supplied for foreach() D:\wamp\www\lvyou\Lvyou\Home\Model\CategoryGoodsModel.class.php 第 40 行.
SQL: SELECT * FROM `ly_category_goods` WHERE ( `p_id` = 19 ) AND ( `status` = 1 ) ORDER BY sort ASC  [ RunTime:0.000179s ]
NOTIC: [2] Invalid argument supplied for foreach() D:\wamp\www\lvyou\Lvyou\Home\Model\CategoryGoodsModel.class.php 第 40 行.
SQL: SELECT * FROM `ly_category_goods` WHERE ( `p_id` = 20 ) AND ( `status` = 1 ) ORDER BY sort ASC  [ RunTime:0.000177s ]
NOTIC: [2] Invalid argument supplied for foreach() D:\wamp\www\lvyou\Lvyou\Home\Model\CategoryGoodsModel.class.php 第 40 行.
INFO: [ view_parse ] --START--
INFO: [ template_filter ] --START--
INFO: Run Behavior\ContentReplace [ RunTime:0.000544s ]
INFO: [ template_filter ] --END-- [ RunTime:0.000642s ]
NOTIC: [8] Undefined variable: ishome D:\wamp\www\lvyou\Runtime\Cache\Home\52662f47793434ef7a33ef5f126b69f8.php 第 190 行.
NOTIC: [8] Undefined index: cate_id D:\wamp\www\lvyou\Runtime\Cache\Home\52662f47793434ef7a33ef5f126b69f8.php 第 196 行.
NOTIC: [8] Undefined index: category_name D:\wamp\www\lvyou\Runtime\Cache\Home\52662f47793434ef7a33ef5f126b69f8.php 第 196 行.
NOTIC: [8] Undefined index: category_name D:\wamp\www\lvyou\Runtime\Cache\Home\52662f47793434ef7a33ef5f126b69f8.php 第 196 行.
NOTIC: [8] Undefined index: title D:\wamp\www\lvyou\Runtime\Cache\Home\52662f47793434ef7a33ef5f126b69f8.php 第 199 行.
NOTIC: [8] Undefined variable: msg D:\wamp\www\lvyou\Runtime\Cache\Home\52662f47793434ef7a33ef5f126b69f8.php 第 210 行.
NOTIC: [8] Undefined index: categoryname D:\wamp\www\lvyou\Runtime\Cache\Home\52662f47793434ef7a33ef5f126b69f8.php 第 213 行.
NOTIC: [8] Undefined index: title D:\wamp\www\lvyou\Runtime\Cache\Home\52662f47793434ef7a33ef5f126b69f8.php 第 217 行.
NOTIC: [8] Undefined index: pic_url D:\wamp\www\lvyou\Runtime\Cache\Home\52662f47793434ef7a33ef5f126b69f8.php 第 217 行.
NOTIC: [8] Undefined index: name D:\wamp\www\lvyou\Runtime\Cache\Home\52662f47793434ef7a33ef5f126b69f8.php 第 221 行.
NOTIC: [8] Undefined index: summary D:\wamp\www\lvyou\Runtime\Cache\Home\52662f47793434ef7a33ef5f126b69f8.php 第 225 行.
NOTIC: [8] Undefined index: tid D:\wamp\www\lvyou\Runtime\Cache\Home\52662f47793434ef7a33ef5f126b69f8.php 第 240 行.
NOTIC: [8] Undefined index: title D:\wamp\www\lvyou\Runtime\Cache\Home\52662f47793434ef7a33ef5f126b69f8.php 第 240 行.
NOTIC: [8] Undefined variable: goods_name D:\wamp\www\lvyou\Runtime\Cache\Home\52662f47793434ef7a33ef5f126b69f8.php 第 242 行.
NOTIC: [8] Undefined index: title D:\wamp\www\lvyou\Runtime\Cache\Home\52662f47793434ef7a33ef5f126b69f8.php 第 243 行.
NOTIC: [8] Undefined index: pic_url D:\wamp\www\lvyou\Runtime\Cache\Home\52662f47793434ef7a33ef5f126b69f8.php 第 243 行.
NOTIC: [8] Undefined index: goods_type D:\wamp\www\lvyou\Runtime\Cache\Home\52662f47793434ef7a33ef5f126b69f8.php 第 259 行.
NOTIC: [8] Undefined index: discount_price D:\wamp\www\lvyou\Runtime\Cache\Home\52662f47793434ef7a33ef5f126b69f8.php 第 273 行.
NOTIC: [8] Undefined index: price D:\wamp\www\lvyou\Runtime\Cache\Home\52662f47793434ef7a33ef5f126b69f8.php 第 274 行.
NOTIC: [8] Undefined index: days D:\wamp\www\lvyou\Runtime\Cache\Home\52662f47793434ef7a33ef5f126b69f8.php 第 275 行.
NOTIC: [8] Undefined index: invite D:\wamp\www\lvyou\Runtime\Cache\Home\52662f47793434ef7a33ef5f126b69f8.php 第 276 行.
NOTIC: [8] Undefined index: aheaddays D:\wamp\www\lvyou\Runtime\Cache\Home\52662f47793434ef7a33ef5f126b69f8.php 第 277 行.
NOTIC: [8] Undefined index: city D:\wamp\www\lvyou\Runtime\Cache\Home\52662f47793434ef7a33ef5f126b69f8.php 第 278 行.
NOTIC: [8] Undefined index: maxdays D:\wamp\www\lvyou\Runtime\Cache\Home\52662f47793434ef7a33ef5f126b69f8.php 第 279 行.
NOTIC: [8] Undefined index: audition D:\wamp\www\lvyou\Runtime\Cache\Home\52662f47793434ef7a33ef5f126b69f8.php 第 280 行.
NOTIC: [8] Undefined index: traffic D:\wamp\www\lvyou\Runtime\Cache\Home\52662f47793434ef7a33ef5f126b69f8.php 第 281 行.
NOTIC: [8] Undefined index: goods_id D:\wamp\www\lvyou\Runtime\Cache\Home\52662f47793434ef7a33ef5f126b69f8.php 第 293 行.
NOTIC: [8] Undefined variable: goods_extra D:\wamp\www\lvyou\Runtime\Cache\Home\52662f47793434ef7a33ef5f126b69f8.php 第 304 行.
NOTIC: [8] Undefined index: discount_price D:\wamp\www\lvyou\Runtime\Cache\Home\52662f47793434ef7a33ef5f126b69f8.php 第 309 行.
NOTIC: [8] Undefined index: item_body D:\wamp\www\lvyou\Runtime\Cache\Home\52662f47793434ef7a33ef5f126b69f8.php 第 319 行.
NOTIC: [8] Undefined variable: goods_extra D:\wamp\www\lvyou\Runtime\Cache\Home\52662f47793434ef7a33ef5f126b69f8.php 第 321 行.
NOTIC: [8] Undefined variable: hot_goods D:\wamp\www\lvyou\Runtime\Cache\Home\52662f47793434ef7a33ef5f126b69f8.php 第 356 行.
NOTIC: [8] Undefined index: goods_id D:\wamp\www\lvyou\Runtime\Cache\Home\52662f47793434ef7a33ef5f126b69f8.php 第 384 行.
NOTIC: [8] Undefined index: title D:\wamp\www\lvyou\Runtime\Cache\Home\52662f47793434ef7a33ef5f126b69f8.php 第 391 行.
NOTIC: [8] Undefined index: discount_price D:\wamp\www\lvyou\Runtime\Cache\Home\52662f47793434ef7a33ef5f126b69f8.php 第 400 行.
NOTIC: [8] Undefined index: child_price D:\wamp\www\lvyou\Runtime\Cache\Home\52662f47793434ef7a33ef5f126b69f8.php 第 405 行.
INFO: Run Behavior\ParseTemplate [ RunTime:0.032798s ]
INFO: [ view_parse ] --END-- [ RunTime:0.032885s ]
INFO: [ view_filter ] --START--
INFO: Run Behavior\WriteHtmlCache [ RunTime:0.000802s ]
INFO: [ view_filter ] --END-- [ RunTime:0.000880s ]
INFO: [ app_end ] --START--
INFO: Run Behavior\ShowPageTrace [ RunTime:0.000909s ]
INFO: [ app_end ] --END-- [ RunTime:0.000988s ]

[ 2015-11-30T00:46:30+08:00 ] 127.0.0.1 /lvyou/index.php?s=/Home/Goods/cate/id/15.html
NOTIC: [8] Use of undefined constant UID - assumed 'UID' D:\wamp\www\lvyou\Lvyou\Home\Controller\HomeController.class.php 第 30 行.
SQL: SHOW COLUMNS FROM `ly_nav` [ RunTime:0.039051s ]
SQL: SELECT * FROM `ly_nav` ORDER BY sort ASC LIMIT 9   [ RunTime:0.000308s ]
SQL: SHOW COLUMNS FROM `ly_friendlink` [ RunTime:0.004341s ]
SQL: SELECT * FROM `ly_friendlink` WHERE ( `state` = 1 ) ORDER BY sort ASC LIMIT 9   [ RunTime:0.000246s ]
SQL: SHOW COLUMNS FROM `ly_category` [ RunTime:0.005400s ]
SQL: SELECT * FROM `ly_category` WHERE ( `status` = 1 ) AND ( `type` = 2 ) ORDER BY `sort` DESC,cate_id DESC LIMIT 8   [ RunTime:0.000213s ]
ERR: 1054:Unknown column 'cate_id' in 'order clause'
 [ SQL语句 ] : SELECT * FROM `ly_category` WHERE ( `status` = 1 ) AND ( `type` = 2 ) ORDER BY `sort` DESC,cate_id DESC LIMIT 8  
NOTIC: [2] Invalid argument supplied for foreach() D:\wamp\www\lvyou\Lvyou\Home\Controller\HomeController.class.php 第 133 行.
NOTIC: [8] Undefined variable: article D:\wamp\www\lvyou\Lvyou\Home\Controller\HomeController.class.php 第 138 行.
SQL: SHOW COLUMNS FROM `ly_category_goods` [ RunTime:0.004629s ]
SQL: SELECT * FROM `ly_category_goods` WHERE ( `id` = 15 ) LIMIT 1   [ RunTime:0.000273s ]
SQL: SHOW COLUMNS FROM `ly_search_keyword` [ RunTime:0.003537s ]
SQL: SELECT * FROM `ly_search_keyword` WHERE ( `isshow` = 1 ) ORDER BY times desc  [ RunTime:0.000260s ]
SQL: SHOW COLUMNS FROM `ly_support` [ RunTime:0.005124s ]
SQL: SELECT * FROM `ly_support` WHERE ( `status` = 1 ) ORDER BY sort desc  [ RunTime:0.000213s ]
SQL: SHOW COLUMNS FROM `ly_category_goods` [ RunTime:0.004273s ]
SQL: SELECT * FROM `ly_category_goods` WHERE ( `id` = 15 ) LIMIT 1   [ RunTime:0.000288s ]
SQL: SELECT * FROM `ly_category_goods` WHERE ( `p_id` = 15 )  [ RunTime:0.000378s ]
SQL: SHOW COLUMNS FROM `ly_goods` [ RunTime:0.004795s ]
SQL: SHOW COLUMNS FROM `ly_goods` [ RunTime:0.004745s ]
SQL: SELECT COUNT(*) AS tp_count FROM `ly_goods` WHERE ( `cate_id` = 15 ) AND ( `status` = 1 ) LIMIT 1   [ RunTime:0.000262s ]
SQL: SHOW COLUMNS FROM `ly_goods` [ RunTime:0.005148s ]
SQL: SELECT * FROM `ly_goods` WHERE ( `cate_id` = 15 ) AND ( `status` = 1 ) ORDER BY `sort` DESC,goods_id DESC LIMIT 0,10   [ RunTime:0.000452s ]
SQL: SELECT * FROM `ly_category_goods` WHERE ( `p_id` = 0 ) AND ( `status` = 1 ) ORDER BY sort ASC  [ RunTime:0.000279s ]
SQL: SELECT * FROM `ly_category_goods` WHERE ( `p_id` = 1 ) AND ( `status` = 1 ) ORDER BY sort ASC  [ RunTime:0.000288s ]
SQL: SELECT * FROM `ly_category_goods` WHERE ( `p_id` = 15 ) AND ( `status` = 1 ) ORDER BY sort ASC  [ RunTime:0.000260s ]
NOTIC: [2] Invalid argument supplied for foreach() D:\wamp\www\lvyou\Lvyou\Home\Model\CategoryGoodsModel.class.php 第 40 行.
SQL: SELECT * FROM `ly_category_goods` WHERE ( `p_id` = 16 ) AND ( `status` = 1 ) ORDER BY sort ASC  [ RunTime:0.000222s ]
NOTIC: [2] Invalid argument supplied for foreach() D:\wamp\www\lvyou\Lvyou\Home\Model\CategoryGoodsModel.class.php 第 40 行.
SQL: SELECT * FROM `ly_category_goods` WHERE ( `p_id` = 17 ) AND ( `status` = 1 ) ORDER BY sort ASC  [ RunTime:0.000226s ]
NOTIC: [2] Invalid argument supplied for foreach() D:\wamp\www\lvyou\Lvyou\Home\Model\CategoryGoodsModel.class.php 第 40 行.
SQL: SELECT * FROM `ly_category_goods` WHERE ( `p_id` = 2 ) AND ( `status` = 1 ) ORDER BY sort ASC  [ RunTime:0.000234s ]
SQL: SELECT * FROM `ly_category_goods` WHERE ( `p_id` = 18 ) AND ( `status` = 1 ) ORDER BY sort ASC  [ RunTime:0.000208s ]
NOTIC: [2] Invalid argument supplied for foreach() D:\wamp\www\lvyou\Lvyou\Home\Model\CategoryGoodsModel.class.php 第 40 行.
SQL: SELECT * FROM `ly_category_goods` WHERE ( `p_id` = 19 ) AND ( `status` = 1 ) ORDER BY sort ASC  [ RunTime:0.000224s ]
NOTIC: [2] Invalid argument supplied for foreach() D:\wamp\www\lvyou\Lvyou\Home\Model\CategoryGoodsModel.class.php 第 40 行.
SQL: SELECT * FROM `ly_category_goods` WHERE ( `p_id` = 20 ) AND ( `status` = 1 ) ORDER BY sort ASC  [ RunTime:0.000201s ]
NOTIC: [2] Invalid argument supplied for foreach() D:\wamp\www\lvyou\Lvyou\Home\Model\CategoryGoodsModel.class.php 第 40 行.
INFO: [ view_parse ] --START--
INFO: [ template_filter ] --START--
INFO: Run Behavior\ContentReplace [ RunTime:0.000548s ]
INFO: [ template_filter ] --END-- [ RunTime:0.000656s ]
NOTIC: [8] Undefined variable: ishome D:\wamp\www\lvyou\Runtime\Cache\Home\52662f47793434ef7a33ef5f126b69f8.php 第 190 行.
NOTIC: [8] Undefined index: cate_id D:\wamp\www\lvyou\Runtime\Cache\Home\52662f47793434ef7a33ef5f126b69f8.php 第 196 行.
NOTIC: [8] Undefined index: category_name D:\wamp\www\lvyou\Runtime\Cache\Home\52662f47793434ef7a33ef5f126b69f8.php 第 196 行.
NOTIC: [8] Undefined index: category_name D:\wamp\www\lvyou\Runtime\Cache\Home\52662f47793434ef7a33ef5f126b69f8.php 第 196 行.
NOTIC: [8] Undefined index: title D:\wamp\www\lvyou\Runtime\Cache\Home\52662f47793434ef7a33ef5f126b69f8.php 第 199 行.
NOTIC: [8] Undefined variable: msg D:\wamp\www\lvyou\Runtime\Cache\Home\52662f47793434ef7a33ef5f126b69f8.php 第 210 行.
NOTIC: [8] Undefined index: title D:\wamp\www\lvyou\Runtime\Cache\Home\52662f47793434ef7a33ef5f126b69f8.php 第 217 行.
NOTIC: [8] Undefined index: pic_url D:\wamp\www\lvyou\Runtime\Cache\Home\52662f47793434ef7a33ef5f126b69f8.php 第 217 行.
NOTIC: [8] Undefined index: name D:\wamp\www\lvyou\Runtime\Cache\Home\52662f47793434ef7a33ef5f126b69f8.php 第 221 行.
NOTIC: [8] Undefined index: summary D:\wamp\www\lvyou\Runtime\Cache\Home\52662f47793434ef7a33ef5f126b69f8.php 第 225 行.
NOTIC: [8] Undefined index: tid D:\wamp\www\lvyou\Runtime\Cache\Home\52662f47793434ef7a33ef5f126b69f8.php 第 240 行.
NOTIC: [8] Undefined index: title D:\wamp\www\lvyou\Runtime\Cache\Home\52662f47793434ef7a33ef5f126b69f8.php 第 240 行.
NOTIC: [8] Undefined variable: goods_name D:\wamp\www\lvyou\Runtime\Cache\Home\52662f47793434ef7a33ef5f126b69f8.php 第 242 行.
NOTIC: [8] Undefined index: title D:\wamp\www\lvyou\Runtime\Cache\Home\52662f47793434ef7a33ef5f126b69f8.php 第 243 行.
NOTIC: [8] Undefined index: pic_url D:\wamp\www\lvyou\Runtime\Cache\Home\52662f47793434ef7a33ef5f126b69f8.php 第 243 行.
NOTIC: [8] Undefined index: goods_type D:\wamp\www\lvyou\Runtime\Cache\Home\52662f47793434ef7a33ef5f126b69f8.php 第 259 行.
NOTIC: [8] Undefined index: discount_price D:\wamp\www\lvyou\Runtime\Cache\Home\52662f47793434ef7a33ef5f126b69f8.php 第 273 行.
NOTIC: [8] Undefined index: price D:\wamp\www\lvyou\Runtime\Cache\Home\52662f47793434ef7a33ef5f126b69f8.php 第 274 行.
NOTIC: [8] Undefined index: days D:\wamp\www\lvyou\Runtime\Cache\Home\52662f47793434ef7a33ef5f126b69f8.php 第 275 行.
NOTIC: [8] Undefined index: invite D:\wamp\www\lvyou\Runtime\Cache\Home\52662f47793434ef7a33ef5f126b69f8.php 第 276 行.
NOTIC: [8] Undefined index: aheaddays D:\wamp\www\lvyou\Runtime\Cache\Home\52662f47793434ef7a33ef5f126b69f8.php 第 277 行.
NOTIC: [8] Undefined index: city D:\wamp\www\lvyou\Runtime\Cache\Home\52662f47793434ef7a33ef5f126b69f8.php 第 278 行.
NOTIC: [8] Undefined index: maxdays D:\wamp\www\lvyou\Runtime\Cache\Home\52662f47793434ef7a33ef5f126b69f8.php 第 279 行.
NOTIC: [8] Undefined index: audition D:\wamp\www\lvyou\Runtime\Cache\Home\52662f47793434ef7a33ef5f126b69f8.php 第 280 行.
NOTIC: [8] Undefined index: traffic D:\wamp\www\lvyou\Runtime\Cache\Home\52662f47793434ef7a33ef5f126b69f8.php 第 281 行.
NOTIC: [8] Undefined index: goods_id D:\wamp\www\lvyou\Runtime\Cache\Home\52662f47793434ef7a33ef5f126b69f8.php 第 293 行.
NOTIC: [8] Undefined variable: goods_extra D:\wamp\www\lvyou\Runtime\Cache\Home\52662f47793434ef7a33ef5f126b69f8.php 第 304 行.
NOTIC: [8] Undefined index: discount_price D:\wamp\www\lvyou\Runtime\Cache\Home\52662f47793434ef7a33ef5f126b69f8.php 第 309 行.
NOTIC: [8] Undefined index: item_body D:\wamp\www\lvyou\Runtime\Cache\Home\52662f47793434ef7a33ef5f126b69f8.php 第 319 行.
NOTIC: [8] Undefined variable: goods_extra D:\wamp\www\lvyou\Runtime\Cache\Home\52662f47793434ef7a33ef5f126b69f8.php 第 321 行.
NOTIC: [8] Undefined variable: hot_goods D:\wamp\www\lvyou\Runtime\Cache\Home\52662f47793434ef7a33ef5f126b69f8.php 第 356 行.
NOTIC: [8] Undefined index: goods_id D:\wamp\www\lvyou\Runtime\Cache\Home\52662f47793434ef7a33ef5f126b69f8.php 第 384 行.
NOTIC: [8] Undefined index: title D:\wamp\www\lvyou\Runtime\Cache\Home\52662f47793434ef7a33ef5f126b69f8.php 第 391 行.
NOTIC: [8] Undefined index: discount_price D:\wamp\www\lvyou\Runtime\Cache\Home\52662f47793434ef7a33ef5f126b69f8.php 第 400 行.
NOTIC: [8] Undefined index: child_price D:\wamp\www\lvyou\Runtime\Cache\Home\52662f47793434ef7a33ef5f126b69f8.php 第 405 行.
INFO: Run Behavior\ParseTemplate [ RunTime:0.037650s ]
INFO: [ view_parse ] --END-- [ RunTime:0.037752s ]
INFO: [ view_filter ] --START--
INFO: Run Behavior\WriteHtmlCache [ RunTime:0.001632s ]
INFO: [ view_filter ] --END-- [ RunTime:0.001715s ]
INFO: [ app_end ] --START--
INFO: Run Behavior\ShowPageTrace [ RunTime:0.003897s ]
INFO: [ app_end ] --END-- [ RunTime:0.003988s ]

[ 2015-11-30T00:48:05+08:00 ] 127.0.0.1 /lvyou/index.php?s=/Home/Goods/cate/id/15.html
NOTIC: [8] Use of undefined constant UID - assumed 'UID' D:\wamp\www\lvyou\Lvyou\Home\Controller\HomeController.class.php 第 30 行.
SQL: SHOW COLUMNS FROM `ly_nav` [ RunTime:0.004106s ]
SQL: SELECT * FROM `ly_nav` ORDER BY sort ASC LIMIT 9   [ RunTime:0.000374s ]
SQL: SHOW COLUMNS FROM `ly_friendlink` [ RunTime:0.003298s ]
SQL: SELECT * FROM `ly_friendlink` WHERE ( `state` = 1 ) ORDER BY sort ASC LIMIT 9   [ RunTime:0.000268s ]
SQL: SHOW COLUMNS FROM `ly_category` [ RunTime:0.005423s ]
SQL: SELECT * FROM `ly_category` WHERE ( `status` = 1 ) AND ( `type` = 2 ) ORDER BY `sort` DESC,cate_id DESC LIMIT 8   [ RunTime:0.000225s ]
ERR: 1054:Unknown column 'cate_id' in 'order clause'
 [ SQL语句 ] : SELECT * FROM `ly_category` WHERE ( `status` = 1 ) AND ( `type` = 2 ) ORDER BY `sort` DESC,cate_id DESC LIMIT 8  
NOTIC: [2] Invalid argument supplied for foreach() D:\wamp\www\lvyou\Lvyou\Home\Controller\HomeController.class.php 第 133 行.
NOTIC: [8] Undefined variable: article D:\wamp\www\lvyou\Lvyou\Home\Controller\HomeController.class.php 第 138 行.
SQL: SHOW COLUMNS FROM `ly_category_goods` [ RunTime:0.003586s ]
SQL: SELECT * FROM `ly_category_goods` WHERE ( `id` = 15 ) LIMIT 1   [ RunTime:0.000324s ]
SQL: SHOW COLUMNS FROM `ly_search_keyword` [ RunTime:0.005608s ]
SQL: SELECT * FROM `ly_search_keyword` WHERE ( `isshow` = 1 ) ORDER BY times desc  [ RunTime:0.000293s ]
SQL: SHOW COLUMNS FROM `ly_support` [ RunTime:0.003093s ]
SQL: SELECT * FROM `ly_support` WHERE ( `status` = 1 ) ORDER BY sort desc  [ RunTime:0.000233s ]
SQL: SHOW COLUMNS FROM `ly_category_goods` [ RunTime:0.004066s ]
SQL: SELECT * FROM `ly_category_goods` WHERE ( `id` = 15 ) LIMIT 1   [ RunTime:0.000368s ]
SQL: SELECT * FROM `ly_category_goods` WHERE ( `p_id` = 15 )  [ RunTime:0.000233s ]
SQL: SHOW COLUMNS FROM `ly_goods` [ RunTime:0.004086s ]
SQL: SHOW COLUMNS FROM `ly_goods` [ RunTime:0.004250s ]
SQL: SELECT COUNT(*) AS tp_count FROM `ly_goods` WHERE ( `cate_id` = 15 ) AND ( `status` = 1 ) LIMIT 1   [ RunTime:0.000270s ]
SQL: SHOW COLUMNS FROM `ly_goods` [ RunTime:0.004427s ]
SQL: SELECT * FROM `ly_goods` WHERE ( `cate_id` = 15 ) AND ( `status` = 1 ) ORDER BY `sort` DESC,goods_id DESC LIMIT 0,10   [ RunTime:0.000422s ]
SQL: SELECT * FROM `ly_category_goods` WHERE ( `p_id` = 0 ) AND ( `status` = 1 ) ORDER BY sort ASC  [ RunTime:0.000247s ]
SQL: SELECT * FROM `ly_category_goods` WHERE ( `p_id` = 1 ) AND ( `status` = 1 ) ORDER BY sort ASC  [ RunTime:0.000353s ]
SQL: SELECT * FROM `ly_category_goods` WHERE ( `p_id` = 15 ) AND ( `status` = 1 ) ORDER BY sort ASC  [ RunTime:0.000237s ]
NOTIC: [2] Invalid argument supplied for foreach() D:\wamp\www\lvyou\Lvyou\Home\Model\CategoryGoodsModel.class.php 第 40 行.
SQL: SELECT * FROM `ly_category_goods` WHERE ( `p_id` = 16 ) AND ( `status` = 1 ) ORDER BY sort ASC  [ RunTime:0.000370s ]
NOTIC: [2] Invalid argument supplied for foreach() D:\wamp\www\lvyou\Lvyou\Home\Model\CategoryGoodsModel.class.php 第 40 行.
SQL: SELECT * FROM `ly_category_goods` WHERE ( `p_id` = 17 ) AND ( `status` = 1 ) ORDER BY sort ASC  [ RunTime:0.000216s ]
NOTIC: [2] Invalid argument supplied for foreach() D:\wamp\www\lvyou\Lvyou\Home\Model\CategoryGoodsModel.class.php 第 40 行.
SQL: SELECT * FROM `ly_category_goods` WHERE ( `p_id` = 2 ) AND ( `status` = 1 ) ORDER BY sort ASC  [ RunTime:0.000218s ]
SQL: SELECT * FROM `ly_category_goods` WHERE ( `p_id` = 18 ) AND ( `status` = 1 ) ORDER BY sort ASC  [ RunTime:0.000175s ]
NOTIC: [2] Invalid argument supplied for foreach() D:\wamp\www\lvyou\Lvyou\Home\Model\CategoryGoodsModel.class.php 第 40 行.
SQL: SELECT * FROM `ly_category_goods` WHERE ( `p_id` = 19 ) AND ( `status` = 1 ) ORDER BY sort ASC  [ RunTime:0.000177s ]
NOTIC: [2] Invalid argument supplied for foreach() D:\wamp\www\lvyou\Lvyou\Home\Model\CategoryGoodsModel.class.php 第 40 行.
SQL: SELECT * FROM `ly_category_goods` WHERE ( `p_id` = 20 ) AND ( `status` = 1 ) ORDER BY sort ASC  [ RunTime:0.000207s ]
NOTIC: [2] Invalid argument supplied for foreach() D:\wamp\www\lvyou\Lvyou\Home\Model\CategoryGoodsModel.class.php 第 40 行.
INFO: [ view_parse ] --START--
INFO: [ template_filter ] --START--
INFO: Run Behavior\ContentReplace [ RunTime:0.000526s ]
INFO: [ template_filter ] --END-- [ RunTime:0.000622s ]
NOTIC: [8] Undefined variable: ishome D:\wamp\www\lvyou\Runtime\Cache\Home\52662f47793434ef7a33ef5f126b69f8.php 第 190 行.
NOTIC: [8] Undefined index: cate_id D:\wamp\www\lvyou\Runtime\Cache\Home\52662f47793434ef7a33ef5f126b69f8.php 第 196 行.
NOTIC: [8] Undefined index: category_name D:\wamp\www\lvyou\Runtime\Cache\Home\52662f47793434ef7a33ef5f126b69f8.php 第 196 行.
NOTIC: [8] Undefined index: category_name D:\wamp\www\lvyou\Runtime\Cache\Home\52662f47793434ef7a33ef5f126b69f8.php 第 196 行.
NOTIC: [8] Undefined index: title D:\wamp\www\lvyou\Runtime\Cache\Home\52662f47793434ef7a33ef5f126b69f8.php 第 199 行.
NOTIC: [8] Undefined variable: msg D:\wamp\www\lvyou\Runtime\Cache\Home\52662f47793434ef7a33ef5f126b69f8.php 第 210 行.
NOTIC: [8] Undefined index: name D:\wamp\www\lvyou\Runtime\Cache\Home\52662f47793434ef7a33ef5f126b69f8.php 第 221 行.
NOTIC: [8] Undefined index: summary D:\wamp\www\lvyou\Runtime\Cache\Home\52662f47793434ef7a33ef5f126b69f8.php 第 225 行.
NOTIC: [8] Undefined index: tid D:\wamp\www\lvyou\Runtime\Cache\Home\52662f47793434ef7a33ef5f126b69f8.php 第 240 行.
NOTIC: [8] Undefined index: title D:\wamp\www\lvyou\Runtime\Cache\Home\52662f47793434ef7a33ef5f126b69f8.php 第 240 行.
NOTIC: [8] Undefined variable: goods_name D:\wamp\www\lvyou\Runtime\Cache\Home\52662f47793434ef7a33ef5f126b69f8.php 第 242 行.
NOTIC: [8] Undefined index: title D:\wamp\www\lvyou\Runtime\Cache\Home\52662f47793434ef7a33ef5f126b69f8.php 第 243 行.
NOTIC: [8] Undefined index: pic_url D:\wamp\www\lvyou\Runtime\Cache\Home\52662f47793434ef7a33ef5f126b69f8.php 第 243 行.
NOTIC: [8] Undefined index: goods_type D:\wamp\www\lvyou\Runtime\Cache\Home\52662f47793434ef7a33ef5f126b69f8.php 第 259 行.
NOTIC: [8] Undefined index: discount_price D:\wamp\www\lvyou\Runtime\Cache\Home\52662f47793434ef7a33ef5f126b69f8.php 第 273 行.
NOTIC: [8] Undefined index: price D:\wamp\www\lvyou\Runtime\Cache\Home\52662f47793434ef7a33ef5f126b69f8.php 第 274 行.
NOTIC: [8] Undefined index: days D:\wamp\www\lvyou\Runtime\Cache\Home\52662f47793434ef7a33ef5f126b69f8.php 第 275 行.
NOTIC: [8] Undefined index: invite D:\wamp\www\lvyou\Runtime\Cache\Home\52662f47793434ef7a33ef5f126b69f8.php 第 276 行.
NOTIC: [8] Undefined index: aheaddays D:\wamp\www\lvyou\Runtime\Cache\Home\52662f47793434ef7a33ef5f126b69f8.php 第 277 行.
NOTIC: [8] Undefined index: city D:\wamp\www\lvyou\Runtime\Cache\Home\52662f47793434ef7a33ef5f126b69f8.php 第 278 行.
NOTIC: [8] Undefined index: maxdays D:\wamp\www\lvyou\Runtime\Cache\Home\52662f47793434ef7a33ef5f126b69f8.php 第 279 行.
NOTIC: [8] Undefined index: audition D:\wamp\www\lvyou\Runtime\Cache\Home\52662f47793434ef7a33ef5f126b69f8.php 第 280 行.
NOTIC: [8] Undefined index: traffic D:\wamp\www\lvyou\Runtime\Cache\Home\52662f47793434ef7a33ef5f126b69f8.php 第 281 行.
NOTIC: [8] Undefined index: goods_id D:\wamp\www\lvyou\Runtime\Cache\Home\52662f47793434ef7a33ef5f126b69f8.php 第 293 行.
NOTIC: [8] Undefined variable: goods_extra D:\wamp\www\lvyou\Runtime\Cache\Home\52662f47793434ef7a33ef5f126b69f8.php 第 304 行.
NOTIC: [8] Undefined index: discount_price D:\wamp\www\lvyou\Runtime\Cache\Home\52662f47793434ef7a33ef5f126b69f8.php 第 309 行.
NOTIC: [8] Undefined index: item_body D:\wamp\www\lvyou\Runtime\Cache\Home\52662f47793434ef7a33ef5f126b69f8.php 第 319 行.
NOTIC: [8] Undefined variable: goods_extra D:\wamp\www\lvyou\Runtime\Cache\Home\52662f47793434ef7a33ef5f126b69f8.php 第 321 行.
NOTIC: [8] Undefined variable: hot_goods D:\wamp\www\lvyou\Runtime\Cache\Home\52662f47793434ef7a33ef5f126b69f8.php 第 356 行.
NOTIC: [8] Undefined index: goods_id D:\wamp\www\lvyou\Runtime\Cache\Home\52662f47793434ef7a33ef5f126b69f8.php 第 384 行.
NOTIC: [8] Undefined index: title D:\wamp\www\lvyou\Runtime\Cache\Home\52662f47793434ef7a33ef5f126b69f8.php 第 391 行.
NOTIC: [8] Undefined index: discount_price D:\wamp\www\lvyou\Runtime\Cache\Home\52662f47793434ef7a33ef5f126b69f8.php 第 400 行.
NOTIC: [8] Undefined index: child_price D:\wamp\www\lvyou\Runtime\Cache\Home\52662f47793434ef7a33ef5f126b69f8.php 第 405 行.
INFO: Run Behavior\ParseTemplate [ RunTime:0.033353s ]
INFO: [ view_parse ] --END-- [ RunTime:0.033442s ]
INFO: [ view_filter ] --START--
INFO: Run Behavior\WriteHtmlCache [ RunTime:0.000531s ]
INFO: [ view_filter ] --END-- [ RunTime:0.000604s ]
INFO: [ app_end ] --START--
INFO: Run Behavior\ShowPageTrace [ RunTime:0.000815s ]
INFO: [ app_end ] --END-- [ RunTime:0.000896s ]

[ 2015-11-30T00:49:07+08:00 ] 127.0.0.1 /lvyou/index.php?s=/Home/Goods/cate/id/15.html
NOTIC: [8] Use of undefined constant UID - assumed 'UID' D:\wamp\www\lvyou\Lvyou\Home\Controller\HomeController.class.php 第 30 行.
SQL: SHOW COLUMNS FROM `ly_nav` [ RunTime:0.005101s ]
SQL: SELECT * FROM `ly_nav` ORDER BY sort ASC LIMIT 9   [ RunTime:0.000385s ]
SQL: SHOW COLUMNS FROM `ly_friendlink` [ RunTime:0.004134s ]
SQL: SELECT * FROM `ly_friendlink` WHERE ( `state` = 1 ) ORDER BY sort ASC LIMIT 9   [ RunTime:0.000306s ]
SQL: SHOW COLUMNS FROM `ly_category` [ RunTime:0.003810s ]
SQL: SELECT * FROM `ly_category` WHERE ( `status` = 1 ) AND ( `type` = 2 ) ORDER BY `sort` DESC,cate_id DESC LIMIT 8   [ RunTime:0.000226s ]
ERR: 1054:Unknown column 'cate_id' in 'order clause'
 [ SQL语句 ] : SELECT * FROM `ly_category` WHERE ( `status` = 1 ) AND ( `type` = 2 ) ORDER BY `sort` DESC,cate_id DESC LIMIT 8  
NOTIC: [2] Invalid argument supplied for foreach() D:\wamp\www\lvyou\Lvyou\Home\Controller\HomeController.class.php 第 133 行.
NOTIC: [8] Undefined variable: article D:\wamp\www\lvyou\Lvyou\Home\Controller\HomeController.class.php 第 138 行.
SQL: SHOW COLUMNS FROM `ly_category_goods` [ RunTime:0.003541s ]
SQL: SELECT * FROM `ly_category_goods` WHERE ( `id` = 15 ) LIMIT 1   [ RunTime:0.000306s ]
SQL: SHOW COLUMNS FROM `ly_search_keyword` [ RunTime:0.003054s ]
SQL: SELECT * FROM `ly_search_keyword` WHERE ( `isshow` = 1 ) ORDER BY times desc  [ RunTime:0.000920s ]
SQL: SHOW COLUMNS FROM `ly_support` [ RunTime:0.004533s ]
SQL: SELECT * FROM `ly_support` WHERE ( `status` = 1 ) ORDER BY sort desc  [ RunTime:0.000290s ]
SQL: SHOW COLUMNS FROM `ly_category_goods` [ RunTime:0.004556s ]
SQL: SELECT * FROM `ly_category_goods` WHERE ( `id` = 15 ) LIMIT 1   [ RunTime:0.000300s ]
SQL: SELECT * FROM `ly_category_goods` WHERE ( `p_id` = 15 )  [ RunTime:0.000272s ]
SQL: SHOW COLUMNS FROM `ly_goods` [ RunTime:0.004542s ]
SQL: SHOW COLUMNS FROM `ly_goods` [ RunTime:0.004157s ]
SQL: SELECT COUNT(*) AS tp_count FROM `ly_goods` WHERE ( `cate_id` = 15 ) AND ( `status` = 1 ) LIMIT 1   [ RunTime:0.000988s ]
SQL: SHOW COLUMNS FROM `ly_goods` [ RunTime:0.004109s ]
SQL: SELECT * FROM `ly_goods` WHERE ( `cate_id` = 15 ) AND ( `status` = 1 ) ORDER BY `sort` DESC,goods_id DESC LIMIT 0,10   [ RunTime:0.000403s ]
SQL: SELECT * FROM `ly_category_goods` WHERE ( `p_id` = 0 ) AND ( `status` = 1 ) ORDER BY sort ASC  [ RunTime:0.000245s ]
SQL: SELECT * FROM `ly_category_goods` WHERE ( `p_id` = 1 ) AND ( `status` = 1 ) ORDER BY sort ASC  [ RunTime:0.000278s ]
SQL: SELECT * FROM `ly_category_goods` WHERE ( `p_id` = 15 ) AND ( `status` = 1 ) ORDER BY sort ASC  [ RunTime:0.000785s ]
NOTIC: [2] Invalid argument supplied for foreach() D:\wamp\www\lvyou\Lvyou\Home\Model\CategoryGoodsModel.class.php 第 40 行.
SQL: SELECT * FROM `ly_category_goods` WHERE ( `p_id` = 16 ) AND ( `status` = 1 ) ORDER BY sort ASC  [ RunTime:0.000234s ]
NOTIC: [2] Invalid argument supplied for foreach() D:\wamp\www\lvyou\Lvyou\Home\Model\CategoryGoodsModel.class.php 第 40 行.
SQL: SELECT * FROM `ly_category_goods` WHERE ( `p_id` = 17 ) AND ( `status` = 1 ) ORDER BY sort ASC  [ RunTime:0.000267s ]
NOTIC: [2] Invalid argument supplied for foreach() D:\wamp\www\lvyou\Lvyou\Home\Model\CategoryGoodsModel.class.php 第 40 行.
SQL: SELECT * FROM `ly_category_goods` WHERE ( `p_id` = 2 ) AND ( `status` = 1 ) ORDER BY sort ASC  [ RunTime:0.000209s ]
SQL: SELECT * FROM `ly_category_goods` WHERE ( `p_id` = 18 ) AND ( `status` = 1 ) ORDER BY sort ASC  [ RunTime:0.000182s ]
NOTIC: [2] Invalid argument supplied for foreach() D:\wamp\www\lvyou\Lvyou\Home\Model\CategoryGoodsModel.class.php 第 40 行.
SQL: SELECT * FROM `ly_category_goods` WHERE ( `p_id` = 19 ) AND ( `status` = 1 ) ORDER BY sort ASC  [ RunTime:0.000195s ]
NOTIC: [2] Invalid argument supplied for foreach() D:\wamp\www\lvyou\Lvyou\Home\Model\CategoryGoodsModel.class.php 第 40 行.
SQL: SELECT * FROM `ly_category_goods` WHERE ( `p_id` = 20 ) AND ( `status` = 1 ) ORDER BY sort ASC  [ RunTime:0.000177s ]
NOTIC: [2] Invalid argument supplied for foreach() D:\wamp\www\lvyou\Lvyou\Home\Model\CategoryGoodsModel.class.php 第 40 行.
INFO: [ view_parse ] --START--
INFO: [ template_filter ] --START--
INFO: Run Behavior\ContentReplace [ RunTime:0.000526s ]
INFO: [ template_filter ] --END-- [ RunTime:0.000623s ]
NOTIC: [8] Undefined variable: ishome D:\wamp\www\lvyou\Runtime\Cache\Home\52662f47793434ef7a33ef5f126b69f8.php 第 190 行.
NOTIC: [8] Undefined index: cate_id D:\wamp\www\lvyou\Runtime\Cache\Home\52662f47793434ef7a33ef5f126b69f8.php 第 196 行.
NOTIC: [8] Undefined index: category_name D:\wamp\www\lvyou\Runtime\Cache\Home\52662f47793434ef7a33ef5f126b69f8.php 第 196 行.
NOTIC: [8] Undefined index: category_name D:\wamp\www\lvyou\Runtime\Cache\Home\52662f47793434ef7a33ef5f126b69f8.php 第 196 行.
NOTIC: [8] Undefined index: title D:\wamp\www\lvyou\Runtime\Cache\Home\52662f47793434ef7a33ef5f126b69f8.php 第 199 行.
NOTIC: [8] Undefined variable: msg D:\wamp\www\lvyou\Runtime\Cache\Home\52662f47793434ef7a33ef5f126b69f8.php 第 210 行.
NOTIC: [8] Undefined index: summary D:\wamp\www\lvyou\Runtime\Cache\Home\52662f47793434ef7a33ef5f126b69f8.php 第 225 行.
NOTIC: [8] Undefined index: tid D:\wamp\www\lvyou\Runtime\Cache\Home\52662f47793434ef7a33ef5f126b69f8.php 第 240 行.
NOTIC: [8] Undefined index: title D:\wamp\www\lvyou\Runtime\Cache\Home\52662f47793434ef7a33ef5f126b69f8.php 第 240 行.
NOTIC: [8] Undefined variable: goods_name D:\wamp\www\lvyou\Runtime\Cache\Home\52662f47793434ef7a33ef5f126b69f8.php 第 242 行.
NOTIC: [8] Undefined index: title D:\wamp\www\lvyou\Runtime\Cache\Home\52662f47793434ef7a33ef5f126b69f8.php 第 243 行.
NOTIC: [8] Undefined index: pic_url D:\wamp\www\lvyou\Runtime\Cache\Home\52662f47793434ef7a33ef5f126b69f8.php 第 243 行.
NOTIC: [8] Undefined index: goods_type D:\wamp\www\lvyou\Runtime\Cache\Home\52662f47793434ef7a33ef5f126b69f8.php 第 259 行.
NOTIC: [8] Undefined index: discount_price D:\wamp\www\lvyou\Runtime\Cache\Home\52662f47793434ef7a33ef5f126b69f8.php 第 273 行.
NOTIC: [8] Undefined index: price D:\wamp\www\lvyou\Runtime\Cache\Home\52662f47793434ef7a33ef5f126b69f8.php 第 274 行.
NOTIC: [8] Undefined index: days D:\wamp\www\lvyou\Runtime\Cache\Home\52662f47793434ef7a33ef5f126b69f8.php 第 275 行.
NOTIC: [8] Undefined index: invite D:\wamp\www\lvyou\Runtime\Cache\Home\52662f47793434ef7a33ef5f126b69f8.php 第 276 行.
NOTIC: [8] Undefined index: aheaddays D:\wamp\www\lvyou\Runtime\Cache\Home\52662f47793434ef7a33ef5f126b69f8.php 第 277 行.
NOTIC: [8] Undefined index: city D:\wamp\www\lvyou\Runtime\Cache\Home\52662f47793434ef7a33ef5f126b69f8.php 第 278 行.
NOTIC: [8] Undefined index: maxdays D:\wamp\www\lvyou\Runtime\Cache\Home\52662f47793434ef7a33ef5f126b69f8.php 第 279 行.
NOTIC: [8] Undefined index: audition D:\wamp\www\lvyou\Runtime\Cache\Home\52662f47793434ef7a33ef5f126b69f8.php 第 280 行.
NOTIC: [8] Undefined index: traffic D:\wamp\www\lvyou\Runtime\Cache\Home\52662f47793434ef7a33ef5f126b69f8.php 第 281 行.
NOTIC: [8] Undefined index: goods_id D:\wamp\www\lvyou\Runtime\Cache\Home\52662f47793434ef7a33ef5f126b69f8.php 第 293 行.
NOTIC: [8] Undefined variable: goods_extra D:\wamp\www\lvyou\Runtime\Cache\Home\52662f47793434ef7a33ef5f126b69f8.php 第 304 行.
NOTIC: [8] Undefined index: discount_price D:\wamp\www\lvyou\Runtime\Cache\Home\52662f47793434ef7a33ef5f126b69f8.php 第 309 行.
NOTIC: [8] Undefined index: item_body D:\wamp\www\lvyou\Runtime\Cache\Home\52662f47793434ef7a33ef5f126b69f8.php 第 319 行.
NOTIC: [8] Undefined variable: goods_extra D:\wamp\www\lvyou\Runtime\Cache\Home\52662f47793434ef7a33ef5f126b69f8.php 第 321 行.
NOTIC: [8] Undefined variable: hot_goods D:\wamp\www\lvyou\Runtime\Cache\Home\52662f47793434ef7a33ef5f126b69f8.php 第 356 行.
NOTIC: [8] Undefined index: goods_id D:\wamp\www\lvyou\Runtime\Cache\Home\52662f47793434ef7a33ef5f126b69f8.php 第 384 行.
NOTIC: [8] Undefined index: title D:\wamp\www\lvyou\Runtime\Cache\Home\52662f47793434ef7a33ef5f126b69f8.php 第 391 行.
NOTIC: [8] Undefined index: discount_price D:\wamp\www\lvyou\Runtime\Cache\Home\52662f47793434ef7a33ef5f126b69f8.php 第 400 行.
NOTIC: [8] Undefined index: child_price D:\wamp\www\lvyou\Runtime\Cache\Home\52662f47793434ef7a33ef5f126b69f8.php 第 405 行.
INFO: Run Behavior\ParseTemplate [ RunTime:0.036451s ]
INFO: [ view_parse ] --END-- [ RunTime:0.036539s ]
INFO: [ view_filter ] --START--
INFO: Run Behavior\WriteHtmlCache [ RunTime:0.000755s ]
INFO: [ view_filter ] --END-- [ RunTime:0.000828s ]
INFO: [ app_end ] --START--
INFO: Run Behavior\ShowPageTrace [ RunTime:0.000887s ]
INFO: [ app_end ] --END-- [ RunTime:0.000961s ]

[ 2015-11-30T00:49:37+08:00 ] 127.0.0.1 /lvyou/index.php?s=/Home/Goods/cate/id/15.html
NOTIC: [8] Use of undefined constant UID - assumed 'UID' D:\wamp\www\lvyou\Lvyou\Home\Controller\HomeController.class.php 第 30 行.
SQL: SHOW COLUMNS FROM `ly_nav` [ RunTime:0.003861s ]
SQL: SELECT * FROM `ly_nav` ORDER BY sort ASC LIMIT 9   [ RunTime:0.000319s ]
SQL: SHOW COLUMNS FROM `ly_friendlink` [ RunTime:0.003217s ]
SQL: SELECT * FROM `ly_friendlink` WHERE ( `state` = 1 ) ORDER BY sort ASC LIMIT 9   [ RunTime:0.000273s ]
SQL: SHOW COLUMNS FROM `ly_category` [ RunTime:0.003848s ]
SQL: SELECT * FROM `ly_category` WHERE ( `status` = 1 ) AND ( `type` = 2 ) ORDER BY `sort` DESC,cate_id DESC LIMIT 8   [ RunTime:0.000223s ]
ERR: 1054:Unknown column 'cate_id' in 'order clause'
 [ SQL语句 ] : SELECT * FROM `ly_category` WHERE ( `status` = 1 ) AND ( `type` = 2 ) ORDER BY `sort` DESC,cate_id DESC LIMIT 8  
NOTIC: [2] Invalid argument supplied for foreach() D:\wamp\www\lvyou\Lvyou\Home\Controller\HomeController.class.php 第 133 行.
NOTIC: [8] Undefined variable: article D:\wamp\www\lvyou\Lvyou\Home\Controller\HomeController.class.php 第 138 行.
SQL: SHOW COLUMNS FROM `ly_category_goods` [ RunTime:0.004276s ]
SQL: SELECT * FROM `ly_category_goods` WHERE ( `id` = 15 ) LIMIT 1   [ RunTime:0.000628s ]
SQL: SHOW COLUMNS FROM `ly_search_keyword` [ RunTime:0.003205s ]
SQL: SELECT * FROM `ly_search_keyword` WHERE ( `isshow` = 1 ) ORDER BY times desc  [ RunTime:0.000276s ]
SQL: SHOW COLUMNS FROM `ly_support` [ RunTime:0.003019s ]
SQL: SELECT * FROM `ly_support` WHERE ( `status` = 1 ) ORDER BY sort desc  [ RunTime:0.000220s ]
SQL: SHOW COLUMNS FROM `ly_category_goods` [ RunTime:0.003703s ]
SQL: SELECT * FROM `ly_category_goods` WHERE ( `id` = 15 ) LIMIT 1   [ RunTime:0.000284s ]
SQL: SELECT * FROM `ly_category_goods` WHERE ( `p_id` = 15 )  [ RunTime:0.000233s ]
SQL: SHOW COLUMNS FROM `ly_goods` [ RunTime:0.004335s ]
SQL: SHOW COLUMNS FROM `ly_goods` [ RunTime:0.004039s ]
SQL: SELECT COUNT(*) AS tp_count FROM `ly_goods` WHERE ( `cate_id` = 15 ) AND ( `status` = 1 ) LIMIT 1   [ RunTime:0.000261s ]
SQL: SHOW COLUMNS FROM `ly_goods` [ RunTime:0.004685s ]
SQL: SELECT * FROM `ly_goods` WHERE ( `cate_id` = 15 ) AND ( `status` = 1 ) ORDER BY `sort` DESC,goods_id DESC LIMIT 0,10   [ RunTime:0.000441s ]
SQL: SELECT * FROM `ly_category_goods` WHERE ( `p_id` = 0 ) AND ( `status` = 1 ) ORDER BY sort ASC  [ RunTime:0.000239s ]
SQL: SELECT * FROM `ly_category_goods` WHERE ( `p_id` = 1 ) AND ( `status` = 1 ) ORDER BY sort ASC  [ RunTime:0.000235s ]
SQL: SELECT * FROM `ly_category_goods` WHERE ( `p_id` = 15 ) AND ( `status` = 1 ) ORDER BY sort ASC  [ RunTime:0.000213s ]
NOTIC: [2] Invalid argument supplied for foreach() D:\wamp\www\lvyou\Lvyou\Home\Model\CategoryGoodsModel.class.php 第 40 行.
SQL: SELECT * FROM `ly_category_goods` WHERE ( `p_id` = 16 ) AND ( `status` = 1 ) ORDER BY sort ASC  [ RunTime:0.000216s ]
NOTIC: [2] Invalid argument supplied for foreach() D:\wamp\www\lvyou\Lvyou\Home\Model\CategoryGoodsModel.class.php 第 40 行.
SQL: SELECT * FROM `ly_category_goods` WHERE ( `p_id` = 17 ) AND ( `status` = 1 ) ORDER BY sort ASC  [ RunTime:0.000211s ]
NOTIC: [2] Invalid argument supplied for foreach() D:\wamp\www\lvyou\Lvyou\Home\Model\CategoryGoodsModel.class.php 第 40 行.
SQL: SELECT * FROM `ly_category_goods` WHERE ( `p_id` = 2 ) AND ( `status` = 1 ) ORDER BY sort ASC  [ RunTime:0.000233s ]
SQL: SELECT * FROM `ly_category_goods` WHERE ( `p_id` = 18 ) AND ( `status` = 1 ) ORDER BY sort ASC  [ RunTime:0.000211s ]
NOTIC: [2] Invalid argument supplied for foreach() D:\wamp\www\lvyou\Lvyou\Home\Model\CategoryGoodsModel.class.php 第 40 行.
SQL: SELECT * FROM `ly_category_goods` WHERE ( `p_id` = 19 ) AND ( `status` = 1 ) ORDER BY sort ASC  [ RunTime:0.000224s ]
NOTIC: [2] Invalid argument supplied for foreach() D:\wamp\www\lvyou\Lvyou\Home\Model\CategoryGoodsModel.class.php 第 40 行.
SQL: SELECT * FROM `ly_category_goods` WHERE ( `p_id` = 20 ) AND ( `status` = 1 ) ORDER BY sort ASC  [ RunTime:0.000211s ]
NOTIC: [2] Invalid argument supplied for foreach() D:\wamp\www\lvyou\Lvyou\Home\Model\CategoryGoodsModel.class.php 第 40 行.
INFO: [ view_parse ] --START--
INFO: [ template_filter ] --START--
INFO: Run Behavior\ContentReplace [ RunTime:0.000525s ]
INFO: [ template_filter ] --END-- [ RunTime:0.000638s ]
NOTIC: [8] Undefined variable: ishome D:\wamp\www\lvyou\Runtime\Cache\Home\52662f47793434ef7a33ef5f126b69f8.php 第 190 行.
NOTIC: [8] Undefined index: cate_id D:\wamp\www\lvyou\Runtime\Cache\Home\52662f47793434ef7a33ef5f126b69f8.php 第 196 行.
NOTIC: [8] Undefined index: category_name D:\wamp\www\lvyou\Runtime\Cache\Home\52662f47793434ef7a33ef5f126b69f8.php 第 196 行.
NOTIC: [8] Undefined index: category_name D:\wamp\www\lvyou\Runtime\Cache\Home\52662f47793434ef7a33ef5f126b69f8.php 第 196 行.
NOTIC: [8] Undefined index: title D:\wamp\www\lvyou\Runtime\Cache\Home\52662f47793434ef7a33ef5f126b69f8.php 第 199 行.
NOTIC: [8] Undefined variable: msg D:\wamp\www\lvyou\Runtime\Cache\Home\52662f47793434ef7a33ef5f126b69f8.php 第 210 行.
NOTIC: [8] Undefined index: summary D:\wamp\www\lvyou\Runtime\Cache\Home\52662f47793434ef7a33ef5f126b69f8.php 第 225 行.
NOTIC: [8] Undefined index: tid D:\wamp\www\lvyou\Runtime\Cache\Home\52662f47793434ef7a33ef5f126b69f8.php 第 240 行.
NOTIC: [8] Undefined index: title D:\wamp\www\lvyou\Runtime\Cache\Home\52662f47793434ef7a33ef5f126b69f8.php 第 240 行.
NOTIC: [8] Undefined variable: goods_name D:\wamp\www\lvyou\Runtime\Cache\Home\52662f47793434ef7a33ef5f126b69f8.php 第 242 行.
NOTIC: [8] Undefined index: title D:\wamp\www\lvyou\Runtime\Cache\Home\52662f47793434ef7a33ef5f126b69f8.php 第 243 行.
NOTIC: [8] Undefined index: pic_url D:\wamp\www\lvyou\Runtime\Cache\Home\52662f47793434ef7a33ef5f126b69f8.php 第 243 行.
NOTIC: [8] Undefined index: goods_type D:\wamp\www\lvyou\Runtime\Cache\Home\52662f47793434ef7a33ef5f126b69f8.php 第 259 行.
NOTIC: [8] Undefined index: discount_price D:\wamp\www\lvyou\Runtime\Cache\Home\52662f47793434ef7a33ef5f126b69f8.php 第 273 行.
NOTIC: [8] Undefined index: price D:\wamp\www\lvyou\Runtime\Cache\Home\52662f47793434ef7a33ef5f126b69f8.php 第 274 行.
NOTIC: [8] Undefined index: days D:\wamp\www\lvyou\Runtime\Cache\Home\52662f47793434ef7a33ef5f126b69f8.php 第 275 行.
NOTIC: [8] Undefined index: invite D:\wamp\www\lvyou\Runtime\Cache\Home\52662f47793434ef7a33ef5f126b69f8.php 第 276 行.
NOTIC: [8] Undefined index: aheaddays D:\wamp\www\lvyou\Runtime\Cache\Home\52662f47793434ef7a33ef5f126b69f8.php 第 277 行.
NOTIC: [8] Undefined index: city D:\wamp\www\lvyou\Runtime\Cache\Home\52662f47793434ef7a33ef5f126b69f8.php 第 278 行.
NOTIC: [8] Undefined index: maxdays D:\wamp\www\lvyou\Runtime\Cache\Home\52662f47793434ef7a33ef5f126b69f8.php 第 279 行.
NOTIC: [8] Undefined index: audition D:\wamp\www\lvyou\Runtime\Cache\Home\52662f47793434ef7a33ef5f126b69f8.php 第 280 行.
NOTIC: [8] Undefined index: traffic D:\wamp\www\lvyou\Runtime\Cache\Home\52662f47793434ef7a33ef5f126b69f8.php 第 281 行.
NOTIC: [8] Undefined index: goods_id D:\wamp\www\lvyou\Runtime\Cache\Home\52662f47793434ef7a33ef5f126b69f8.php 第 293 行.
NOTIC: [8] Undefined variable: goods_extra D:\wamp\www\lvyou\Runtime\Cache\Home\52662f47793434ef7a33ef5f126b69f8.php 第 304 行.
NOTIC: [8] Undefined index: discount_price D:\wamp\www\lvyou\Runtime\Cache\Home\52662f47793434ef7a33ef5f126b69f8.php 第 309 行.
NOTIC: [8] Undefined index: item_body D:\wamp\www\lvyou\Runtime\Cache\Home\52662f47793434ef7a33ef5f126b69f8.php 第 319 行.
NOTIC: [8] Undefined variable: goods_extra D:\wamp\www\lvyou\Runtime\Cache\Home\52662f47793434ef7a33ef5f126b69f8.php 第 321 行.
NOTIC: [8] Undefined variable: hot_goods D:\wamp\www\lvyou\Runtime\Cache\Home\52662f47793434ef7a33ef5f126b69f8.php 第 356 行.
NOTIC: [8] Undefined index: goods_id D:\wamp\www\lvyou\Runtime\Cache\Home\52662f47793434ef7a33ef5f126b69f8.php 第 384 行.
NOTIC: [8] Undefined index: title D:\wamp\www\lvyou\Runtime\Cache\Home\52662f47793434ef7a33ef5f126b69f8.php 第 391 行.
NOTIC: [8] Undefined index: discount_price D:\wamp\www\lvyou\Runtime\Cache\Home\52662f47793434ef7a33ef5f126b69f8.php 第 400 行.
NOTIC: [8] Undefined index: child_price D:\wamp\www\lvyou\Runtime\Cache\Home\52662f47793434ef7a33ef5f126b69f8.php 第 405 行.
INFO: Run Behavior\ParseTemplate [ RunTime:0.036677s ]
INFO: [ view_parse ] --END-- [ RunTime:0.036766s ]
INFO: [ view_filter ] --START--
INFO: Run Behavior\WriteHtmlCache [ RunTime:0.000680s ]
INFO: [ view_filter ] --END-- [ RunTime:0.000752s ]
INFO: [ app_end ] --START--
INFO: Run Behavior\ShowPageTrace [ RunTime:0.000908s ]
INFO: [ app_end ] --END-- [ RunTime:0.000982s ]

