[ 2015-11-09T09:04:14+08:00 ] ::1 /lvyou/index.php?s=/Home/goods/cate/id/2.html
NOTIC: [8] Use of undefined constant UID - assumed 'UID' D:\xampp\htdocs\lvyou\Lvyou\Home\Controller\HomeController.class.php 第 30 行.
SQL: SHOW COLUMNS FROM `ly_nav` [ RunTime:0.015001s ]
SQL: SELECT * FROM `ly_nav` ORDER BY sort ASC LIMIT 9   [ RunTime:0.000000s ]
SQL: SHOW COLUMNS FROM `ly_friendlink` [ RunTime:0.030002s ]
SQL: SELECT * FROM `ly_friendlink` WHERE ( `state` = 1 ) ORDER BY sort ASC LIMIT 9   [ RunTime:0.001000s ]
SQL: SHOW COLUMNS FROM `ly_category` [ RunTime:0.017001s ]
SQL: SELECT * FROM `ly_category` WHERE ( `status` = 1 ) AND ( `type` = 2 ) ORDER BY `sort` DESC,cate_id DESC LIMIT 8   [ RunTime:0.000000s ]
ERR: 1054:Unknown column 'cate_id' in 'order clause'
 [ SQL语句 ] : SELECT * FROM `ly_category` WHERE ( `status` = 1 ) AND ( `type` = 2 ) ORDER BY `sort` DESC,cate_id DESC LIMIT 8  
NOTIC: [2] Invalid argument supplied for foreach() D:\xampp\htdocs\lvyou\Lvyou\Home\Controller\HomeController.class.php 第 133 行.
NOTIC: [8] Undefined variable: article D:\xampp\htdocs\lvyou\Lvyou\Home\Controller\HomeController.class.php 第 138 行.
SQL: SHOW COLUMNS FROM `ly_category_goods` [ RunTime:0.008000s ]
SQL: SELECT * FROM `ly_category_goods` WHERE ( `id` = 2 ) LIMIT 1   [ RunTime:0.007001s ]
SQL: SHOW COLUMNS FROM `ly_search_keyword` [ RunTime:0.014001s ]
SQL: SELECT * FROM `ly_search_keyword` WHERE ( `isshow` = 1 ) ORDER BY times desc  [ RunTime:0.001000s ]
SQL: SHOW COLUMNS FROM `ly_support` [ RunTime:0.007000s ]
SQL: SELECT * FROM `ly_support` WHERE ( `status` = 1 ) ORDER BY sort desc  [ RunTime:0.001000s ]
SQL: SHOW COLUMNS FROM `ly_category_goods` [ RunTime:0.003000s ]
SQL: SELECT * FROM `ly_category_goods` WHERE ( `id` = 2 ) LIMIT 1   [ RunTime:0.000000s ]
SQL: SELECT * FROM `ly_category_goods` WHERE ( `p_id` = 2 )  [ RunTime:0.000000s ]
SQL: SHOW COLUMNS FROM `ly_goods` [ RunTime:0.024002s ]
SQL: SELECT * FROM `ly_category_goods` WHERE ( `p_id` = 18 )  [ RunTime:0.001000s ]
NOTIC: [2] Invalid argument supplied for foreach() D:\xampp\htdocs\lvyou\Lvyou\Home\Model\CategoryGoodsModel.class.php 第 31 行.
SQL: SELECT * FROM `ly_goods` WHERE ( status = 1 and cate_id in (18) ) LIMIT 4   [ RunTime:0.013001s ]
SQL: SELECT * FROM `ly_category_goods` WHERE ( `p_id` = 19 )  [ RunTime:0.000000s ]
NOTIC: [2] Invalid argument supplied for foreach() D:\xampp\htdocs\lvyou\Lvyou\Home\Model\CategoryGoodsModel.class.php 第 31 行.
SQL: SELECT * FROM `ly_goods` WHERE ( status = 1 and cate_id in (19) ) LIMIT 4   [ RunTime:0.001000s ]
SQL: SELECT * FROM `ly_category_goods` WHERE ( `p_id` = 20 )  [ RunTime:0.000000s ]
NOTIC: [2] Invalid argument supplied for foreach() D:\xampp\htdocs\lvyou\Lvyou\Home\Model\CategoryGoodsModel.class.php 第 31 行.
SQL: SELECT * FROM `ly_goods` WHERE ( status = 1 and cate_id in (20) ) LIMIT 4   [ RunTime:0.000000s ]
SQL: SELECT * FROM `ly_category_goods` WHERE ( `p_id` = 0 ) AND ( `status` = 1 ) ORDER BY sort ASC  [ RunTime:0.000000s ]
SQL: SELECT * FROM `ly_category_goods` WHERE ( `p_id` = 1 ) AND ( `status` = 1 ) ORDER BY sort ASC  [ RunTime:0.000000s ]
SQL: SELECT * FROM `ly_category_goods` WHERE ( `p_id` = 15 ) AND ( `status` = 1 ) ORDER BY sort ASC  [ RunTime:0.001000s ]
NOTIC: [2] Invalid argument supplied for foreach() D:\xampp\htdocs\lvyou\Lvyou\Home\Model\CategoryGoodsModel.class.php 第 40 行.
SQL: SELECT * FROM `ly_category_goods` WHERE ( `p_id` = 16 ) AND ( `status` = 1 ) ORDER BY sort ASC  [ RunTime:0.000000s ]
NOTIC: [2] Invalid argument supplied for foreach() D:\xampp\htdocs\lvyou\Lvyou\Home\Model\CategoryGoodsModel.class.php 第 40 行.
SQL: SELECT * FROM `ly_category_goods` WHERE ( `p_id` = 17 ) AND ( `status` = 1 ) ORDER BY sort ASC  [ RunTime:0.000000s ]
NOTIC: [2] Invalid argument supplied for foreach() D:\xampp\htdocs\lvyou\Lvyou\Home\Model\CategoryGoodsModel.class.php 第 40 行.
SQL: SELECT * FROM `ly_category_goods` WHERE ( `p_id` = 2 ) AND ( `status` = 1 ) ORDER BY sort ASC  [ RunTime:0.000000s ]
SQL: SELECT * FROM `ly_category_goods` WHERE ( `p_id` = 18 ) AND ( `status` = 1 ) ORDER BY sort ASC  [ RunTime:0.000000s ]
NOTIC: [2] Invalid argument supplied for foreach() D:\xampp\htdocs\lvyou\Lvyou\Home\Model\CategoryGoodsModel.class.php 第 40 行.
SQL: SELECT * FROM `ly_category_goods` WHERE ( `p_id` = 19 ) AND ( `status` = 1 ) ORDER BY sort ASC  [ RunTime:0.001000s ]
NOTIC: [2] Invalid argument supplied for foreach() D:\xampp\htdocs\lvyou\Lvyou\Home\Model\CategoryGoodsModel.class.php 第 40 行.
SQL: SELECT * FROM `ly_category_goods` WHERE ( `p_id` = 20 ) AND ( `status` = 1 ) ORDER BY sort ASC  [ RunTime:0.000000s ]
NOTIC: [2] Invalid argument supplied for foreach() D:\xampp\htdocs\lvyou\Lvyou\Home\Model\CategoryGoodsModel.class.php 第 40 行.
SQL: SELECT * FROM `ly_category_goods` WHERE ( `p_id` = 4 ) AND ( `status` = 1 ) ORDER BY sort ASC  [ RunTime:0.001000s ]
SQL: SELECT * FROM `ly_category_goods` WHERE ( `p_id` = 9 ) AND ( `status` = 1 ) ORDER BY sort ASC  [ RunTime:0.000000s ]
NOTIC: [2] Invalid argument supplied for foreach() D:\xampp\htdocs\lvyou\Lvyou\Home\Model\CategoryGoodsModel.class.php 第 40 行.
SQL: SELECT * FROM `ly_category_goods` WHERE ( `p_id` = 14 ) AND ( `status` = 1 ) ORDER BY sort ASC  [ RunTime:0.000000s ]
NOTIC: [2] Invalid argument supplied for foreach() D:\xampp\htdocs\lvyou\Lvyou\Home\Model\CategoryGoodsModel.class.php 第 40 行.
SQL: SELECT * FROM `ly_category_goods` WHERE ( `p_id` = 10 ) AND ( `status` = 1 ) ORDER BY sort ASC  [ RunTime:0.000000s ]
SQL: SELECT * FROM `ly_category_goods` WHERE ( `p_id` = 11 ) AND ( `status` = 1 ) ORDER BY sort ASC  [ RunTime:0.000000s ]
NOTIC: [2] Invalid argument supplied for foreach() D:\xampp\htdocs\lvyou\Lvyou\Home\Model\CategoryGoodsModel.class.php 第 40 行.
SQL: SELECT * FROM `ly_category_goods` WHERE ( `p_id` = 12 ) AND ( `status` = 1 ) ORDER BY sort ASC  [ RunTime:0.000000s ]
SQL: SELECT * FROM `ly_category_goods` WHERE ( `p_id` = 13 ) AND ( `status` = 1 ) ORDER BY sort ASC  [ RunTime:0.000000s ]
NOTIC: [2] Invalid argument supplied for foreach() D:\xampp\htdocs\lvyou\Lvyou\Home\Model\CategoryGoodsModel.class.php 第 40 行.
INFO: [ view_parse ] --START--
INFO: [ template_filter ] --START--
INFO: Run Behavior\ContentReplace [ RunTime:0.000000s ]
INFO: [ template_filter ] --END-- [ RunTime:0.000000s ]
NOTIC: [8] Undefined variable: ishome D:\xampp\htdocs\lvyou\Runtime\Cache\Home\52662f47793434ef7a33ef5f126b69f8.php 第 188 行.
NOTIC: [2] Illegal string offset 'pid' D:\xampp\htdocs\lvyou\Runtime\Cache\Home\52662f47793434ef7a33ef5f126b69f8.php 第 399 行.
NOTIC: [2] Illegal string offset 'pid' D:\xampp\htdocs\lvyou\Runtime\Cache\Home\52662f47793434ef7a33ef5f126b69f8.php 第 399 行.
NOTIC: [2] Illegal string offset 'foot' D:\xampp\htdocs\lvyou\Runtime\Cache\Home\52662f47793434ef7a33ef5f126b69f8.php 第 399 行.
NOTIC: [2] Illegal string offset 'pid' D:\xampp\htdocs\lvyou\Runtime\Cache\Home\52662f47793434ef7a33ef5f126b69f8.php 第 399 行.
NOTIC: [2] Illegal string offset 'foot' D:\xampp\htdocs\lvyou\Runtime\Cache\Home\52662f47793434ef7a33ef5f126b69f8.php 第 399 行.
NOTIC: [2] Illegal string offset 'pid' D:\xampp\htdocs\lvyou\Runtime\Cache\Home\52662f47793434ef7a33ef5f126b69f8.php 第 399 行.
NOTIC: [2] Illegal string offset 'foot' D:\xampp\htdocs\lvyou\Runtime\Cache\Home\52662f47793434ef7a33ef5f126b69f8.php 第 399 行.
NOTIC: [2] Illegal string offset 'pid' D:\xampp\htdocs\lvyou\Runtime\Cache\Home\52662f47793434ef7a33ef5f126b69f8.php 第 399 行.
NOTIC: [2] Illegal string offset 'pid' D:\xampp\htdocs\lvyou\Runtime\Cache\Home\52662f47793434ef7a33ef5f126b69f8.php 第 399 行.
NOTIC: [2] Illegal string offset 'pid' D:\xampp\htdocs\lvyou\Runtime\Cache\Home\52662f47793434ef7a33ef5f126b69f8.php 第 399 行.
NOTIC: [2] Illegal string offset 'pid' D:\xampp\htdocs\lvyou\Runtime\Cache\Home\52662f47793434ef7a33ef5f126b69f8.php 第 399 行.
NOTIC: [2] Illegal string offset 'pid' D:\xampp\htdocs\lvyou\Runtime\Cache\Home\52662f47793434ef7a33ef5f126b69f8.php 第 399 行.
NOTIC: [2] Illegal string offset 'foot' D:\xampp\htdocs\lvyou\Runtime\Cache\Home\52662f47793434ef7a33ef5f126b69f8.php 第 399 行.
NOTIC: [2] Illegal string offset 'pid' D:\xampp\htdocs\lvyou\Runtime\Cache\Home\52662f47793434ef7a33ef5f126b69f8.php 第 399 行.
NOTIC: [2] Illegal string offset 'pid' D:\xampp\htdocs\lvyou\Runtime\Cache\Home\52662f47793434ef7a33ef5f126b69f8.php 第 399 行.
NOTIC: [2] Illegal string offset 'pid' D:\xampp\htdocs\lvyou\Runtime\Cache\Home\52662f47793434ef7a33ef5f126b69f8.php 第 399 行.
INFO: Run Behavior\ParseTemplate [ RunTime:0.166010s ]
INFO: [ view_parse ] --END-- [ RunTime:0.166010s ]
INFO: [ view_filter ] --START--
INFO: Run Behavior\WriteHtmlCache [ RunTime:0.006000s ]
INFO: [ view_filter ] --END-- [ RunTime:0.007000s ]
INFO: [ app_end ] --START--
INFO: Run Behavior\ShowPageTrace [ RunTime:0.007000s ]
INFO: [ app_end ] --END-- [ RunTime:0.007000s ]

[ 2015-11-09T09:04:15+08:00 ] ::1 /lvyou/index.php?s=/Admin/Banner/index.html
SQL: SHOW COLUMNS FROM `ly_menu` [ RunTime:0.082004s ]
SQL: SELECT * FROM `ly_menu` WHERE ( `pid` = 0 ) AND ( `hide` = 0 ) ORDER BY sort asc  [ RunTime:0.029002s ]
SQL: SELECT `id` FROM `ly_menu` WHERE ( url like '%Banner/index%' ) LIMIT 1   [ RunTime:0.000000s ]
SQL: SHOW COLUMNS FROM `ly_menu` [ RunTime:0.010001s ]
SQL: SELECT `id`,`pid`,`title` FROM `ly_menu` WHERE ( id=141 ) LIMIT 1   [ RunTime:0.001000s ]
SQL: SELECT `id`,`pid`,`title` FROM `ly_menu` WHERE ( id=93 ) LIMIT 1   [ RunTime:0.000000s ]
SQL: SELECT DISTINCT  `group` FROM `ly_menu` WHERE ( pid = 93 )  [ RunTime:0.000000s ]
SQL: SELECT `id`,`url` FROM `ly_menu` WHERE ( `pid` = 93 ) AND ( `hide` = 0 )  [ RunTime:0.001000s ]
SQL: SELECT `id`,`pid`,`title`,`url`,`tip` FROM `ly_menu` WHERE ( `group` = '系统设置' ) AND ( `pid` = 93 ) AND ( `hide` = 0 ) ORDER BY sort asc  [ RunTime:0.000000s ]
SQL: SELECT `id`,`pid`,`title`,`url`,`tip` FROM `ly_menu` WHERE ( `group` = '' ) AND ( `pid` = 93 ) AND ( `hide` = 0 ) ORDER BY sort asc  [ RunTime:0.001000s ]
SQL: SHOW COLUMNS FROM `ly_banner` [ RunTime:0.052003s ]
SQL: SELECT * FROM `ly_banner` ORDER BY `sort` desc,id desc  [ RunTime:0.000000s ]
INFO: [ view_parse ] --START--
INFO: [ template_filter ] --START--
INFO: Run Behavior\ContentReplace [ RunTime:0.000000s ]
INFO: [ template_filter ] --END-- [ RunTime:0.000000s ]
NOTIC: [8] Undefined variable: meta_title D:\xampp\htdocs\lvyou\Runtime\Cache\Admin\215daed32d93392089d1582a2ed15e02.php 第 5 行.
NOTIC: [8] Undefined index: sort_id D:\xampp\htdocs\lvyou\Runtime\Cache\Admin\215daed32d93392089d1582a2ed15e02.php 第 139 行.
NOTIC: [8] Undefined index: sort_id D:\xampp\htdocs\lvyou\Runtime\Cache\Admin\215daed32d93392089d1582a2ed15e02.php 第 139 行.
NOTIC: [8] Undefined index: sort_id D:\xampp\htdocs\lvyou\Runtime\Cache\Admin\215daed32d93392089d1582a2ed15e02.php 第 139 行.
INFO: Run Behavior\ParseTemplate [ RunTime:0.139008s ]
INFO: [ view_parse ] --END-- [ RunTime:0.139008s ]
INFO: [ view_filter ] --START--
INFO: Run Behavior\WriteHtmlCache [ RunTime:0.000000s ]
INFO: [ view_filter ] --END-- [ RunTime:0.000000s ]
INFO: [ app_end ] --START--
INFO: Run Behavior\ShowPageTrace [ RunTime:0.001000s ]
INFO: [ app_end ] --END-- [ RunTime:0.001000s ]

[ 2015-11-09T09:54:52+08:00 ] ::1 /lvyou/index.php?s=/Admin/Index/index.html
SQL: SHOW COLUMNS FROM `ly_menu` [ RunTime:0.076004s ]
SQL: SELECT * FROM `ly_menu` WHERE ( `pid` = 0 ) AND ( `hide` = 0 ) ORDER BY sort asc  [ RunTime:0.019001s ]
SQL: SELECT `id` FROM `ly_menu` WHERE ( url like '%Index/index%' ) LIMIT 1   [ RunTime:0.000000s ]
SQL: SHOW COLUMNS FROM `ly_menu` [ RunTime:0.005000s ]
SQL: SELECT `id`,`pid`,`title` FROM `ly_menu` WHERE ( id=1 ) LIMIT 1   [ RunTime:0.000000s ]
SQL: SELECT DISTINCT  `group` FROM `ly_menu` WHERE ( pid = 1 )  [ RunTime:0.002000s ]
SQL: SELECT `id`,`url` FROM `ly_menu` WHERE ( `pid` = 1 ) AND ( `hide` = 0 )  [ RunTime:0.001000s ]
INFO: [ view_parse ] --START--
INFO: [ template_filter ] --START--
INFO: Run Behavior\ContentReplace [ RunTime:0.000000s ]
INFO: [ template_filter ] --END-- [ RunTime:0.001000s ]
INFO: [ AdminIndex ] --START--
SQL: SHOW COLUMNS FROM `ly_addons` [ RunTime:0.066004s ]
SQL: SELECT `config` FROM `ly_addons` WHERE ( `name` = 'SiteStat' ) AND ( `status` = 1 ) LIMIT 1   [ RunTime:0.029001s ]
SQL: SHOW COLUMNS FROM `ly_member` [ RunTime:0.021001s ]
SQL: SELECT COUNT(*) AS tp_count FROM `ly_member` LIMIT 1   [ RunTime:0.021001s ]
SQL: SHOW COLUMNS FROM `ly_action_log` [ RunTime:0.014001s ]
SQL: SELECT COUNT(*) AS tp_count FROM `ly_action_log` LIMIT 1   [ RunTime:0.001000s ]
SQL: SHOW COLUMNS FROM `ly_document` [ RunTime:0.008001s ]
SQL: SELECT COUNT(*) AS tp_count FROM `ly_document` LIMIT 1   [ RunTime:0.001000s ]
SQL: SHOW COLUMNS FROM `ly_category` [ RunTime:0.006000s ]
SQL: SELECT COUNT(*) AS tp_count FROM `ly_category` LIMIT 1   [ RunTime:0.000000s ]
SQL: SHOW COLUMNS FROM `ly_model` [ RunTime:0.024001s ]
SQL: SELECT COUNT(*) AS tp_count FROM `ly_model` LIMIT 1   [ RunTime:0.000000s ]
INFO: [ view_parse ] --START--
INFO: [ template_filter ] --START--
INFO: Run Behavior\ContentReplace [ RunTime:0.000000s ]
INFO: [ template_filter ] --END-- [ RunTime:-0.286017s ]
INFO: Run Behavior\ParseTemplate [ RunTime:0.005001s ]
INFO: [ view_parse ] --END-- [ RunTime:0.005001s ]
INFO: [ view_filter ] --START--
INFO: Run Behavior\WriteHtmlCache [ RunTime:0.016001s ]
INFO: [ view_filter ] --END-- [ RunTime:0.016001s ]
INFO: Run SiteStat [ RunTime:0.269016s ]
SQL: SELECT `config` FROM `ly_addons` WHERE ( `name` = 'SystemInfo' ) AND ( `status` = 1 ) LIMIT 1   [ RunTime:0.000000s ]
INFO: [ view_parse ] --START--
INFO: [ template_filter ] --START--
INFO: Run Behavior\ContentReplace [ RunTime:0.000000s ]
INFO: [ template_filter ] --END-- [ RunTime:-0.486028s ]
SQL: select version() as v; [ RunTime:0.013001s ]
INFO: Run Behavior\ParseTemplate [ RunTime:0.029002s ]
INFO: [ view_parse ] --END-- [ RunTime:-0.196011s ]
INFO: [ view_filter ] --START--
INFO: Run Behavior\WriteHtmlCache [ RunTime:0.000000s ]
INFO: [ view_filter ] --END-- [ RunTime:-0.209012s ]
INFO: Run SystemInfo [ RunTime:0.209012s ]
INFO: [ AdminIndex ] --END-- [ RunTime:0.478028s ]
INFO: Run Behavior\ParseTemplate [ RunTime:0.029002s ]
INFO: [ view_parse ] --END-- [ RunTime:-0.196011s ]
INFO: [ view_filter ] --START--
INFO: Run Behavior\WriteHtmlCache [ RunTime:0.000000s ]
INFO: [ view_filter ] --END-- [ RunTime:-0.209012s ]
INFO: [ app_end ] --START--
INFO: Run Behavior\ShowPageTrace [ RunTime:0.002000s ]
INFO: [ app_end ] --END-- [ RunTime:0.002000s ]

[ 2015-11-09T09:54:54+08:00 ] ::1 /lvyou/index.php?s=/Admin/Goods/index.html
SQL: SHOW COLUMNS FROM `ly_menu` [ RunTime:0.005000s ]
SQL: SELECT * FROM `ly_menu` WHERE ( `pid` = 0 ) AND ( `hide` = 0 ) ORDER BY sort asc  [ RunTime:0.000000s ]
SQL: SELECT `id` FROM `ly_menu` WHERE ( url like '%Goods/index%' ) LIMIT 1   [ RunTime:0.000000s ]
SQL: SHOW COLUMNS FROM `ly_menu` [ RunTime:0.005000s ]
SQL: SELECT `id`,`pid`,`title` FROM `ly_menu` WHERE ( id=131 ) LIMIT 1   [ RunTime:0.000000s ]
SQL: SELECT DISTINCT  `group` FROM `ly_menu` WHERE ( pid = 131 )  [ RunTime:0.001000s ]
SQL: SELECT `id`,`url` FROM `ly_menu` WHERE ( `pid` = 131 ) AND ( `hide` = 0 )  [ RunTime:0.001000s ]
SQL: SELECT `id`,`pid`,`title`,`url`,`tip` FROM `ly_menu` WHERE ( `group` = '商品' ) AND ( `pid` = 131 ) AND ( `hide` = 0 ) ORDER BY sort asc  [ RunTime:0.001000s ]
SQL: SELECT `id`,`pid`,`title`,`url`,`tip` FROM `ly_menu` WHERE ( `group` = '采集' ) AND ( `pid` = 131 ) AND ( `hide` = 0 ) ORDER BY sort asc  [ RunTime:0.000000s ]
SQL: SELECT `id`,`pid`,`title`,`url`,`tip` FROM `ly_menu` WHERE ( `group` = '分类' ) AND ( `pid` = 131 ) AND ( `hide` = 0 ) ORDER BY sort asc  [ RunTime:0.000000s ]
SQL: SELECT `id`,`pid`,`title`,`url`,`tip` FROM `ly_menu` WHERE ( `group` = '专题' ) AND ( `pid` = 131 ) AND ( `hide` = 0 ) ORDER BY sort asc  [ RunTime:0.001000s ]
NOTIC: [8] Undefined variable: where D:\xampp\htdocs\lvyou\Lvyou\Admin\Controller\GoodsController.class.php 第 14 行.
SQL: SHOW COLUMNS FROM `ly_goods` [ RunTime:0.008001s ]
NOTIC: [8] Undefined index: where D:\xampp\htdocs\lvyou\Lvyou\Admin\Controller\AdminController.class.php 第 437 行.
SQL: SELECT COUNT(*) AS tp_count FROM `ly_goods` LIMIT 1   [ RunTime:0.000000s ]
SQL: SELECT `goods_id`,`goods_type`,`num_iid`,`title`,`cate_id`,`tid`,`add_id`,`add_uname`,`city`,`days`,`aheaddays`,`traffic`,`invite`,`audition`,`maxdays`,`discount_price`,`price`,`child_price`,`pic_url`,`item_body`,`status`,`seo_title`,`seo_keywords`,`seo_description`,`ctime`,`hits`,`favor`,`sort`,`tags` FROM `ly_goods` ORDER BY sort desc , goods_id desc LIMIT 0,10   [ RunTime:0.008001s ]
SQL: SHOW COLUMNS FROM `ly_category_goods` [ RunTime:0.004000s ]
NOTIC: [8] Undefined variable: where D:\xampp\htdocs\lvyou\Lvyou\Admin\Model\CategoryGoodsModel.class.php 第 13 行.
SQL: SELECT * FROM `ly_category_goods` WHERE (  status='1' ) ORDER BY p_id,sort  [ RunTime:0.016001s ]
INFO: [ view_parse ] --START--
INFO: [ template_filter ] --START--
INFO: Run Behavior\ContentReplace [ RunTime:0.001001s ]
INFO: [ template_filter ] --END-- [ RunTime:0.001001s ]
NOTIC: [8] Undefined variable: meta_title D:\xampp\htdocs\lvyou\Runtime\Cache\Admin\353933ef32884c0fc1221009ac460075.php 第 5 行.
INFO: Run Behavior\ParseTemplate [ RunTime:0.092005s ]
INFO: [ view_parse ] --END-- [ RunTime:0.092005s ]
INFO: [ view_filter ] --START--
INFO: Run Behavior\WriteHtmlCache [ RunTime:0.001000s ]
INFO: [ view_filter ] --END-- [ RunTime:0.001000s ]
INFO: [ app_end ] --START--
INFO: Run Behavior\ShowPageTrace [ RunTime:0.002001s ]
INFO: [ app_end ] --END-- [ RunTime:0.002001s ]

[ 2015-11-09T09:54:59+08:00 ] ::1 /lvyou/index.php?s=/Admin/CategoryGoods/index.html
SQL: SHOW COLUMNS FROM `ly_menu` [ RunTime:0.003000s ]
SQL: SELECT * FROM `ly_menu` WHERE ( `pid` = 0 ) AND ( `hide` = 0 ) ORDER BY sort asc  [ RunTime:0.001000s ]
SQL: SELECT `id` FROM `ly_menu` WHERE ( url like '%CategoryGoods/index%' ) LIMIT 1   [ RunTime:0.000000s ]
SQL: SHOW COLUMNS FROM `ly_menu` [ RunTime:0.003001s ]
SQL: SELECT `id`,`pid`,`title` FROM `ly_menu` WHERE ( id=135 ) LIMIT 1   [ RunTime:0.000000s ]
SQL: SELECT `id`,`pid`,`title` FROM `ly_menu` WHERE ( id=131 ) LIMIT 1   [ RunTime:0.000000s ]
SQL: SELECT DISTINCT  `group` FROM `ly_menu` WHERE ( pid = 131 )  [ RunTime:0.000000s ]
SQL: SELECT `id`,`url` FROM `ly_menu` WHERE ( `pid` = 131 ) AND ( `hide` = 0 )  [ RunTime:0.000000s ]
SQL: SELECT `id`,`pid`,`title`,`url`,`tip` FROM `ly_menu` WHERE ( `group` = '商品' ) AND ( `pid` = 131 ) AND ( `hide` = 0 ) ORDER BY sort asc  [ RunTime:0.000000s ]
SQL: SELECT `id`,`pid`,`title`,`url`,`tip` FROM `ly_menu` WHERE ( `group` = '采集' ) AND ( `pid` = 131 ) AND ( `hide` = 0 ) ORDER BY sort asc  [ RunTime:0.000000s ]
SQL: SELECT `id`,`pid`,`title`,`url`,`tip` FROM `ly_menu` WHERE ( `group` = '分类' ) AND ( `pid` = 131 ) AND ( `hide` = 0 ) ORDER BY sort asc  [ RunTime:0.000000s ]
SQL: SELECT `id`,`pid`,`title`,`url`,`tip` FROM `ly_menu` WHERE ( `group` = '专题' ) AND ( `pid` = 131 ) AND ( `hide` = 0 ) ORDER BY sort asc  [ RunTime:0.000000s ]
SQL: SHOW COLUMNS FROM `ly_category_goods` [ RunTime:0.003000s ]
SQL: SELECT * FROM `ly_category_goods` WHERE ( `p_id` = 0 ) ORDER BY `sort` desc,id desc  [ RunTime:0.000000s ]
INFO: [ view_parse ] --START--
INFO: [ template_filter ] --START--
INFO: Run Behavior\ContentReplace [ RunTime:0.000000s ]
INFO: [ template_filter ] --END-- [ RunTime:0.000000s ]
NOTIC: [8] Undefined variable: meta_title D:\xampp\htdocs\lvyou\Runtime\Cache\Admin\7e13a78254e1d9991f0c8adf73977ea2.php 第 5 行.
NOTIC: [8] Undefined index: sort_id D:\xampp\htdocs\lvyou\Runtime\Cache\Admin\7e13a78254e1d9991f0c8adf73977ea2.php 第 126 行.
NOTIC: [8] Undefined index: sort_id D:\xampp\htdocs\lvyou\Runtime\Cache\Admin\7e13a78254e1d9991f0c8adf73977ea2.php 第 126 行.
NOTIC: [8] Undefined index: sort_id D:\xampp\htdocs\lvyou\Runtime\Cache\Admin\7e13a78254e1d9991f0c8adf73977ea2.php 第 126 行.
NOTIC: [8] Undefined index: sort_id D:\xampp\htdocs\lvyou\Runtime\Cache\Admin\7e13a78254e1d9991f0c8adf73977ea2.php 第 126 行.
NOTIC: [8] Undefined index: sort_id D:\xampp\htdocs\lvyou\Runtime\Cache\Admin\7e13a78254e1d9991f0c8adf73977ea2.php 第 126 行.
INFO: Run Behavior\ParseTemplate [ RunTime:0.026002s ]
INFO: [ view_parse ] --END-- [ RunTime:0.026002s ]
INFO: [ view_filter ] --START--
INFO: Run Behavior\WriteHtmlCache [ RunTime:0.000000s ]
INFO: [ view_filter ] --END-- [ RunTime:0.000000s ]
INFO: [ app_end ] --START--
INFO: Run Behavior\ShowPageTrace [ RunTime:0.000000s ]
INFO: [ app_end ] --END-- [ RunTime:0.001000s ]

